TN:
SF:C:\Users\b_space\Documents\development\soen390\unit_test_master\ForRunnersSoen390\test\login_test.js
FN:2,(anonymous_1)
FN:12,(anonymous_2)
FN:21,(anonymous_3)
FN:23,(anonymous_4)
FN:48,(anonymous_5)
FN:66,(anonymous_6)
FN:88,(anonymous_7)
FN:108,(anonymous_8)
FNF:8
FNH:8
FNDA:1,(anonymous_1)
FNDA:5,(anonymous_2)
FNDA:1,(anonymous_3)
FNDA:1,(anonymous_4)
FNDA:1,(anonymous_5)
FNDA:1,(anonymous_6)
FNDA:1,(anonymous_7)
FNDA:1,(anonymous_8)
DA:2,1
DA:4,1
DA:6,1
DA:8,1
DA:9,1
DA:12,1
DA:15,5
DA:16,5
DA:17,5
DA:21,1
DA:23,1
DA:24,1
DA:25,1
DA:26,1
DA:33,1
DA:34,1
DA:40,0
DA:44,0
DA:45,0
DA:48,1
DA:49,1
DA:50,1
DA:51,1
DA:58,1
DA:59,1
DA:62,0
DA:63,0
DA:66,1
DA:67,1
DA:68,1
DA:69,1
DA:76,1
DA:77,1
DA:79,0
DA:83,0
DA:88,1
DA:89,1
DA:90,1
DA:91,1
DA:98,1
DA:99,1
DA:101,1
DA:102,1
DA:103,1
DA:104,1
DA:105,0
DA:108,1
DA:109,1
DA:110,1
DA:111,1
DA:118,1
DA:119,0
LF:52
LH:43
BRF:0
BRH:0
end_of_record
TN:
SF:C:\Users\b_space\Documents\development\soen390\unit_test_master\ForRunnersSoen390\test\profile_test.js
FN:2,(anonymous_1)
FN:9,(anonymous_2)
FN:17,(anonymous_3)
FN:18,(anonymous_4)
FNF:4
FNH:4
FNDA:1,(anonymous_1)
FNDA:1,(anonymous_2)
FNDA:1,(anonymous_3)
FNDA:1,(anonymous_4)
DA:2,1
DA:4,1
DA:6,1
DA:9,1
DA:12,1
DA:13,1
DA:17,1
DA:18,1
DA:19,1
DA:20,1
DA:27,0
DA:28,0
DA:34,0
DA:35,0
DA:36,0
DA:38,0
DA:39,0
LF:17
LH:10
BRF:0
BRH:0
end_of_record
TN:
SF:C:\Users\b_space\Documents\development\soen390\unit_test_master\ForRunnersSoen390\test\sign_up_test.js
FN:1,(anonymous_1)
FN:7,(anonymous_2)
FN:15,(anonymous_3)
FN:16,(anonymous_4)
FN:37,(anonymous_5)
FNF:5
FNH:4
FNDA:1,(anonymous_1)
FNDA:1,(anonymous_2)
FNDA:1,(anonymous_3)
FNDA:1,(anonymous_4)
FNDA:0,(anonymous_5)
DA:1,1
DA:3,1
DA:5,1
DA:7,1
DA:10,1
DA:11,1
DA:15,1
DA:16,1
DA:17,1
DA:18,1
DA:19,1
DA:26,1
DA:31,1
DA:32,0
DA:33,0
DA:37,0
DA:38,0
DA:39,0
DA:40,0
DA:47,0
DA:52,0
DA:53,0
DA:54,0
LF:23
LH:13
BRF:0
BRH:0
end_of_record
