TN:
SF:/Users/pierre/Desktop/SOEN-390/ForRunnersSoen390/www/js/app.js
FN:14,(anonymous_1)
FN:17,(anonymous_2)
FN:44,(anonymous_3)
FNF:3
FNH:0
FNDA:0,(anonymous_1)
FNDA:0,(anonymous_2)
FNDA:0,(anonymous_3)
DA:1,1
DA:17,0
DA:18,0
DA:22,0
DA:23,0
DA:26,0
DA:27,0
DA:30,0
DA:36,0
DA:38,0
DA:39,0
DA:54,0
DA:55,0
DA:56,0
DA:57,0
DA:58,0
DA:59,0
DA:60,0
DA:65,0
DA:68,0
DA:323,0
DA:324,0
DA:327,0
DA:330,0
DA:521,0
DA:704,0
DA:881,0
DA:1058,0
DA:1232,0
DA:1233,0
LF:30
LH:1
BRDA:22,1,0,0
BRDA:22,1,1,0
BRDA:22,2,0,0
BRDA:22,2,1,0
BRDA:26,3,0,0
BRDA:26,3,1,0
BRDA:38,4,0,0
BRDA:38,4,1,0
BRDA:58,5,0,0
BRDA:58,5,1,0
BRDA:323,6,0,0
BRDA:323,6,1,0
BRF:12
BRH:0
end_of_record
TN:
SF:/Users/pierre/Desktop/SOEN-390/ForRunnersSoen390/www/js/controllers.js
FN:4,(anonymous_1)
FN:6,(anonymous_2)
FN:11,(anonymous_3)
FN:13,(anonymous_4)
FN:18,(anonymous_5)
FN:20,(anonymous_6)
FN:25,(anonymous_7)
FN:29,(anonymous_8)
FN:55,(anonymous_9)
FN:65,(anonymous_10)
FN:66,(anonymous_11)
FN:72,(anonymous_12)
FN:86,PasswordController
FN:88,(anonymous_14)
FN:100,(anonymous_15)
FN:127,(anonymous_16)
FN:158,(anonymous_17)
FN:161,(anonymous_18)
FN:182,(anonymous_19)
FN:186,(anonymous_20)
FN:195,(anonymous_21)
FN:231,(anonymous_22)
FN:240,(anonymous_23)
FN:253,(anonymous_24)
FN:266,(anonymous_25)
FN:308,(anonymous_26)
FN:343,(anonymous_27)
FN:354,(anonymous_28)
FN:358,(anonymous_29)
FN:365,(anonymous_30)
FN:383,(anonymous_31)
FN:393,(anonymous_32)
FN:397,(anonymous_33)
FN:401,(anonymous_34)
FN:414,(anonymous_35)
FN:923,(anonymous_36)
FN:1072,(anonymous_37)
FN:1083,(anonymous_38)
FN:1090,(anonymous_39)
FN:1091,(anonymous_40)
FN:1100,(anonymous_41)
FN:1110,(anonymous_42)
FN:1117,(anonymous_43)
FN:1125,(anonymous_44)
FN:1129,(anonymous_45)
FN:1131,(anonymous_46)
FN:1146,(anonymous_47)
FN:1160,(anonymous_48)
FN:1161,(anonymous_49)
FN:1189,(anonymous_50)
FN:1197,(anonymous_51)
FN:1200,(anonymous_52)
FN:1201,(anonymous_53)
FN:1232,(anonymous_54)
FN:1244,(anonymous_55)
FN:1253,(anonymous_56)
FN:1265,(anonymous_57)
FN:1308,(anonymous_58)
FN:1314,(anonymous_59)
FN:1326,(anonymous_60)
FN:1332,(anonymous_61)
FN:1339,(anonymous_62)
FN:1350,(anonymous_63)
FN:1436,(anonymous_64)
FN:1440,(anonymous_65)
FN:1443,(anonymous_66)
FN:1444,(anonymous_67)
FN:1454,(anonymous_68)
FN:1459,(anonymous_69)
FN:1467,(anonymous_70)
FN:1475,(anonymous_71)
FN:1481,(anonymous_72)
FN:1487,(anonymous_73)
FN:1494,(anonymous_74)
FN:1510,(anonymous_75)
FN:1521,(anonymous_76)
FN:1542,(anonymous_77)
FN:1544,(anonymous_78)
FN:1546,(anonymous_79)
FN:1547,(anonymous_80)
FN:1559,(anonymous_81)
FN:1592,(anonymous_82)
FN:1597,(anonymous_83)
FN:1603,(anonymous_84)
FN:1610,(anonymous_85)
FN:1611,(anonymous_86)
FN:1628,(anonymous_87)
FN:1630,(anonymous_88)
FN:1637,(anonymous_89)
FN:1644,(anonymous_90)
FN:1662,(anonymous_91)
FN:1670,(anonymous_92)
FN:1671,(anonymous_93)
FN:1682,(anonymous_94)
FN:1692,(anonymous_95)
FN:1711,(anonymous_96)
FN:1720,(anonymous_97)
FN:1722,(anonymous_98)
FN:1732,(anonymous_99)
FN:1738,(anonymous_100)
FN:1740,(anonymous_101)
FN:1742,(anonymous_102)
FN:1743,(anonymous_103)
FN:1753,(anonymous_104)
FN:1758,(anonymous_105)
FN:1763,(anonymous_106)
FN:1772,(anonymous_107)
FN:1796,(anonymous_108)
FN:1805,(anonymous_109)
FN:1817,(anonymous_110)
FN:1828,(anonymous_111)
FN:1840,(anonymous_112)
FN:1844,(anonymous_113)
FN:1853,(anonymous_114)
FN:1857,(anonymous_115)
FN:1859,(anonymous_116)
FN:1866,(anonymous_117)
FN:1871,(anonymous_118)
FN:1877,(anonymous_119)
FN:1893,(anonymous_120)
FN:1896,(anonymous_121)
FN:1900,(anonymous_122)
FN:1903,(anonymous_123)
FN:1905,(anonymous_124)
FN:1921,(anonymous_125)
FN:1926,(anonymous_126)
FN:1939,(anonymous_127)
FN:1947,(anonymous_128)
FN:1955,(anonymous_129)
FN:2050,(anonymous_130)
FN:2053,(anonymous_131)
FN:2055,(anonymous_132)
FN:2068,(anonymous_133)
FN:2074,(anonymous_134)
FN:2077,(anonymous_135)
FN:2099,(anonymous_136)
FN:2113,(anonymous_137)
FN:2117,(anonymous_138)
FN:2125,(anonymous_139)
FN:2133,(anonymous_140)
FN:2181,(anonymous_141)
FN:2192,(anonymous_142)
FN:2196,(anonymous_143)
FN:2199,(anonymous_144)
FN:2202,(anonymous_145)
FN:2205,(anonymous_146)
FN:2209,(anonymous_147)
FN:2218,(anonymous_148)
FN:2233,(anonymous_149)
FN:2234,(anonymous_150)
FN:2252,(anonymous_151)
FN:2253,(anonymous_152)
FN:2259,(anonymous_153)
FN:2261,(anonymous_154)
FN:2262,(anonymous_155)
FN:2266,(anonymous_156)
FN:2267,(anonymous_157)
FN:2279,(anonymous_158)
FN:2287,(anonymous_159)
FN:2299,(anonymous_160)
FN:2311,(anonymous_161)
FN:2319,(anonymous_162)
FN:2328,(anonymous_163)
FN:2343,(anonymous_164)
FN:2348,(anonymous_165)
FN:2356,(anonymous_166)
FN:2365,(anonymous_167)
FN:2379,(anonymous_168)
FN:2386,(anonymous_169)
FN:2388,(anonymous_170)
FN:2441,(anonymous_171)
FN:2447,(anonymous_172)
FN:2467,(anonymous_173)
FN:2470,(anonymous_174)
FN:2480,(anonymous_175)
FN:2482,(anonymous_176)
FN:2483,(anonymous_177)
FN:2486,(anonymous_178)
FN:2517,(anonymous_179)
FN:2521,(anonymous_180)
FN:2532,(anonymous_181)
FN:2536,(anonymous_182)
FN:2547,(anonymous_183)
FN:2551,(anonymous_184)
FN:2576,(anonymous_185)
FN:2578,(anonymous_186)
FN:2631,(anonymous_187)
FN:2637,(anonymous_188)
FN:2657,(anonymous_189)
FN:2660,(anonymous_190)
FN:2670,(anonymous_191)
FN:2672,(anonymous_192)
FN:2673,(anonymous_193)
FN:2676,(anonymous_194)
FN:2707,(anonymous_195)
FN:2711,(anonymous_196)
FN:2722,(anonymous_197)
FN:2726,(anonymous_198)
FN:2737,(anonymous_199)
FN:2741,(anonymous_200)
FN:2766,(anonymous_201)
FN:2779,(anonymous_202)
FN:2789,(anonymous_203)
FN:2853,(anonymous_204)
FN:2873,(anonymous_205)
FN:2877,(anonymous_206)
FN:2905,(anonymous_207)
FN:3499,(anonymous_208)
FN:3513,(anonymous_209)
FN:3517,(anonymous_210)
FN:3521,(anonymous_211)
FN:3523,(anonymous_212)
FN:3533,(anonymous_213)
FN:3547,(anonymous_214)
FN:3553,(anonymous_215)
FN:3560,(anonymous_216)
FN:3621,(anonymous_217)
FN:3624,(anonymous_218)
FN:3630,(anonymous_219)
FN:3633,(anonymous_220)
FN:3656,(anonymous_221)
FN:3681,(anonymous_222)
FN:3695,(anonymous_223)
FN:3698,(anonymous_224)
FN:3705,(anonymous_225)
FN:3708,(anonymous_226)
FN:3718,(anonymous_227)
FN:3722,(anonymous_228)
FN:3725,(anonymous_229)
FN:3730,(anonymous_230)
FN:3740,(anonymous_231)
FN:3802,(anonymous_232)
FN:3886,(anonymous_233)
FN:3916,(anonymous_234)
FN:3957,(anonymous_235)
FN:3966,(anonymous_236)
FN:3969,(anonymous_237)
FN:3973,(anonymous_238)
FN:3990,(anonymous_239)
FN:4005,(anonymous_240)
FN:4010,(anonymous_241)
FN:4018,(anonymous_242)
FN:4023,(anonymous_243)
FN:4027,(anonymous_244)
FN:4033,(anonymous_245)
FN:4052,(anonymous_246)
FN:4064,(anonymous_247)
FN:4076,(anonymous_248)
FN:4080,(anonymous_249)
FN:4084,(anonymous_250)
FN:4089,(anonymous_251)
FN:4094,(anonymous_252)
FN:4099,(anonymous_253)
FN:4103,(anonymous_254)
FN:4106,(anonymous_255)
FN:4106,(anonymous_256)
FN:4119,(anonymous_257)
FN:4125,(anonymous_258)
FN:4131,(anonymous_259)
FN:4132,(anonymous_260)
FN:4141,(anonymous_261)
FN:4153,(anonymous_262)
FN:4165,(anonymous_263)
FN:4171,(anonymous_264)
FN:4181,(anonymous_265)
FN:4195,(anonymous_266)
FN:4211,(anonymous_267)
FN:4216,(anonymous_268)
FN:4221,(anonymous_269)
FN:4227,(anonymous_270)
FN:4228,(anonymous_271)
FN:4232,(anonymous_272)
FN:4237,(anonymous_273)
FN:4245,(anonymous_274)
FN:4248,(anonymous_275)
FN:4254,(anonymous_276)
FN:4259,(anonymous_277)
FN:4287,(anonymous_278)
FN:4289,(anonymous_279)
FN:4368,(anonymous_280)
FN:4385,(anonymous_281)
FN:4389,(anonymous_282)
FN:4393,(anonymous_283)
FN:4398,(anonymous_284)
FN:4403,(anonymous_285)
FN:4408,(anonymous_286)
FN:4412,(anonymous_287)
FN:4418,(anonymous_288)
FN:4436,(anonymous_289)
FN:4441,(anonymous_290)
FN:4445,(anonymous_291)
FN:4462,(anonymous_292)
FN:4467,(anonymous_293)
FN:4484,(anonymous_294)
FN:4498,(anonymous_295)
FN:4501,(anonymous_296)
FN:4535,(anonymous_297)
FN:4567,(anonymous_298)
FN:4586,(anonymous_299)
FN:4595,(anonymous_300)
FN:4596,(anonymous_301)
FN:4603,(anonymous_302)
FN:4618,(anonymous_303)
FN:4622,(anonymous_304)
FN:4686,(anonymous_305)
FN:4692,(anonymous_306)
FN:4705,(anonymous_307)
FN:4710,(anonymous_308)
FN:4723,(anonymous_309)
FN:4728,(anonymous_310)
FN:4741,(anonymous_311)
FN:4746,(anonymous_312)
FN:4759,(anonymous_313)
FN:4764,(anonymous_314)
FN:4775,(anonymous_315)
FN:4780,(anonymous_316)
FN:4792,(anonymous_317)
FN:4797,(anonymous_318)
FN:4805,(anonymous_319)
FN:4810,(anonymous_320)
FN:4816,(anonymous_321)
FN:4822,(anonymous_322)
FN:4828,(anonymous_323)
FN:4834,(anonymous_324)
FN:4841,(anonymous_325)
FN:4845,(anonymous_326)
FN:4859,(anonymous_327)
FN:4865,(anonymous_328)
FN:4888,(anonymous_329)
FN:4897,(anonymous_330)
FN:4899,(anonymous_331)
FN:4902,(anonymous_332)
FN:4907,(anonymous_333)
FN:4908,(anonymous_334)
FN:4915,(anonymous_335)
FN:4918,(anonymous_336)
FN:4927,(anonymous_337)
FN:4937,(anonymous_338)
FN:4950,(anonymous_339)
FN:4954,(anonymous_340)
FN:4960,(anonymous_341)
FN:5029,(anonymous_342)
FN:5038,(anonymous_343)
FN:5057,(anonymous_344)
FN:5066,(anonymous_345)
FN:5076,(anonymous_346)
FN:5080,(anonymous_347)
FN:5087,(anonymous_348)
FN:5088,(anonymous_349)
FN:5115,(anonymous_350)
FN:5117,(anonymous_351)
FN:5123,(anonymous_352)
FN:5130,(anonymous_353)
FN:5142,(anonymous_354)
FN:5158,(anonymous_355)
FN:5184,(anonymous_356)
FN:5187,(anonymous_357)
FN:5192,(anonymous_358)
FN:5201,(anonymous_359)
FN:5217,(anonymous_360)
FN:5224,(anonymous_361)
FN:5226,(anonymous_362)
FN:5228,(anonymous_363)
FN:5238,(anonymous_364)
FN:5248,(anonymous_365)
FN:5277,(anonymous_366)
FN:5281,(anonymous_367)
FN:5290,(anonymous_368)
FN:5297,(anonymous_369)
FN:5315,(anonymous_370)
FN:5326,(anonymous_371)
FN:5331,(anonymous_372)
FN:5359,(anonymous_373)
FN:5365,(anonymous_374)
FN:5433,(anonymous_375)
FN:5440,(anonymous_376)
FN:5446,(anonymous_377)
FN:5455,(anonymous_378)
FN:5464,(anonymous_379)
FN:5473,(anonymous_380)
FN:5477,(anonymous_381)
FN:5489,(anonymous_382)
FN:5503,(anonymous_383)
FN:5505,(anonymous_384)
FN:5509,(anonymous_385)
FN:5515,(anonymous_386)
FN:5526,(anonymous_387)
FN:5537,(anonymous_388)
FN:5541,(anonymous_389)
FN:5548,(anonymous_390)
FN:5550,(anonymous_391)
FN:5554,(anonymous_392)
FN:5564,buildMonth
FN:5619,CheckLeapYear
FN:5623,getRandomColor
FN:5641,(anonymous_396)
FN:5643,(anonymous_397)
FN:5651,(anonymous_398)
FN:5660,(anonymous_399)
FN:5677,(anonymous_400)
FN:5703,pad2
FN:5712,(anonymous_402)
FN:5719,(anonymous_403)
FN:5734,(anonymous_404)
FN:5742,(anonymous_405)
FN:5768,(anonymous_406)
FN:5772,(anonymous_407)
FNF:407
FNH:22
FNDA:0,(anonymous_1)
FNDA:0,(anonymous_2)
FNDA:0,(anonymous_3)
FNDA:0,(anonymous_4)
FNDA:0,(anonymous_5)
FNDA:0,(anonymous_6)
FNDA:0,(anonymous_7)
FNDA:0,(anonymous_8)
FNDA:0,(anonymous_9)
FNDA:0,(anonymous_10)
FNDA:0,(anonymous_11)
FNDA:0,(anonymous_12)
FNDA:0,PasswordController
FNDA:0,(anonymous_14)
FNDA:0,(anonymous_15)
FNDA:0,(anonymous_16)
FNDA:0,(anonymous_17)
FNDA:0,(anonymous_18)
FNDA:0,(anonymous_19)
FNDA:0,(anonymous_20)
FNDA:0,(anonymous_21)
FNDA:0,(anonymous_22)
FNDA:0,(anonymous_23)
FNDA:0,(anonymous_24)
FNDA:0,(anonymous_25)
FNDA:0,(anonymous_26)
FNDA:0,(anonymous_27)
FNDA:0,(anonymous_28)
FNDA:0,(anonymous_29)
FNDA:0,(anonymous_30)
FNDA:0,(anonymous_31)
FNDA:0,(anonymous_32)
FNDA:0,(anonymous_33)
FNDA:0,(anonymous_34)
FNDA:0,(anonymous_35)
FNDA:0,(anonymous_36)
FNDA:0,(anonymous_37)
FNDA:0,(anonymous_38)
FNDA:0,(anonymous_39)
FNDA:0,(anonymous_40)
FNDA:0,(anonymous_41)
FNDA:0,(anonymous_42)
FNDA:0,(anonymous_43)
FNDA:0,(anonymous_44)
FNDA:0,(anonymous_45)
FNDA:0,(anonymous_46)
FNDA:0,(anonymous_47)
FNDA:0,(anonymous_48)
FNDA:0,(anonymous_49)
FNDA:0,(anonymous_50)
FNDA:0,(anonymous_51)
FNDA:0,(anonymous_52)
FNDA:0,(anonymous_53)
FNDA:0,(anonymous_54)
FNDA:0,(anonymous_55)
FNDA:0,(anonymous_56)
FNDA:0,(anonymous_57)
FNDA:0,(anonymous_58)
FNDA:0,(anonymous_59)
FNDA:0,(anonymous_60)
FNDA:0,(anonymous_61)
FNDA:0,(anonymous_62)
FNDA:0,(anonymous_63)
FNDA:0,(anonymous_64)
FNDA:0,(anonymous_65)
FNDA:0,(anonymous_66)
FNDA:0,(anonymous_67)
FNDA:0,(anonymous_68)
FNDA:0,(anonymous_69)
FNDA:0,(anonymous_70)
FNDA:0,(anonymous_71)
FNDA:0,(anonymous_72)
FNDA:0,(anonymous_73)
FNDA:0,(anonymous_74)
FNDA:0,(anonymous_75)
FNDA:0,(anonymous_76)
FNDA:0,(anonymous_77)
FNDA:0,(anonymous_78)
FNDA:0,(anonymous_79)
FNDA:0,(anonymous_80)
FNDA:0,(anonymous_81)
FNDA:0,(anonymous_82)
FNDA:0,(anonymous_83)
FNDA:0,(anonymous_84)
FNDA:0,(anonymous_85)
FNDA:0,(anonymous_86)
FNDA:0,(anonymous_87)
FNDA:0,(anonymous_88)
FNDA:0,(anonymous_89)
FNDA:0,(anonymous_90)
FNDA:0,(anonymous_91)
FNDA:0,(anonymous_92)
FNDA:0,(anonymous_93)
FNDA:0,(anonymous_94)
FNDA:0,(anonymous_95)
FNDA:0,(anonymous_96)
FNDA:0,(anonymous_97)
FNDA:0,(anonymous_98)
FNDA:0,(anonymous_99)
FNDA:0,(anonymous_100)
FNDA:0,(anonymous_101)
FNDA:0,(anonymous_102)
FNDA:0,(anonymous_103)
FNDA:0,(anonymous_104)
FNDA:0,(anonymous_105)
FNDA:0,(anonymous_106)
FNDA:0,(anonymous_107)
FNDA:0,(anonymous_108)
FNDA:0,(anonymous_109)
FNDA:0,(anonymous_110)
FNDA:0,(anonymous_111)
FNDA:0,(anonymous_112)
FNDA:0,(anonymous_113)
FNDA:0,(anonymous_114)
FNDA:0,(anonymous_115)
FNDA:0,(anonymous_116)
FNDA:0,(anonymous_117)
FNDA:0,(anonymous_118)
FNDA:0,(anonymous_119)
FNDA:0,(anonymous_120)
FNDA:0,(anonymous_121)
FNDA:0,(anonymous_122)
FNDA:0,(anonymous_123)
FNDA:0,(anonymous_124)
FNDA:0,(anonymous_125)
FNDA:0,(anonymous_126)
FNDA:0,(anonymous_127)
FNDA:0,(anonymous_128)
FNDA:0,(anonymous_129)
FNDA:0,(anonymous_130)
FNDA:0,(anonymous_131)
FNDA:0,(anonymous_132)
FNDA:0,(anonymous_133)
FNDA:0,(anonymous_134)
FNDA:0,(anonymous_135)
FNDA:0,(anonymous_136)
FNDA:0,(anonymous_137)
FNDA:0,(anonymous_138)
FNDA:0,(anonymous_139)
FNDA:0,(anonymous_140)
FNDA:0,(anonymous_141)
FNDA:0,(anonymous_142)
FNDA:0,(anonymous_143)
FNDA:0,(anonymous_144)
FNDA:0,(anonymous_145)
FNDA:0,(anonymous_146)
FNDA:0,(anonymous_147)
FNDA:0,(anonymous_148)
FNDA:0,(anonymous_149)
FNDA:0,(anonymous_150)
FNDA:0,(anonymous_151)
FNDA:0,(anonymous_152)
FNDA:0,(anonymous_153)
FNDA:0,(anonymous_154)
FNDA:0,(anonymous_155)
FNDA:0,(anonymous_156)
FNDA:0,(anonymous_157)
FNDA:0,(anonymous_158)
FNDA:0,(anonymous_159)
FNDA:0,(anonymous_160)
FNDA:0,(anonymous_161)
FNDA:0,(anonymous_162)
FNDA:0,(anonymous_163)
FNDA:0,(anonymous_164)
FNDA:0,(anonymous_165)
FNDA:0,(anonymous_166)
FNDA:0,(anonymous_167)
FNDA:0,(anonymous_168)
FNDA:0,(anonymous_169)
FNDA:0,(anonymous_170)
FNDA:0,(anonymous_171)
FNDA:0,(anonymous_172)
FNDA:0,(anonymous_173)
FNDA:0,(anonymous_174)
FNDA:0,(anonymous_175)
FNDA:0,(anonymous_176)
FNDA:0,(anonymous_177)
FNDA:0,(anonymous_178)
FNDA:0,(anonymous_179)
FNDA:0,(anonymous_180)
FNDA:0,(anonymous_181)
FNDA:0,(anonymous_182)
FNDA:0,(anonymous_183)
FNDA:0,(anonymous_184)
FNDA:0,(anonymous_185)
FNDA:0,(anonymous_186)
FNDA:0,(anonymous_187)
FNDA:0,(anonymous_188)
FNDA:0,(anonymous_189)
FNDA:0,(anonymous_190)
FNDA:0,(anonymous_191)
FNDA:0,(anonymous_192)
FNDA:0,(anonymous_193)
FNDA:0,(anonymous_194)
FNDA:0,(anonymous_195)
FNDA:0,(anonymous_196)
FNDA:0,(anonymous_197)
FNDA:0,(anonymous_198)
FNDA:0,(anonymous_199)
FNDA:0,(anonymous_200)
FNDA:0,(anonymous_201)
FNDA:0,(anonymous_202)
FNDA:0,(anonymous_203)
FNDA:0,(anonymous_204)
FNDA:0,(anonymous_205)
FNDA:0,(anonymous_206)
FNDA:0,(anonymous_207)
FNDA:0,(anonymous_208)
FNDA:0,(anonymous_209)
FNDA:0,(anonymous_210)
FNDA:0,(anonymous_211)
FNDA:0,(anonymous_212)
FNDA:0,(anonymous_213)
FNDA:0,(anonymous_214)
FNDA:0,(anonymous_215)
FNDA:0,(anonymous_216)
FNDA:0,(anonymous_217)
FNDA:0,(anonymous_218)
FNDA:0,(anonymous_219)
FNDA:0,(anonymous_220)
FNDA:0,(anonymous_221)
FNDA:0,(anonymous_222)
FNDA:0,(anonymous_223)
FNDA:0,(anonymous_224)
FNDA:0,(anonymous_225)
FNDA:0,(anonymous_226)
FNDA:0,(anonymous_227)
FNDA:0,(anonymous_228)
FNDA:0,(anonymous_229)
FNDA:0,(anonymous_230)
FNDA:0,(anonymous_231)
FNDA:0,(anonymous_232)
FNDA:0,(anonymous_233)
FNDA:0,(anonymous_234)
FNDA:0,(anonymous_235)
FNDA:0,(anonymous_236)
FNDA:0,(anonymous_237)
FNDA:0,(anonymous_238)
FNDA:0,(anonymous_239)
FNDA:0,(anonymous_240)
FNDA:0,(anonymous_241)
FNDA:0,(anonymous_242)
FNDA:0,(anonymous_243)
FNDA:0,(anonymous_244)
FNDA:0,(anonymous_245)
FNDA:0,(anonymous_246)
FNDA:0,(anonymous_247)
FNDA:0,(anonymous_248)
FNDA:0,(anonymous_249)
FNDA:0,(anonymous_250)
FNDA:0,(anonymous_251)
FNDA:0,(anonymous_252)
FNDA:0,(anonymous_253)
FNDA:0,(anonymous_254)
FNDA:0,(anonymous_255)
FNDA:0,(anonymous_256)
FNDA:0,(anonymous_257)
FNDA:0,(anonymous_258)
FNDA:0,(anonymous_259)
FNDA:0,(anonymous_260)
FNDA:0,(anonymous_261)
FNDA:0,(anonymous_262)
FNDA:0,(anonymous_263)
FNDA:0,(anonymous_264)
FNDA:0,(anonymous_265)
FNDA:0,(anonymous_266)
FNDA:0,(anonymous_267)
FNDA:0,(anonymous_268)
FNDA:0,(anonymous_269)
FNDA:0,(anonymous_270)
FNDA:0,(anonymous_271)
FNDA:0,(anonymous_272)
FNDA:0,(anonymous_273)
FNDA:0,(anonymous_274)
FNDA:0,(anonymous_275)
FNDA:0,(anonymous_276)
FNDA:0,(anonymous_277)
FNDA:0,(anonymous_278)
FNDA:0,(anonymous_279)
FNDA:0,(anonymous_280)
FNDA:0,(anonymous_281)
FNDA:0,(anonymous_282)
FNDA:0,(anonymous_283)
FNDA:0,(anonymous_284)
FNDA:0,(anonymous_285)
FNDA:0,(anonymous_286)
FNDA:0,(anonymous_287)
FNDA:0,(anonymous_288)
FNDA:0,(anonymous_289)
FNDA:0,(anonymous_290)
FNDA:0,(anonymous_291)
FNDA:0,(anonymous_292)
FNDA:0,(anonymous_293)
FNDA:0,(anonymous_294)
FNDA:0,(anonymous_295)
FNDA:0,(anonymous_296)
FNDA:0,(anonymous_297)
FNDA:0,(anonymous_298)
FNDA:0,(anonymous_299)
FNDA:0,(anonymous_300)
FNDA:0,(anonymous_301)
FNDA:0,(anonymous_302)
FNDA:0,(anonymous_303)
FNDA:0,(anonymous_304)
FNDA:0,(anonymous_305)
FNDA:0,(anonymous_306)
FNDA:0,(anonymous_307)
FNDA:0,(anonymous_308)
FNDA:0,(anonymous_309)
FNDA:0,(anonymous_310)
FNDA:0,(anonymous_311)
FNDA:0,(anonymous_312)
FNDA:0,(anonymous_313)
FNDA:0,(anonymous_314)
FNDA:0,(anonymous_315)
FNDA:0,(anonymous_316)
FNDA:0,(anonymous_317)
FNDA:0,(anonymous_318)
FNDA:0,(anonymous_319)
FNDA:0,(anonymous_320)
FNDA:0,(anonymous_321)
FNDA:0,(anonymous_322)
FNDA:0,(anonymous_323)
FNDA:0,(anonymous_324)
FNDA:0,(anonymous_325)
FNDA:0,(anonymous_326)
FNDA:0,(anonymous_327)
FNDA:0,(anonymous_328)
FNDA:0,(anonymous_329)
FNDA:0,(anonymous_330)
FNDA:0,(anonymous_331)
FNDA:0,(anonymous_332)
FNDA:0,(anonymous_333)
FNDA:0,(anonymous_334)
FNDA:0,(anonymous_335)
FNDA:0,(anonymous_336)
FNDA:0,(anonymous_337)
FNDA:0,(anonymous_338)
FNDA:0,(anonymous_339)
FNDA:0,(anonymous_340)
FNDA:0,(anonymous_341)
FNDA:0,(anonymous_342)
FNDA:0,(anonymous_343)
FNDA:1,(anonymous_344)
FNDA:0,(anonymous_345)
FNDA:1,(anonymous_346)
FNDA:0,(anonymous_347)
FNDA:0,(anonymous_348)
FNDA:0,(anonymous_349)
FNDA:0,(anonymous_350)
FNDA:0,(anonymous_351)
FNDA:0,(anonymous_352)
FNDA:0,(anonymous_353)
FNDA:0,(anonymous_354)
FNDA:0,(anonymous_355)
FNDA:0,(anonymous_356)
FNDA:0,(anonymous_357)
FNDA:0,(anonymous_358)
FNDA:0,(anonymous_359)
FNDA:4,(anonymous_360)
FNDA:5,(anonymous_361)
FNDA:0,(anonymous_362)
FNDA:0,(anonymous_363)
FNDA:1,(anonymous_364)
FNDA:0,(anonymous_365)
FNDA:1,(anonymous_366)
FNDA:0,(anonymous_367)
FNDA:1,(anonymous_368)
FNDA:0,(anonymous_369)
FNDA:2,(anonymous_370)
FNDA:1,(anonymous_371)
FNDA:2,(anonymous_372)
FNDA:3,(anonymous_373)
FNDA:6,(anonymous_374)
FNDA:0,(anonymous_375)
FNDA:4,(anonymous_376)
FNDA:0,(anonymous_377)
FNDA:0,(anonymous_378)
FNDA:0,(anonymous_379)
FNDA:0,(anonymous_380)
FNDA:0,(anonymous_381)
FNDA:3,(anonymous_382)
FNDA:0,(anonymous_383)
FNDA:0,(anonymous_384)
FNDA:0,(anonymous_385)
FNDA:4,(anonymous_386)
FNDA:4,(anonymous_387)
FNDA:1,(anonymous_388)
FNDA:0,(anonymous_389)
FNDA:0,(anonymous_390)
FNDA:0,(anonymous_391)
FNDA:0,(anonymous_392)
FNDA:8,buildMonth
FNDA:8,CheckLeapYear
FNDA:0,getRandomColor
FNDA:4,(anonymous_396)
FNDA:2,(anonymous_397)
FNDA:2,(anonymous_398)
FNDA:0,(anonymous_399)
FNDA:0,(anonymous_400)
FNDA:0,pad2
FNDA:0,(anonymous_402)
FNDA:0,(anonymous_403)
FNDA:0,(anonymous_404)
FNDA:0,(anonymous_405)
FNDA:0,(anonymous_406)
FNDA:0,(anonymous_407)
DA:1,1
DA:6,0
DA:7,0
DA:13,0
DA:14,0
DA:20,0
DA:21,0
DA:27,0
DA:32,0
DA:35,0
DA:39,0
DA:42,0
DA:43,0
DA:44,0
DA:45,0
DA:55,0
DA:56,0
DA:57,0
DA:58,0
DA:59,0
DA:61,0
DA:62,0
DA:65,0
DA:66,0
DA:67,0
DA:68,0
DA:69,0
DA:72,0
DA:73,0
DA:74,0
DA:75,0
DA:77,0
DA:78,0
DA:79,0
DA:87,0
DA:88,0
DA:89,0
DA:90,0
DA:91,0
DA:92,0
DA:93,0
DA:95,0
DA:126,0
DA:127,0
DA:128,0
DA:131,0
DA:134,0
DA:135,0
DA:137,0
DA:138,0
DA:140,0
DA:143,0
DA:144,0
DA:145,0
DA:146,0
DA:150,0
DA:151,0
DA:153,0
DA:154,0
DA:156,0
DA:157,0
DA:159,0
DA:164,0
DA:166,0
DA:167,0
DA:168,0
DA:170,0
DA:172,0
DA:173,0
DA:174,0
DA:175,0
DA:176,0
DA:177,0
DA:178,0
DA:179,0
DA:180,0
DA:181,0
DA:183,0
DA:184,0
DA:187,0
DA:191,0
DA:194,0
DA:195,0
DA:196,0
DA:199,0
DA:202,0
DA:203,0
DA:205,0
DA:206,0
DA:207,0
DA:208,0
DA:210,0
DA:211,0
DA:212,0
DA:213,0
DA:214,0
DA:216,0
DA:217,0
DA:218,0
DA:220,0
DA:221,0
DA:223,0
DA:225,0
DA:226,0
DA:228,0
DA:231,0
DA:232,0
DA:233,0
DA:234,0
DA:237,0
DA:240,0
DA:241,0
DA:242,0
DA:244,0
DA:245,0
DA:247,0
DA:248,0
DA:253,0
DA:254,0
DA:255,0
DA:256,0
DA:257,0
DA:258,0
DA:259,0
DA:260,0
DA:261,0
DA:262,0
DA:263,0
DA:264,0
DA:266,0
DA:267,0
DA:268,0
DA:269,0
DA:270,0
DA:271,0
DA:273,0
DA:274,0
DA:275,0
DA:276,0
DA:277,0
DA:279,0
DA:280,0
DA:281,0
DA:282,0
DA:284,0
DA:285,0
DA:286,0
DA:287,0
DA:290,0
DA:291,0
DA:294,0
DA:308,0
DA:309,0
DA:310,0
DA:312,0
DA:318,0
DA:319,0
DA:322,0
DA:331,0
DA:337,0
DA:341,0
DA:342,0
DA:343,0
DA:344,0
DA:347,0
DA:348,0
DA:351,0
DA:352,0
DA:354,0
DA:355,0
DA:358,0
DA:359,0
DA:366,0
DA:367,0
DA:368,0
DA:371,0
DA:372,0
DA:373,0
DA:380,0
DA:384,0
DA:390,0
DA:393,0
DA:394,0
DA:397,0
DA:398,0
DA:399,0
DA:400,0
DA:401,0
DA:402,0
DA:403,0
DA:404,0
DA:407,0
DA:414,0
DA:415,0
DA:416,0
DA:419,0
DA:422,0
DA:425,0
DA:428,0
DA:429,0
DA:430,0
DA:437,0
DA:444,0
DA:468,0
DA:469,0
DA:470,0
DA:471,0
DA:472,0
DA:473,0
DA:474,0
DA:475,0
DA:476,0
DA:479,0
DA:480,0
DA:481,0
DA:482,0
DA:483,0
DA:484,0
DA:485,0
DA:486,0
DA:487,0
DA:489,0
DA:490,0
DA:491,0
DA:492,0
DA:494,0
DA:495,0
DA:497,0
DA:498,0
DA:499,0
DA:500,0
DA:501,0
DA:503,0
DA:504,0
DA:505,0
DA:506,0
DA:507,0
DA:508,0
DA:509,0
DA:510,0
DA:511,0
DA:512,0
DA:513,0
DA:514,0
DA:515,0
DA:516,0
DA:517,0
DA:519,0
DA:520,0
DA:525,0
DA:526,0
DA:539,0
DA:553,0
DA:554,0
DA:555,0
DA:556,0
DA:557,0
DA:558,0
DA:559,0
DA:560,0
DA:561,0
DA:562,0
DA:563,0
DA:564,0
DA:566,0
DA:567,0
DA:568,0
DA:569,0
DA:570,0
DA:571,0
DA:572,0
DA:573,0
DA:574,0
DA:575,0
DA:577,0
DA:578,0
DA:579,0
DA:580,0
DA:581,0
DA:587,0
DA:588,0
DA:590,0
DA:591,0
DA:593,0
DA:595,0
DA:596,0
DA:599,0
DA:603,0
DA:604,0
DA:606,0
DA:607,0
DA:609,0
DA:610,0
DA:612,0
DA:613,0
DA:617,0
DA:618,0
DA:620,0
DA:621,0
DA:623,0
DA:625,0
DA:629,0
DA:631,0
DA:632,0
DA:633,0
DA:636,0
DA:637,0
DA:639,0
DA:640,0
DA:641,0
DA:643,0
DA:644,0
DA:646,0
DA:647,0
DA:649,0
DA:650,0
DA:652,0
DA:653,0
DA:655,0
DA:660,0
DA:663,0
DA:664,0
DA:665,0
DA:668,0
DA:669,0
DA:670,0
DA:673,0
DA:674,0
DA:675,0
DA:678,0
DA:679,0
DA:680,0
DA:693,0
DA:694,0
DA:695,0
DA:696,0
DA:697,0
DA:701,0
DA:702,0
DA:711,0
DA:712,0
DA:713,0
DA:714,0
DA:715,0
DA:716,0
DA:718,0
DA:719,0
DA:720,0
DA:721,0
DA:722,0
DA:723,0
DA:724,0
DA:728,0
DA:729,0
DA:739,0
DA:740,0
DA:741,0
DA:742,0
DA:743,0
DA:746,0
DA:747,0
DA:748,0
DA:749,0
DA:750,0
DA:751,0
DA:755,0
DA:756,0
DA:765,0
DA:766,0
DA:767,0
DA:768,0
DA:769,0
DA:770,0
DA:774,0
DA:775,0
DA:788,0
DA:789,0
DA:790,0
DA:791,0
DA:795,0
DA:798,0
DA:800,0
DA:801,0
DA:805,0
DA:806,0
DA:824,0
DA:825,0
DA:828,0
DA:832,0
DA:837,0
DA:840,0
DA:847,0
DA:849,0
DA:853,0
DA:855,0
DA:867,0
DA:877,0
DA:887,0
DA:894,0
DA:895,0
DA:897,0
DA:899,0
DA:900,0
DA:901,0
DA:902,0
DA:903,0
DA:904,0
DA:905,0
DA:906,0
DA:910,0
DA:914,0
DA:915,0
DA:919,0
DA:920,0
DA:921,0
DA:922,0
DA:923,0
DA:924,0
DA:925,0
DA:927,0
DA:928,0
DA:930,0
DA:931,0
DA:933,0
DA:934,0
DA:936,0
DA:941,0
DA:942,0
DA:943,0
DA:946,0
DA:950,0
DA:951,0
DA:952,0
DA:955,0
DA:956,0
DA:957,0
DA:958,0
DA:961,0
DA:964,0
DA:965,0
DA:968,0
DA:969,0
DA:970,0
DA:972,0
DA:985,0
DA:986,0
DA:987,0
DA:988,0
DA:989,0
DA:990,0
DA:991,0
DA:992,0
DA:993,0
DA:994,0
DA:999,0
DA:1000,0
DA:1002,0
DA:1003,0
DA:1004,0
DA:1006,0
DA:1008,0
DA:1009,0
DA:1010,0
DA:1011,0
DA:1013,0
DA:1014,0
DA:1016,0
DA:1017,0
DA:1018,0
DA:1020,0
DA:1021,0
DA:1022,0
DA:1024,0
DA:1025,0
DA:1026,0
DA:1028,0
DA:1029,0
DA:1030,0
DA:1032,0
DA:1034,0
DA:1035,0
DA:1042,0
DA:1043,0
DA:1044,0
DA:1046,0
DA:1047,0
DA:1048,0
DA:1049,0
DA:1050,0
DA:1051,0
DA:1052,0
DA:1053,0
DA:1054,0
DA:1055,0
DA:1056,0
DA:1058,0
DA:1059,0
DA:1060,0
DA:1061,0
DA:1062,0
DA:1069,0
DA:1070,0
DA:1071,0
DA:1072,0
DA:1073,0
DA:1076,0
DA:1079,0
DA:1083,0
DA:1084,0
DA:1086,0
DA:1087,0
DA:1089,0
DA:1090,0
DA:1091,0
DA:1092,0
DA:1093,0
DA:1098,0
DA:1101,0
DA:1111,0
DA:1117,0
DA:1119,0
DA:1120,0
DA:1121,0
DA:1123,0
DA:1126,0
DA:1127,0
DA:1130,0
DA:1131,0
DA:1132,0
DA:1133,0
DA:1138,0
DA:1140,0
DA:1146,0
DA:1147,0
DA:1148,0
DA:1149,0
DA:1150,0
DA:1152,0
DA:1153,0
DA:1155,0
DA:1156,0
DA:1159,0
DA:1161,0
DA:1162,0
DA:1163,0
DA:1168,0
DA:1169,0
DA:1170,0
DA:1174,0
DA:1179,0
DA:1180,0
DA:1181,0
DA:1183,0
DA:1187,0
DA:1189,0
DA:1190,0
DA:1191,0
DA:1192,0
DA:1195,0
DA:1196,0
DA:1197,0
DA:1198,0
DA:1199,0
DA:1200,0
DA:1201,0
DA:1202,0
DA:1203,0
DA:1205,0
DA:1206,0
DA:1209,0
DA:1211,0
DA:1212,0
DA:1217,0
DA:1218,0
DA:1219,0
DA:1220,0
DA:1221,0
DA:1222,0
DA:1224,0
DA:1228,0
DA:1233,0
DA:1234,0
DA:1235,0
DA:1236,0
DA:1237,0
DA:1241,0
DA:1244,0
DA:1245,0
DA:1247,0
DA:1248,0
DA:1251,0
DA:1253,0
DA:1255,0
DA:1265,0
DA:1267,0
DA:1268,0
DA:1270,0
DA:1271,0
DA:1272,0
DA:1274,0
DA:1275,0
DA:1277,0
DA:1281,0
DA:1295,0
DA:1297,0
DA:1298,0
DA:1304,0
DA:1305,0
DA:1308,0
DA:1309,0
DA:1311,0
DA:1312,0
DA:1314,0
DA:1315,0
DA:1317,0
DA:1318,0
DA:1321,0
DA:1323,0
DA:1326,0
DA:1327,0
DA:1329,0
DA:1330,0
DA:1332,0
DA:1333,0
DA:1334,0
DA:1336,0
DA:1338,0
DA:1339,0
DA:1340,0
DA:1343,0
DA:1347,0
DA:1348,0
DA:1350,0
DA:1351,0
DA:1352,0
DA:1353,0
DA:1354,0
DA:1355,0
DA:1357,0
DA:1358,0
DA:1360,0
DA:1361,0
DA:1363,0
DA:1366,0
DA:1367,0
DA:1371,0
DA:1372,0
DA:1374,0
DA:1377,0
DA:1378,0
DA:1382,0
DA:1383,0
DA:1385,0
DA:1388,0
DA:1389,0
DA:1393,0
DA:1394,0
DA:1396,0
DA:1399,0
DA:1400,0
DA:1404,0
DA:1405,0
DA:1407,0
DA:1411,0
DA:1424,0
DA:1426,0
DA:1428,0
DA:1431,0
DA:1433,0
DA:1436,0
DA:1437,0
DA:1439,0
DA:1441,0
DA:1444,0
DA:1445,0
DA:1446,0
DA:1447,0
DA:1448,0
DA:1449,0
DA:1450,0
DA:1455,0
DA:1460,0
DA:1467,0
DA:1468,0
DA:1475,0
DA:1476,0
DA:1477,0
DA:1478,0
DA:1479,0
DA:1481,0
DA:1482,0
DA:1487,0
DA:1488,0
DA:1494,0
DA:1495,0
DA:1497,0
DA:1498,0
DA:1499,0
DA:1500,0
DA:1501,0
DA:1502,0
DA:1503,0
DA:1504,0
DA:1505,0
DA:1510,0
DA:1511,0
DA:1515,0
DA:1518,0
DA:1521,0
DA:1522,0
DA:1523,0
DA:1525,0
DA:1526,0
DA:1527,0
DA:1528,0
DA:1529,0
DA:1530,0
DA:1531,0
DA:1532,0
DA:1534,0
DA:1535,0
DA:1537,0
DA:1543,0
DA:1546,0
DA:1547,0
DA:1548,0
DA:1552,0
DA:1553,0
DA:1555,0
DA:1556,0
DA:1558,0
DA:1559,0
DA:1560,0
DA:1562,0
DA:1563,0
DA:1564,0
DA:1565,0
DA:1566,0
DA:1567,0
DA:1569,0
DA:1570,0
DA:1573,0
DA:1574,0
DA:1576,0
DA:1577,0
DA:1580,0
DA:1581,0
DA:1584,0
DA:1586,0
DA:1588,0
DA:1593,0
DA:1598,0
DA:1603,0
DA:1604,0
DA:1605,0
DA:1612,0
DA:1620,0
DA:1628,0
DA:1629,0
DA:1630,0
DA:1631,0
DA:1632,0
DA:1633,0
DA:1635,0
DA:1638,0
DA:1645,0
DA:1650,0
DA:1651,0
DA:1658,0
DA:1662,0
DA:1663,0
DA:1664,0
DA:1665,0
DA:1667,0
DA:1672,0
DA:1677,0
DA:1678,0
DA:1682,0
DA:1683,0
DA:1684,0
DA:1685,0
DA:1686,0
DA:1687,0
DA:1688,0
DA:1690,0
DA:1692,0
DA:1693,0
DA:1694,0
DA:1698,0
DA:1699,0
DA:1700,0
DA:1701,0
DA:1702,0
DA:1704,0
DA:1706,0
DA:1711,0
DA:1712,0
DA:1713,0
DA:1714,0
DA:1716,0
DA:1717,0
DA:1720,0
DA:1722,0
DA:1723,0
DA:1724,0
DA:1727,0
DA:1729,0
DA:1730,0
DA:1733,0
DA:1739,0
DA:1742,0
DA:1743,0
DA:1744,0
DA:1746,0
DA:1747,0
DA:1754,0
DA:1759,0
DA:1764,0
DA:1768,0
DA:1772,0
DA:1773,0
DA:1774,0
DA:1776,0
DA:1777,0
DA:1779,0
DA:1797,0
DA:1798,0
DA:1805,0
DA:1806,0
DA:1807,0
DA:1808,0
DA:1809,0
DA:1810,0
DA:1814,0
DA:1817,0
DA:1818,0
DA:1819,0
DA:1821,0
DA:1824,0
DA:1825,0
DA:1828,0
DA:1829,0
DA:1830,0
DA:1831,0
DA:1833,0
DA:1835,0
DA:1837,0
DA:1840,0
DA:1841,0
DA:1844,0
DA:1845,0
DA:1846,0
DA:1849,0
DA:1850,0
DA:1851,0
DA:1854,0
DA:1855,0
DA:1857,0
DA:1858,0
DA:1859,0
DA:1860,0
DA:1861,0
DA:1863,0
DA:1867,0
DA:1871,0
DA:1872,0
DA:1877,0
DA:1878,0
DA:1879,0
DA:1880,0
DA:1885,0
DA:1888,0
DA:1891,0
DA:1894,0
DA:1898,0
DA:1901,0
DA:1904,0
DA:1905,0
DA:1906,0
DA:1907,0
DA:1912,0
DA:1921,0
DA:1922,0
DA:1923,0
DA:1925,0
DA:1926,0
DA:1927,0
DA:1928,0
DA:1933,0
DA:1939,0
DA:1940,0
DA:1941,0
DA:1942,0
DA:1943,0
DA:1946,0
DA:1947,0
DA:1948,0
DA:1949,0
DA:1950,0
DA:1955,0
DA:1956,0
DA:1957,0
DA:1958,0
DA:1959,0
DA:1963,0
DA:1964,0
DA:1975,0
DA:1976,0
DA:1977,0
DA:1978,0
DA:1980,0
DA:1981,0
DA:1982,0
DA:1984,0
DA:1985,0
DA:1986,0
DA:1987,0
DA:1988,0
DA:1989,0
DA:1990,0
DA:1991,0
DA:1994,0
DA:1995,0
DA:1997,0
DA:1999,0
DA:2000,0
DA:2001,0
DA:2002,0
DA:2004,0
DA:2005,0
DA:2007,0
DA:2008,0
DA:2010,0
DA:2011,0
DA:2016,0
DA:2017,0
DA:2018,0
DA:2019,0
DA:2022,0
DA:2023,0
DA:2024,0
DA:2026,0
DA:2027,0
DA:2029,0
DA:2030,0
DA:2033,0
DA:2042,0
DA:2043,0
DA:2045,0
DA:2047,0
DA:2050,0
DA:2051,0
DA:2054,0
DA:2055,0
DA:2056,0
DA:2057,0
DA:2059,0
DA:2062,0
DA:2065,0
DA:2069,0
DA:2074,0
DA:2075,0
DA:2078,0
DA:2079,0
DA:2080,0
DA:2081,0
DA:2082,0
DA:2085,0
DA:2089,0
DA:2090,0
DA:2096,0
DA:2097,0
DA:2100,0
DA:2101,0
DA:2108,0
DA:2111,0
DA:2113,0
DA:2114,0
DA:2117,0
DA:2118,0
DA:2121,0
DA:2123,0
DA:2126,0
DA:2127,0
DA:2128,0
DA:2130,0
DA:2134,0
DA:2138,0
DA:2181,0
DA:2182,0
DA:2183,0
DA:2184,0
DA:2185,0
DA:2188,0
DA:2192,0
DA:2193,0
DA:2196,0
DA:2197,0
DA:2199,0
DA:2200,0
DA:2202,0
DA:2203,0
DA:2205,0
DA:2206,0
DA:2209,0
DA:2210,0
DA:2211,0
DA:2213,0
DA:2215,0
DA:2218,0
DA:2219,0
DA:2221,0
DA:2222,0
DA:2228,0
DA:2230,0
DA:2231,0
DA:2234,0
DA:2235,0
DA:2236,0
DA:2237,0
DA:2243,0
DA:2253,0
DA:2254,0
DA:2259,0
DA:2260,0
DA:2262,0
DA:2263,0
DA:2267,0
DA:2268,0
DA:2274,0
DA:2275,0
DA:2279,0
DA:2282,0
DA:2288,0
DA:2289,0
DA:2294,0
DA:2300,0
DA:2301,0
DA:2306,0
DA:2312,0
DA:2313,0
DA:2314,0
DA:2319,0
DA:2320,0
DA:2321,0
DA:2322,0
DA:2324,0
DA:2328,0
DA:2330,0
DA:2331,0
DA:2332,0
DA:2333,0
DA:2334,0
DA:2335,0
DA:2336,0
DA:2338,0
DA:2339,0
DA:2343,0
DA:2344,0
DA:2345,0
DA:2348,0
DA:2349,0
DA:2350,0
DA:2351,0
DA:2352,0
DA:2356,0
DA:2357,0
DA:2361,0
DA:2366,0
DA:2368,0
DA:2369,0
DA:2374,0
DA:2376,0
DA:2380,0
DA:2386,0
DA:2387,0
DA:2388,0
DA:2389,0
DA:2390,0
DA:2391,0
DA:2393,0
DA:2394,0
DA:2395,0
DA:2396,0
DA:2398,0
DA:2400,0
DA:2401,0
DA:2402,0
DA:2403,0
DA:2404,0
DA:2405,0
DA:2406,0
DA:2408,0
DA:2411,0
DA:2413,0
DA:2414,0
DA:2415,0
DA:2416,0
DA:2417,0
DA:2418,0
DA:2419,0
DA:2420,0
DA:2421,0
DA:2422,0
DA:2423,0
DA:2424,0
DA:2425,0
DA:2426,0
DA:2427,0
DA:2428,0
DA:2429,0
DA:2430,0
DA:2431,0
DA:2432,0
DA:2433,0
DA:2434,0
DA:2435,0
DA:2436,0
DA:2439,0
DA:2440,0
DA:2442,0
DA:2443,0
DA:2445,0
DA:2448,0
DA:2451,0
DA:2453,0
DA:2454,0
DA:2455,0
DA:2457,0
DA:2459,0
DA:2460,0
DA:2462,0
DA:2465,0
DA:2466,0
DA:2468,0
DA:2471,0
DA:2475,0
DA:2478,0
DA:2479,0
DA:2481,0
DA:2489,0
DA:2492,0
DA:2493,0
DA:2495,0
DA:2498,0
DA:2499,0
DA:2500,0
DA:2502,0
DA:2504,0
DA:2505,0
DA:2507,0
DA:2511,0
DA:2512,0
DA:2513,0
DA:2518,0
DA:2519,0
DA:2522,0
DA:2523,0
DA:2528,0
DA:2533,0
DA:2534,0
DA:2537,0
DA:2538,0
DA:2543,0
DA:2548,0
DA:2549,0
DA:2552,0
DA:2553,0
DA:2554,0
DA:2558,0
DA:2561,0
DA:2565,0
DA:2566,0
DA:2568,0
DA:2570,0
DA:2576,0
DA:2577,0
DA:2578,0
DA:2579,0
DA:2580,0
DA:2581,0
DA:2583,0
DA:2584,0
DA:2585,0
DA:2586,0
DA:2588,0
DA:2590,0
DA:2591,0
DA:2592,0
DA:2593,0
DA:2594,0
DA:2595,0
DA:2596,0
DA:2598,0
DA:2601,0
DA:2603,0
DA:2604,0
DA:2605,0
DA:2606,0
DA:2607,0
DA:2608,0
DA:2609,0
DA:2610,0
DA:2611,0
DA:2612,0
DA:2613,0
DA:2614,0
DA:2615,0
DA:2616,0
DA:2617,0
DA:2618,0
DA:2619,0
DA:2620,0
DA:2621,0
DA:2622,0
DA:2623,0
DA:2624,0
DA:2625,0
DA:2626,0
DA:2629,0
DA:2630,0
DA:2632,0
DA:2633,0
DA:2635,0
DA:2638,0
DA:2641,0
DA:2643,0
DA:2644,0
DA:2645,0
DA:2647,0
DA:2649,0
DA:2650,0
DA:2652,0
DA:2655,0
DA:2656,0
DA:2658,0
DA:2661,0
DA:2665,0
DA:2668,0
DA:2669,0
DA:2671,0
DA:2679,0
DA:2682,0
DA:2683,0
DA:2685,0
DA:2688,0
DA:2689,0
DA:2690,0
DA:2692,0
DA:2694,0
DA:2695,0
DA:2697,0
DA:2701,0
DA:2702,0
DA:2703,0
DA:2708,0
DA:2709,0
DA:2712,0
DA:2713,0
DA:2718,0
DA:2723,0
DA:2724,0
DA:2727,0
DA:2728,0
DA:2733,0
DA:2738,0
DA:2739,0
DA:2742,0
DA:2743,0
DA:2744,0
DA:2748,0
DA:2751,0
DA:2753,0
DA:2754,0
DA:2760,0
DA:2761,0
DA:2762,0
DA:2766,0
DA:2767,0
DA:2768,0
DA:2770,0
DA:2771,0
DA:2772,0
DA:2773,0
DA:2775,0
DA:2779,0
DA:2780,0
DA:2781,0
DA:2782,0
DA:2783,0
DA:2784,0
DA:2785,0
DA:2786,0
DA:2789,0
DA:2790,0
DA:2791,0
DA:2792,0
DA:2798,0
DA:2799,0
DA:2800,0
DA:2801,0
DA:2802,0
DA:2810,0
DA:2816,0
DA:2817,0
DA:2824,0
DA:2825,0
DA:2826,0
DA:2833,0
DA:2838,0
DA:2842,0
DA:2850,0
DA:2853,0
DA:2854,0
DA:2855,0
DA:2856,0
DA:2857,0
DA:2858,0
DA:2859,0
DA:2860,0
DA:2861,0
DA:2862,0
DA:2863,0
DA:2864,0
DA:2865,0
DA:2866,0
DA:2868,0
DA:2873,0
DA:2874,0
DA:2877,0
DA:2878,0
DA:2879,0
DA:2880,0
DA:2881,0
DA:2882,0
DA:2885,0
DA:2886,0
DA:2887,0
DA:2895,0
DA:2896,0
DA:2897,0
DA:2898,0
DA:2899,0
DA:2901,0
DA:2902,0
DA:2905,0
DA:2907,0
DA:2911,0
DA:2923,0
DA:2925,0
DA:2927,0
DA:2935,0
DA:2947,0
DA:2949,0
DA:2961,0
DA:2963,0
DA:2971,0
DA:2974,0
DA:2975,0
DA:2976,0
DA:2978,0
DA:2979,0
DA:2982,0
DA:2983,0
DA:2985,0
DA:2987,0
DA:2995,0
DA:2997,0
DA:2999,0
DA:3003,0
DA:3007,0
DA:3017,0
DA:3025,0
DA:3031,0
DA:3033,0
DA:3035,0
DA:3039,0
DA:3041,0
DA:3045,0
DA:3047,0
DA:3049,0
DA:3053,0
DA:3059,0
DA:3061,0
DA:3063,0
DA:3071,0
DA:3073,0
DA:3082,0
DA:3089,0
DA:3091,0
DA:3093,0
DA:3095,0
DA:3097,0
DA:3099,0
DA:3101,0
DA:3105,0
DA:3107,0
DA:3109,0
DA:3111,0
DA:3113,0
DA:3125,0
DA:3131,0
DA:3133,0
DA:3137,0
DA:3139,0
DA:3140,0
DA:3141,0
DA:3142,0
DA:3151,0
DA:3153,0
DA:3155,0
DA:3157,0
DA:3159,0
DA:3165,0
DA:3167,0
DA:3169,0
DA:3179,0
DA:3181,0
DA:3183,0
DA:3187,0
DA:3195,0
DA:3203,0
DA:3205,0
DA:3207,0
DA:3211,0
DA:3215,0
DA:3217,0
DA:3219,0
DA:3223,0
DA:3227,0
DA:3235,0
DA:3237,0
DA:3243,0
DA:3245,0
DA:3247,0
DA:3249,0
DA:3255,0
DA:3257,0
DA:3259,0
DA:3269,0
DA:3273,0
DA:3281,0
DA:3283,0
DA:3291,0
DA:3293,0
DA:3301,0
DA:3303,0
DA:3313,0
DA:3315,0
DA:3317,0
DA:3323,0
DA:3325,0
DA:3335,0
DA:3337,0
DA:3339,0
DA:3353,0
DA:3355,0
DA:3357,0
DA:3359,0
DA:3361,0
DA:3363,0
DA:3365,0
DA:3367,0
DA:3369,0
DA:3371,0
DA:3373,0
DA:3375,0
DA:3377,0
DA:3379,0
DA:3381,0
DA:3383,0
DA:3385,0
DA:3387,0
DA:3389,0
DA:3393,0
DA:3403,0
DA:3415,0
DA:3417,0
DA:3421,0
DA:3427,0
DA:3429,0
DA:3433,0
DA:3439,0
DA:3443,0
DA:3445,0
DA:3449,0
DA:3455,0
DA:3457,0
DA:3461,0
DA:3467,0
DA:3469,0
DA:3473,0
DA:3479,0
DA:3481,0
DA:3487,0
DA:3489,0
DA:3501,0
DA:3513,0
DA:3514,0
DA:3517,0
DA:3518,0
DA:3519,0
DA:3521,0
DA:3522,0
DA:3524,0
DA:3527,0
DA:3530,0
DA:3533,0
DA:3534,0
DA:3535,0
DA:3536,0
DA:3537,0
DA:3538,0
DA:3542,0
DA:3543,0
DA:3547,0
DA:3548,0
DA:3549,0
DA:3550,0
DA:3553,0
DA:3554,0
DA:3555,0
DA:3556,0
DA:3557,0
DA:3560,0
DA:3561,0
DA:3562,0
DA:3563,0
DA:3564,0
DA:3565,0
DA:3610,0
DA:3611,0
DA:3612,0
DA:3614,0
DA:3615,0
DA:3616,0
DA:3622,0
DA:3625,0
DA:3628,0
DA:3629,0
DA:3631,0
DA:3634,0
DA:3639,0
DA:3642,0
DA:3643,0
DA:3644,0
DA:3645,0
DA:3646,0
DA:3648,0
DA:3649,0
DA:3656,0
DA:3657,0
DA:3658,0
DA:3659,0
DA:3669,0
DA:3681,0
DA:3683,0
DA:3684,0
DA:3686,0
DA:3688,0
DA:3690,0
DA:3693,0
DA:3694,0
DA:3696,0
DA:3699,0
DA:3703,0
DA:3706,0
DA:3709,0
DA:3713,0
DA:3716,0
DA:3717,0
DA:3719,0
DA:3720,0
DA:3723,0
DA:3726,0
DA:3731,0
DA:3735,0
DA:3738,0
DA:3739,0
DA:3740,0
DA:3741,0
DA:3744,0
DA:3748,0
DA:3749,0
DA:3750,0
DA:3752,0
DA:3755,0
DA:3756,0
DA:3758,0
DA:3759,0
DA:3761,0
DA:3765,0
DA:3766,0
DA:3767,0
DA:3768,0
DA:3769,0
DA:3772,0
DA:3779,0
DA:3780,0
DA:3790,0
DA:3802,0
DA:3804,0
DA:3805,0
DA:3806,0
DA:3808,0
DA:3810,0
DA:3811,0
DA:3813,0
DA:3815,0
DA:3818,0
DA:3819,0
DA:3820,0
DA:3823,0
DA:3824,0
DA:3826,0
DA:3831,0
DA:3833,0
DA:3834,0
DA:3836,0
DA:3838,0
DA:3840,0
DA:3842,0
DA:3844,0
DA:3846,0
DA:3848,0
DA:3860,0
DA:3886,0
DA:3887,0
DA:3888,0
DA:3889,0
DA:3892,0
DA:3894,0
DA:3895,0
DA:3898,0
DA:3899,0
DA:3901,0
DA:3902,0
DA:3904,0
DA:3905,0
DA:3908,0
DA:3911,0
DA:3912,0
DA:3916,0
DA:3917,0
DA:3918,0
DA:3919,0
DA:3920,0
DA:3923,0
DA:3924,0
DA:3925,0
DA:3926,0
DA:3927,0
DA:3931,0
DA:3932,0
DA:3951,0
DA:3952,0
DA:3958,0
DA:3959,0
DA:3960,0
DA:3965,0
DA:3966,0
DA:3967,0
DA:3968,0
DA:3970,0
DA:3973,0
DA:3974,0
DA:3975,0
DA:3982,0
DA:3985,0
DA:3987,0
DA:3988,0
DA:3991,0
DA:3992,0
DA:3995,0
DA:3998,0
DA:3999,0
DA:4001,0
DA:4005,0
DA:4006,0
DA:4010,0
DA:4011,0
DA:4012,0
DA:4013,0
DA:4014,0
DA:4018,0
DA:4019,0
DA:4020,0
DA:4023,0
DA:4024,0
DA:4025,0
DA:4028,0
DA:4030,0
DA:4033,0
DA:4034,0
DA:4036,0
DA:4037,0
DA:4038,0
DA:4039,0
DA:4041,0
DA:4042,0
DA:4043,0
DA:4044,0
DA:4046,0
DA:4052,0
DA:4053,0
DA:4054,0
DA:4056,0
DA:4058,0
DA:4072,0
DA:4077,0
DA:4080,0
DA:4081,0
DA:4084,0
DA:4085,0
DA:4089,0
DA:4090,0
DA:4094,0
DA:4099,0
DA:4103,0
DA:4106,0
DA:4112,0
DA:4113,0
DA:4114,0
DA:4115,0
DA:4119,0
DA:4120,0
DA:4121,0
DA:4127,0
DA:4128,0
DA:4131,0
DA:4132,0
DA:4135,0
DA:4137,0
DA:4141,0
DA:4142,0
DA:4143,0
DA:4145,0
DA:4147,0
DA:4148,0
DA:4150,0
DA:4153,0
DA:4154,0
DA:4155,0
DA:4157,0
DA:4165,0
DA:4167,0
DA:4171,0
DA:4172,0
DA:4173,0
DA:4174,0
DA:4176,0
DA:4181,0
DA:4182,0
DA:4183,0
DA:4196,0
DA:4198,0
DA:4200,0
DA:4201,0
DA:4202,0
DA:4203,0
DA:4211,0
DA:4212,0
DA:4213,0
DA:4216,0
DA:4217,0
DA:4219,0
DA:4222,0
DA:4228,0
DA:4229,0
DA:4233,0
DA:4238,0
DA:4242,0
DA:4245,0
DA:4246,0
DA:4247,0
DA:4249,0
DA:4250,0
DA:4254,0
DA:4255,0
DA:4256,0
DA:4260,0
DA:4277,0
DA:4284,0
DA:4289,0
DA:4290,0
DA:4291,0
DA:4292,0
DA:4294,0
DA:4295,0
DA:4296,0
DA:4298,0
DA:4299,0
DA:4300,0
DA:4301,0
DA:4303,0
DA:4304,0
DA:4318,0
DA:4320,0
DA:4323,0
DA:4325,0
DA:4326,0
DA:4328,0
DA:4331,0
DA:4334,0
DA:4338,0
DA:4341,0
DA:4342,0
DA:4343,0
DA:4346,0
DA:4349,0
DA:4353,0
DA:4357,0
DA:4365,0
DA:4381,0
DA:4386,0
DA:4389,0
DA:4390,0
DA:4393,0
DA:4394,0
DA:4398,0
DA:4399,0
DA:4403,0
DA:4408,0
DA:4412,0
DA:4414,0
DA:4418,0
DA:4419,0
DA:4420,0
DA:4421,0
DA:4422,0
DA:4423,0
DA:4426,0
DA:4427,0
DA:4428,0
DA:4431,0
DA:4436,0
DA:4437,0
DA:4438,0
DA:4441,0
DA:4442,0
DA:4445,0
DA:4446,0
DA:4447,0
DA:4450,0
DA:4452,0
DA:4453,0
DA:4455,0
DA:4457,0
DA:4458,0
DA:4462,0
DA:4463,0
DA:4467,0
DA:4468,0
DA:4469,0
DA:4470,0
DA:4471,0
DA:4473,0
DA:4475,0
DA:4476,0
DA:4479,0
DA:4484,0
DA:4486,0
DA:4503,0
DA:4508,0
DA:4509,0
DA:4510,0
DA:4512,0
DA:4513,0
DA:4532,0
DA:4533,0
DA:4536,0
DA:4537,0
DA:4538,0
DA:4557,0
DA:4561,0
DA:4562,0
DA:4568,0
DA:4569,0
DA:4573,0
DA:4586,0
DA:4587,0
DA:4595,0
DA:4596,0
DA:4597,0
DA:4616,0
DA:4618,0
DA:4619,0
DA:4620,0
DA:4623,0
DA:4625,0
DA:4628,0
DA:4629,0
DA:4631,0
DA:4660,0
DA:4661,0
DA:4663,0
DA:4664,0
DA:4683,0
DA:4684,0
DA:4687,0
DA:4688,0
DA:4692,0
DA:4694,0
DA:4695,0
DA:4698,0
DA:4705,0
DA:4706,0
DA:4710,0
DA:4712,0
DA:4713,0
DA:4716,0
DA:4723,0
DA:4724,0
DA:4728,0
DA:4730,0
DA:4731,0
DA:4734,0
DA:4741,0
DA:4742,0
DA:4746,0
DA:4748,0
DA:4749,0
DA:4752,0
DA:4759,0
DA:4760,0
DA:4764,0
DA:4765,0
DA:4766,0
DA:4768,0
DA:4775,0
DA:4776,0
DA:4780,0
DA:4781,0
DA:4782,0
DA:4785,0
DA:4792,0
DA:4793,0
DA:4797,0
DA:4798,0
DA:4805,0
DA:4806,0
DA:4810,0
DA:4812,0
DA:4813,0
DA:4814,0
DA:4816,0
DA:4818,0
DA:4819,0
DA:4820,0
DA:4822,0
DA:4824,0
DA:4825,0
DA:4826,0
DA:4828,0
DA:4830,0
DA:4831,0
DA:4832,0
DA:4834,0
DA:4836,0
DA:4837,0
DA:4838,0
DA:4841,0
DA:4845,0
DA:4847,0
DA:4848,0
DA:4849,0
DA:4850,0
DA:4854,0
DA:4855,0
DA:4856,0
DA:4859,0
DA:4860,0
DA:4861,0
DA:4862,0
DA:4865,0
DA:4867,0
DA:4868,0
DA:4869,0
DA:4870,0
DA:4876,0
DA:4878,0
DA:4882,0
DA:4883,0
DA:4884,0
DA:4895,0
DA:4897,0
DA:4898,0
DA:4900,0
DA:4903,0
DA:4907,0
DA:4908,0
DA:4909,0
DA:4910,0
DA:4911,0
DA:4912,0
DA:4914,0
DA:4916,0
DA:4919,0
DA:4923,0
DA:4924,0
DA:4927,0
DA:4928,0
DA:4929,0
DA:4954,0
DA:4955,0
DA:4956,0
DA:4960,0
DA:4961,0
DA:4963,0
DA:4964,0
DA:4965,0
DA:4966,0
DA:4967,0
DA:4968,0
DA:4969,0
DA:4970,0
DA:4971,0
DA:4972,0
DA:4974,0
DA:4976,0
DA:4978,0
DA:4979,0
DA:4982,0
DA:4985,0
DA:4986,0
DA:4987,0
DA:4990,0
DA:4991,0
DA:4992,0
DA:4995,0
DA:4997,0
DA:4998,0
DA:5000,0
DA:5002,0
DA:5004,0
DA:5005,0
DA:5007,0
DA:5009,0
DA:5011,0
DA:5012,0
DA:5013,0
DA:5016,0
DA:5017,0
DA:5018,0
DA:5019,0
DA:5021,0
DA:5022,0
DA:5025,0
DA:5029,0
DA:5030,0
DA:5031,0
DA:5034,0
DA:5038,0
DA:5039,0
DA:5040,0
DA:5043,0
DA:5064,1
DA:5066,1
DA:5067,0
DA:5068,0
DA:5069,0
DA:5070,0
DA:5071,0
DA:5072,0
DA:5073,0
DA:5076,1
DA:5077,1
DA:5078,1
DA:5080,1
DA:5081,0
DA:5082,0
DA:5083,0
DA:5084,0
DA:5087,1
DA:5088,0
DA:5089,0
DA:5094,0
DA:5095,0
DA:5096,0
DA:5097,0
DA:5099,0
DA:5100,0
DA:5103,0
DA:5104,0
DA:5117,0
DA:5118,0
DA:5119,0
DA:5120,0
DA:5122,0
DA:5123,0
DA:5124,0
DA:5125,0
DA:5126,0
DA:5127,0
DA:5131,0
DA:5134,0
DA:5135,0
DA:5150,0
DA:5151,0
DA:5154,0
DA:5155,0
DA:5158,0
DA:5159,0
DA:5160,0
DA:5161,0
DA:5162,0
DA:5163,0
DA:5164,0
DA:5165,0
DA:5168,0
DA:5171,0
DA:5174,0
DA:5177,0
DA:5186,0
DA:5187,0
DA:5188,0
DA:5189,0
DA:5190,0
DA:5192,0
DA:5193,0
DA:5194,0
DA:5195,0
DA:5197,0
DA:5198,0
DA:5201,0
DA:5202,0
DA:5203,0
DA:5204,0
DA:5207,0
DA:5210,0
DA:5211,0
DA:5214,0
DA:5224,4
DA:5225,5
DA:5226,5
DA:5227,0
DA:5228,0
DA:5229,0
DA:5230,0
DA:5235,4
DA:5238,4
DA:5240,1
DA:5241,1
DA:5242,1
DA:5243,1
DA:5244,1
DA:5248,4
DA:5249,0
DA:5250,0
DA:5253,0
DA:5258,0
DA:5259,0
DA:5262,0
DA:5266,0
DA:5267,0
DA:5272,0
DA:5277,4
DA:5278,1
DA:5281,4
DA:5282,0
DA:5283,0
DA:5284,0
DA:5285,0
DA:5290,4
DA:5292,1
DA:5293,1
DA:5295,1
DA:5296,1
DA:5298,0
DA:5299,0
DA:5300,0
DA:5306,1
DA:5307,1
DA:5309,1
DA:5320,2
DA:5321,0
DA:5322,0
DA:5323,0
DA:5326,2
DA:5327,1
DA:5328,1
DA:5331,2
DA:5333,2
DA:5335,1
DA:5336,1
DA:5337,1
DA:5338,1
DA:5339,1
DA:5340,1
DA:5341,1
DA:5345,1
DA:5346,1
DA:5348,1
DA:5349,1
DA:5350,1
DA:5351,1
DA:5352,1
DA:5353,1
DA:5354,1
DA:5365,3
DA:5366,6
DA:5369,3
DA:5370,3
DA:5371,3
DA:5374,3
DA:5375,1
DA:5377,0
DA:5378,0
DA:5380,1
DA:5381,1
DA:5383,0
DA:5384,0
DA:5386,0
DA:5389,2
DA:5391,2
DA:5392,2
DA:5394,0
DA:5395,0
DA:5397,0
DA:5398,0
DA:5400,0
DA:5403,3
DA:5405,2
DA:5406,2
DA:5408,0
DA:5409,0
DA:5411,1
DA:5412,1
DA:5414,0
DA:5417,3
DA:5420,3
DA:5421,1
DA:5422,1
DA:5424,2
DA:5425,2
DA:5428,3
DA:5431,3
DA:5433,3
DA:5434,0
DA:5435,0
DA:5446,4
DA:5447,0
DA:5448,0
DA:5449,0
DA:5450,0
DA:5451,0
DA:5452,0
DA:5455,4
DA:5456,0
DA:5457,0
DA:5458,0
DA:5459,0
DA:5460,0
DA:5461,0
DA:5464,4
DA:5465,0
DA:5466,0
DA:5467,0
DA:5468,0
DA:5469,0
DA:5470,0
DA:5473,4
DA:5474,0
DA:5477,4
DA:5478,0
DA:5479,0
DA:5480,0
DA:5481,0
DA:5482,0
DA:5483,0
DA:5484,0
DA:5485,0
DA:5492,3
DA:5493,3
DA:5494,3
DA:5495,3
DA:5496,3
DA:5497,3
DA:5498,3
DA:5500,3
DA:5501,3
DA:5503,3
DA:5504,0
DA:5505,0
DA:5506,0
DA:5507,0
DA:5510,0
DA:5515,3
DA:5516,4
DA:5517,4
DA:5518,1
DA:5519,1
DA:5521,3
DA:5523,4
DA:5526,3
DA:5527,4
DA:5528,4
DA:5529,1
DA:5530,1
DA:5532,3
DA:5534,4
DA:5537,3
DA:5538,1
DA:5541,3
DA:5542,0
DA:5543,0
DA:5544,0
DA:5545,0
DA:5546,0
DA:5547,0
DA:5548,0
DA:5549,0
DA:5550,0
DA:5551,0
DA:5552,0
DA:5555,0
DA:5556,0
DA:5557,0
DA:5558,0
DA:5564,1
DA:5566,8
DA:5567,8
DA:5568,8
DA:5569,0
DA:5570,0
DA:5571,0
DA:5572,0
DA:5573,0
DA:5574,0
DA:5575,0
DA:5577,0
DA:5578,0
DA:5583,8
DA:5584,8
DA:5585,8
DA:5586,8
DA:5587,8
DA:5589,0
DA:5590,0
DA:5592,0
DA:5596,8
DA:5597,8
DA:5598,8
DA:5599,43
DA:5600,43
DA:5601,301
DA:5602,31
DA:5604,270
DA:5605,244
DA:5606,0
DA:5608,244
DA:5610,244
DA:5612,26
DA:5619,1
DA:5620,8
DA:5623,1
DA:5624,0
DA:5625,0
DA:5626,0
DA:5627,0
DA:5629,0
DA:5631,0
DA:5632,0
DA:5633,0
DA:5634,0
DA:5636,0
DA:5643,4
DA:5644,2
DA:5645,1
DA:5647,1
DA:5648,1
DA:5651,4
DA:5652,2
DA:5653,1
DA:5655,1
DA:5656,1
DA:5660,4
DA:5661,0
DA:5662,0
DA:5663,0
DA:5672,0
DA:5673,0
DA:5684,0
DA:5685,0
DA:5686,0
DA:5687,0
DA:5688,0
DA:5689,0
DA:5690,0
DA:5691,0
DA:5692,0
DA:5693,0
DA:5694,0
DA:5695,0
DA:5696,0
DA:5697,0
DA:5698,0
DA:5703,1
DA:5704,0
DA:5705,0
DA:5706,0
DA:5708,0
DA:5712,0
DA:5715,0
DA:5719,0
DA:5720,0
DA:5721,0
DA:5722,0
DA:5723,0
DA:5724,0
DA:5725,0
DA:5727,0
DA:5729,0
DA:5734,0
DA:5735,0
DA:5736,0
DA:5738,0
DA:5742,0
DA:5743,0
DA:5744,0
DA:5745,0
DA:5746,0
DA:5747,0
DA:5748,0
DA:5749,0
DA:5750,0
DA:5751,0
DA:5754,0
DA:5757,0
DA:5760,0
DA:5763,0
DA:5768,0
DA:5769,0
DA:5772,0
DA:5773,0
LF:2435
LH:146
BRDA:58,1,0,0
BRDA:58,1,1,0
BRDA:90,2,0,0
BRDA:90,2,1,0
BRDA:92,3,0,0
BRDA:92,3,1,0
BRDA:137,4,0,0
BRDA:137,4,1,0
BRDA:144,5,0,0
BRDA:144,5,1,0
BRDA:145,6,0,0
BRDA:145,6,1,0
BRDA:225,7,0,0
BRDA:225,7,1,0
BRDA:232,8,0,0
BRDA:232,8,1,0
BRDA:232,9,0,0
BRDA:232,9,1,0
BRDA:233,10,0,0
BRDA:233,10,1,0
BRDA:241,11,0,0
BRDA:241,11,1,0
BRDA:270,12,0,0
BRDA:270,12,1,0
BRDA:273,13,0,0
BRDA:273,13,1,0
BRDA:280,14,0,0
BRDA:280,14,1,0
BRDA:290,15,0,0
BRDA:290,15,1,0
BRDA:290,16,0,0
BRDA:290,16,1,0
BRDA:312,17,0,0
BRDA:312,17,1,0
BRDA:313,18,0,0
BRDA:313,18,1,0
BRDA:313,18,2,0
BRDA:341,19,0,0
BRDA:341,19,1,0
BRDA:366,20,0,0
BRDA:366,20,1,0
BRDA:371,21,0,0
BRDA:371,21,1,0
BRDA:403,22,0,0
BRDA:403,22,1,0
BRDA:595,23,0,0
BRDA:595,23,1,0
BRDA:603,24,0,0
BRDA:603,24,1,0
BRDA:606,25,0,0
BRDA:606,25,1,0
BRDA:609,26,0,0
BRDA:609,26,1,0
BRDA:612,27,0,0
BRDA:612,27,1,0
BRDA:617,28,0,0
BRDA:617,28,1,0
BRDA:620,29,0,0
BRDA:620,29,1,0
BRDA:623,30,0,0
BRDA:623,30,1,0
BRDA:629,31,0,0
BRDA:629,31,1,0
BRDA:631,32,0,0
BRDA:631,32,1,0
BRDA:639,33,0,0
BRDA:639,33,1,0
BRDA:643,34,0,0
BRDA:643,34,1,0
BRDA:646,35,0,0
BRDA:646,35,1,0
BRDA:649,36,0,0
BRDA:649,36,1,0
BRDA:652,37,0,0
BRDA:652,37,1,0
BRDA:663,38,0,0
BRDA:663,38,1,0
BRDA:668,39,0,0
BRDA:668,39,1,0
BRDA:673,40,0,0
BRDA:673,40,1,0
BRDA:679,41,0,0
BRDA:679,41,1,0
BRDA:719,42,0,0
BRDA:719,42,1,0
BRDA:746,43,0,0
BRDA:746,43,1,0
BRDA:767,44,0,0
BRDA:767,44,1,0
BRDA:800,45,0,0
BRDA:800,45,1,0
BRDA:805,46,0,0
BRDA:805,46,1,0
BRDA:840,47,0,0
BRDA:840,47,1,0
BRDA:841,48,0,0
BRDA:841,48,1,0
BRDA:841,48,2,0
BRDA:841,48,3,0
BRDA:841,48,4,0
BRDA:924,49,0,0
BRDA:924,49,1,0
BRDA:927,50,0,0
BRDA:927,50,1,0
BRDA:930,51,0,0
BRDA:930,51,1,0
BRDA:933,52,0,0
BRDA:933,52,1,0
BRDA:941,53,0,0
BRDA:941,53,1,0
BRDA:989,54,0,0
BRDA:989,54,1,0
BRDA:991,55,0,0
BRDA:991,55,1,0
BRDA:993,56,0,0
BRDA:993,56,1,0
BRDA:1084,57,0,0
BRDA:1084,57,1,0
BRDA:1120,58,0,0
BRDA:1120,58,1,0
BRDA:1162,59,0,0
BRDA:1162,59,1,0
BRDA:1170,60,0,0
BRDA:1170,60,1,0
BRDA:1174,61,0,0
BRDA:1174,61,1,0
BRDA:1180,62,0,0
BRDA:1180,62,1,0
BRDA:1180,63,0,0
BRDA:1180,63,1,0
BRDA:1192,64,0,0
BRDA:1192,64,1,0
BRDA:1192,65,0,0
BRDA:1192,65,1,0
BRDA:1199,66,0,0
BRDA:1199,66,1,0
BRDA:1202,67,0,0
BRDA:1202,67,1,0
BRDA:1205,68,0,0
BRDA:1205,68,1,0
BRDA:1212,69,0,0
BRDA:1212,69,1,0
BRDA:1221,70,0,0
BRDA:1221,70,1,0
BRDA:1221,71,0,0
BRDA:1221,71,1,0
BRDA:1236,72,0,0
BRDA:1236,72,1,0
BRDA:1236,73,0,0
BRDA:1236,73,1,0
BRDA:1267,74,0,0
BRDA:1267,74,1,0
BRDA:1338,75,0,0
BRDA:1338,75,1,0
BRDA:1445,76,0,0
BRDA:1445,76,1,0
BRDA:1447,77,0,0
BRDA:1447,77,1,0
BRDA:1449,78,0,0
BRDA:1449,78,1,0
BRDA:1476,79,0,0
BRDA:1476,79,1,0
BRDA:1478,80,0,0
BRDA:1478,80,1,0
BRDA:1498,81,0,0
BRDA:1498,81,1,0
BRDA:1500,82,0,0
BRDA:1500,82,1,0
BRDA:1502,83,0,0
BRDA:1502,83,1,0
BRDA:1504,84,0,0
BRDA:1504,84,1,0
BRDA:1564,85,0,0
BRDA:1564,85,1,0
BRDA:1564,86,0,0
BRDA:1564,86,1,0
BRDA:1564,86,2,0
BRDA:1564,86,3,0
BRDA:1564,86,4,0
BRDA:1566,87,0,0
BRDA:1566,87,1,0
BRDA:1569,88,0,0
BRDA:1569,88,1,0
BRDA:1573,89,0,0
BRDA:1573,89,1,0
BRDA:1576,90,0,0
BRDA:1576,90,1,0
BRDA:1580,91,0,0
BRDA:1580,91,1,0
BRDA:1604,92,0,0
BRDA:1604,92,1,0
BRDA:1632,93,0,0
BRDA:1632,93,1,0
BRDA:1650,94,0,0
BRDA:1650,94,1,0
BRDA:1664,95,0,0
BRDA:1664,95,1,0
BRDA:1685,96,0,0
BRDA:1685,96,1,0
BRDA:1687,97,0,0
BRDA:1687,97,1,0
BRDA:1701,98,0,0
BRDA:1701,98,1,0
BRDA:1713,99,0,0
BRDA:1713,99,1,0
BRDA:1723,100,0,0
BRDA:1723,100,1,0
BRDA:1773,101,0,0
BRDA:1773,101,1,0
BRDA:1776,102,0,0
BRDA:1776,102,1,0
BRDA:1797,103,0,0
BRDA:1797,103,1,0
BRDA:1807,104,0,0
BRDA:1807,104,1,0
BRDA:1808,105,0,0
BRDA:1808,105,1,0
BRDA:1818,106,0,0
BRDA:1818,106,1,0
BRDA:1818,107,0,0
BRDA:1818,107,1,0
BRDA:1829,108,0,0
BRDA:1829,108,1,0
BRDA:1845,109,0,0
BRDA:1845,109,1,0
BRDA:1850,110,0,0
BRDA:1850,110,1,0
BRDA:1854,111,0,0
BRDA:1854,111,1,0
BRDA:1878,112,0,0
BRDA:1878,112,1,0
BRDA:1942,113,0,0
BRDA:1942,113,1,0
BRDA:1946,114,0,0
BRDA:1946,114,1,0
BRDA:1950,115,0,0
BRDA:1950,115,1,0
BRDA:1950,116,0,0
BRDA:1950,116,1,0
BRDA:1986,117,0,0
BRDA:1986,117,1,0
BRDA:2004,118,0,0
BRDA:2004,118,1,0
BRDA:2007,119,0,0
BRDA:2007,119,1,0
BRDA:2010,120,0,0
BRDA:2010,120,1,0
BRDA:2016,121,0,0
BRDA:2016,121,1,0
BRDA:2026,122,0,0
BRDA:2026,122,1,0
BRDA:2054,123,0,0
BRDA:2054,123,1,0
BRDA:2056,124,0,0
BRDA:2056,124,1,0
BRDA:2081,125,0,0
BRDA:2081,125,1,0
BRDA:2082,126,0,0
BRDA:2082,126,1,0
BRDA:2089,127,0,0
BRDA:2089,127,1,0
BRDA:2126,128,0,0
BRDA:2126,128,1,0
BRDA:2182,129,0,0
BRDA:2182,129,1,0
BRDA:2184,130,0,0
BRDA:2184,130,1,0
BRDA:2210,131,0,0
BRDA:2210,131,1,0
BRDA:2235,132,0,0
BRDA:2235,132,1,0
BRDA:2236,133,0,0
BRDA:2236,133,1,0
BRDA:2239,134,0,0
BRDA:2239,134,1,0
BRDA:2245,135,0,0
BRDA:2245,135,1,0
BRDA:2321,136,0,0
BRDA:2321,136,1,0
BRDA:2338,137,0,0
BRDA:2338,137,1,0
BRDA:2351,138,0,0
BRDA:2351,138,1,0
BRDA:2357,139,0,0
BRDA:2357,139,1,0
BRDA:2358,140,0,0
BRDA:2358,140,1,0
BRDA:2368,141,0,0
BRDA:2368,141,1,0
BRDA:2411,142,0,0
BRDA:2411,142,1,0
BRDA:2439,143,0,0
BRDA:2439,143,1,0
BRDA:2439,144,0,0
BRDA:2439,144,1,0
BRDA:2442,145,0,0
BRDA:2442,145,1,0
BRDA:2448,146,0,0
BRDA:2448,146,1,0
BRDA:2498,147,0,0
BRDA:2498,147,1,0
BRDA:2512,148,0,0
BRDA:2512,148,1,0
BRDA:2568,149,0,0
BRDA:2568,149,1,0
BRDA:2601,150,0,0
BRDA:2601,150,1,0
BRDA:2629,151,0,0
BRDA:2629,151,1,0
BRDA:2629,152,0,0
BRDA:2629,152,1,0
BRDA:2632,153,0,0
BRDA:2632,153,1,0
BRDA:2638,154,0,0
BRDA:2638,154,1,0
BRDA:2688,155,0,0
BRDA:2688,155,1,0
BRDA:2702,156,0,0
BRDA:2702,156,1,0
BRDA:2753,157,0,0
BRDA:2753,157,1,0
BRDA:2791,158,0,0
BRDA:2791,158,1,0
BRDA:2798,159,0,0
BRDA:2798,159,1,0
BRDA:2801,160,0,0
BRDA:2801,160,1,0
BRDA:2816,161,0,0
BRDA:2816,161,1,0
BRDA:2824,162,0,0
BRDA:2824,162,1,0
BRDA:2838,163,0,0
BRDA:2838,163,1,0
BRDA:2839,164,0,0
BRDA:2839,164,1,0
BRDA:2856,165,0,0
BRDA:2856,165,1,0
BRDA:2857,166,0,0
BRDA:2857,166,1,0
BRDA:2859,167,0,0
BRDA:2859,167,1,0
BRDA:2861,168,0,0
BRDA:2861,168,1,0
BRDA:2863,169,0,0
BRDA:2863,169,1,0
BRDA:2865,170,0,0
BRDA:2865,170,1,0
BRDA:2880,171,0,0
BRDA:2880,171,1,0
BRDA:2886,172,0,0
BRDA:2886,172,1,0
BRDA:2901,173,0,0
BRDA:2901,173,1,0
BRDA:2911,174,0,0
BRDA:2911,174,1,0
BRDA:2913,175,0,0
BRDA:2913,175,1,0
BRDA:2913,175,2,0
BRDA:2913,175,3,0
BRDA:2925,176,0,0
BRDA:2925,176,1,0
BRDA:2935,177,0,0
BRDA:2935,177,1,0
BRDA:2937,178,0,0
BRDA:2937,178,1,0
BRDA:2937,178,2,0
BRDA:2949,179,0,0
BRDA:2949,179,1,0
BRDA:2951,180,0,0
BRDA:2951,180,1,0
BRDA:2971,181,0,0
BRDA:2971,181,1,0
BRDA:2974,182,0,0
BRDA:2974,182,1,0
BRDA:2978,183,0,0
BRDA:2978,183,1,0
BRDA:3003,184,0,0
BRDA:3003,184,1,0
BRDA:3007,185,0,0
BRDA:3007,185,1,0
BRDA:3009,186,0,0
BRDA:3009,186,1,0
BRDA:3017,187,0,0
BRDA:3017,187,1,0
BRDA:3033,188,0,0
BRDA:3033,188,1,0
BRDA:3039,189,0,0
BRDA:3039,189,1,0
BRDA:3047,190,0,0
BRDA:3047,190,1,0
BRDA:3139,191,0,0
BRDA:3139,191,1,0
BRDA:3140,192,0,0
BRDA:3140,192,1,0
BRDA:3151,193,0,0
BRDA:3151,193,1,0
BRDA:3155,194,0,0
BRDA:3155,194,1,0
BRDA:3165,195,0,0
BRDA:3165,195,1,0
BRDA:3181,196,0,0
BRDA:3181,196,1,0
BRDA:3205,197,0,0
BRDA:3205,197,1,0
BRDA:3215,198,0,0
BRDA:3215,198,1,0
BRDA:3235,199,0,0
BRDA:3235,199,1,0
BRDA:3255,200,0,0
BRDA:3255,200,1,0
BRDA:3259,201,0,0
BRDA:3259,201,1,0
BRDA:3281,202,0,0
BRDA:3281,202,1,0
BRDA:3283,203,0,0
BRDA:3283,203,1,0
BRDA:3301,204,0,0
BRDA:3301,204,1,0
BRDA:3303,205,0,0
BRDA:3303,205,1,0
BRDA:3305,206,0,0
BRDA:3305,206,1,0
BRDA:3323,207,0,0
BRDA:3323,207,1,0
BRDA:3325,208,0,0
BRDA:3325,208,1,0
BRDA:3327,209,0,0
BRDA:3327,209,1,0
BRDA:3393,210,0,0
BRDA:3393,210,1,0
BRDA:3395,211,0,0
BRDA:3395,211,1,0
BRDA:3415,212,0,0
BRDA:3415,212,1,0
BRDA:3427,213,0,0
BRDA:3427,213,1,0
BRDA:3443,214,0,0
BRDA:3443,214,1,0
BRDA:3455,215,0,0
BRDA:3455,215,1,0
BRDA:3467,216,0,0
BRDA:3467,216,1,0
BRDA:3487,217,0,0
BRDA:3487,217,1,0
BRDA:3518,218,0,0
BRDA:3518,218,1,0
BRDA:3518,219,0,0
BRDA:3518,219,1,0
BRDA:3522,220,0,0
BRDA:3522,220,1,0
BRDA:3538,221,0,0
BRDA:3538,221,1,0
BRDA:3539,222,0,0
BRDA:3539,222,1,0
BRDA:3615,223,0,0
BRDA:3615,223,1,0
BRDA:3628,224,0,0
BRDA:3628,224,1,0
BRDA:3644,225,0,0
BRDA:3644,225,1,0
BRDA:3683,226,0,0
BRDA:3683,226,1,0
BRDA:3738,227,0,0
BRDA:3738,227,1,0
BRDA:3755,228,0,0
BRDA:3755,228,1,0
BRDA:3758,229,0,0
BRDA:3758,229,1,0
BRDA:3765,230,0,0
BRDA:3765,230,1,0
BRDA:3768,231,0,0
BRDA:3768,231,1,0
BRDA:3779,232,0,0
BRDA:3779,232,1,0
BRDA:3804,233,0,0
BRDA:3804,233,1,0
BRDA:3808,234,0,0
BRDA:3808,234,1,0
BRDA:3813,235,0,0
BRDA:3813,235,1,0
BRDA:3844,236,0,0
BRDA:3844,236,1,0
BRDA:3846,237,0,0
BRDA:3846,237,1,0
BRDA:3887,238,0,0
BRDA:3887,238,1,0
BRDA:3898,239,0,0
BRDA:3898,239,1,0
BRDA:3901,240,0,0
BRDA:3901,240,1,0
BRDA:3904,241,0,0
BRDA:3904,241,1,0
BRDA:3918,242,0,0
BRDA:3918,242,1,0
BRDA:3925,243,0,0
BRDA:3925,243,1,0
BRDA:3931,244,0,0
BRDA:3931,244,1,0
BRDA:3951,245,0,0
BRDA:3951,245,1,0
BRDA:3951,246,0,0
BRDA:3951,246,1,0
BRDA:3967,247,0,0
BRDA:3967,247,1,0
BRDA:3967,248,0,0
BRDA:3967,248,1,0
BRDA:3968,249,0,0
BRDA:3968,249,1,0
BRDA:3974,250,0,0
BRDA:3974,250,1,0
BRDA:4011,251,0,0
BRDA:4011,251,1,0
BRDA:4036,252,0,0
BRDA:4036,252,1,0
BRDA:4038,253,0,0
BRDA:4038,253,1,0
BRDA:4041,254,0,0
BRDA:4041,254,1,0
BRDA:4043,255,0,0
BRDA:4043,255,1,0
BRDA:4053,256,0,0
BRDA:4053,256,1,0
BRDA:4112,257,0,0
BRDA:4112,257,1,0
BRDA:4127,258,0,0
BRDA:4127,258,1,0
BRDA:4136,259,0,0
BRDA:4136,259,1,0
BRDA:4147,260,0,0
BRDA:4147,260,1,0
BRDA:4154,261,0,0
BRDA:4154,261,1,0
BRDA:4172,262,0,0
BRDA:4172,262,1,0
BRDA:4196,263,0,0
BRDA:4196,263,1,0
BRDA:4294,264,0,0
BRDA:4294,264,1,0
BRDA:4298,265,0,0
BRDA:4298,265,1,0
BRDA:4303,266,0,0
BRDA:4303,266,1,0
BRDA:4320,267,0,0
BRDA:4320,267,1,0
BRDA:4325,268,0,0
BRDA:4325,268,1,0
BRDA:4328,269,0,0
BRDA:4328,269,1,0
BRDA:4334,270,0,0
BRDA:4334,270,1,0
BRDA:4419,271,0,0
BRDA:4419,271,1,0
BRDA:4427,272,0,0
BRDA:4427,272,1,0
BRDA:4446,273,0,0
BRDA:4446,273,1,0
BRDA:4457,274,0,0
BRDA:4457,274,1,0
BRDA:4468,275,0,0
BRDA:4468,275,1,0
BRDA:4475,276,0,0
BRDA:4475,276,1,0
BRDA:4509,277,0,0
BRDA:4509,277,1,0
BRDA:4512,278,0,0
BRDA:4512,278,1,0
BRDA:4537,279,0,0
BRDA:4537,279,1,0
BRDA:4557,280,0,0
BRDA:4557,280,1,0
BRDA:4558,281,0,0
BRDA:4558,281,1,0
BRDA:4573,282,0,0
BRDA:4573,282,1,0
BRDA:4574,283,0,0
BRDA:4574,283,1,0
BRDA:4574,283,2,0
BRDA:4574,283,3,0
BRDA:4574,283,4,0
BRDA:4574,283,5,0
BRDA:4574,283,6,0
BRDA:4574,283,7,0
BRDA:4574,283,8,0
BRDA:4574,283,9,0
BRDA:4628,284,0,0
BRDA:4628,284,1,0
BRDA:4660,285,0,0
BRDA:4660,285,1,0
BRDA:4663,286,0,0
BRDA:4663,286,1,0
BRDA:4687,287,0,0
BRDA:4687,287,1,0
BRDA:4694,288,0,0
BRDA:4694,288,1,0
BRDA:4712,289,0,0
BRDA:4712,289,1,0
BRDA:4730,290,0,0
BRDA:4730,290,1,0
BRDA:4748,291,0,0
BRDA:4748,291,1,0
BRDA:4765,292,0,0
BRDA:4765,292,1,0
BRDA:4781,293,0,0
BRDA:4781,293,1,0
BRDA:4812,294,0,0
BRDA:4812,294,1,0
BRDA:4818,295,0,0
BRDA:4818,295,1,0
BRDA:4824,296,0,0
BRDA:4824,296,1,0
BRDA:4830,297,0,0
BRDA:4830,297,1,0
BRDA:4836,298,0,0
BRDA:4836,298,1,0
BRDA:4847,299,0,0
BRDA:4847,299,1,0
BRDA:4860,300,0,0
BRDA:4860,300,1,0
BRDA:4867,301,0,0
BRDA:4867,301,1,0
BRDA:4909,302,0,0
BRDA:4909,302,1,0
BRDA:4911,303,0,0
BRDA:4911,303,1,0
BRDA:4978,304,0,0
BRDA:4978,304,1,0
BRDA:4985,305,0,0
BRDA:4985,305,1,0
BRDA:4990,306,0,0
BRDA:4990,306,1,0
BRDA:4995,307,0,0
BRDA:4995,307,1,0
BRDA:5002,308,0,0
BRDA:5002,308,1,0
BRDA:5009,309,0,0
BRDA:5009,309,1,0
BRDA:5021,310,0,0
BRDA:5021,310,1,0
BRDA:5030,311,0,0
BRDA:5030,311,1,0
BRDA:5030,312,0,0
BRDA:5030,312,1,0
BRDA:5039,313,0,0
BRDA:5039,313,1,0
BRDA:5122,314,0,0
BRDA:5122,314,1,0
BRDA:5122,315,0,0
BRDA:5122,315,1,0
BRDA:5150,316,0,0
BRDA:5150,316,1,0
BRDA:5194,317,0,0
BRDA:5194,317,1,0
BRDA:5202,318,0,0
BRDA:5202,318,1,0
BRDA:5202,319,0,0
BRDA:5202,319,1,0
BRDA:5210,320,0,0
BRDA:5210,320,1,0
BRDA:5249,321,0,0
BRDA:5249,321,1,0
BRDA:5253,322,0,0
BRDA:5253,322,1,0
BRDA:5253,323,0,0
BRDA:5253,323,1,0
BRDA:5253,323,2,0
BRDA:5253,323,3,0
BRDA:5253,323,4,0
BRDA:5262,324,0,0
BRDA:5262,324,1,0
BRDA:5262,325,0,0
BRDA:5262,325,1,0
BRDA:5262,325,2,0
BRDA:5262,325,3,0
BRDA:5284,326,0,0
BRDA:5284,326,1,0
BRDA:5295,327,0,1
BRDA:5295,327,1,0
BRDA:5320,328,0,0
BRDA:5320,328,1,2
BRDA:5333,329,0,1
BRDA:5333,329,1,1
BRDA:5366,330,0,3
BRDA:5366,330,1,3
BRDA:5366,331,0,6
BRDA:5366,331,1,3
BRDA:5374,332,0,1
BRDA:5374,332,1,2
BRDA:5375,333,0,0
BRDA:5375,333,1,1
BRDA:5375,333,2,0
BRDA:5375,333,3,0
BRDA:5376,334,0,1
BRDA:5376,334,1,1
BRDA:5379,335,0,1
BRDA:5379,335,1,1
BRDA:5389,336,0,2
BRDA:5389,336,1,0
BRDA:5389,336,2,0
BRDA:5389,336,3,0
BRDA:5390,337,0,2
BRDA:5390,337,1,2
BRDA:5393,338,0,0
BRDA:5393,338,1,0
BRDA:5403,339,0,2
BRDA:5403,339,1,0
BRDA:5403,339,2,1
BRDA:5403,339,3,0
BRDA:5420,340,0,1
BRDA:5420,340,1,2
BRDA:5497,341,0,3
BRDA:5497,341,1,0
BRDA:5517,342,0,1
BRDA:5517,342,1,3
BRDA:5528,343,0,1
BRDA:5528,343,1,3
BRDA:5542,344,0,0
BRDA:5542,344,1,0
BRDA:5570,345,0,0
BRDA:5570,345,1,0
BRDA:5570,346,0,0
BRDA:5570,346,1,0
BRDA:5571,347,0,0
BRDA:5571,347,1,0
BRDA:5586,348,0,8
BRDA:5586,348,1,0
BRDA:5587,349,0,1
BRDA:5587,349,1,7
BRDA:5589,350,0,0
BRDA:5589,350,1,0
BRDA:5589,351,0,0
BRDA:5589,351,1,0
BRDA:5601,352,0,31
BRDA:5601,352,1,270
BRDA:5601,353,0,301
BRDA:5601,353,1,56
BRDA:5604,354,0,244
BRDA:5604,354,1,26
BRDA:5605,355,0,0
BRDA:5605,355,1,244
BRDA:5620,356,0,8
BRDA:5620,356,1,1
BRDA:5620,356,2,7
BRDA:5626,357,0,0
BRDA:5626,357,1,0
BRDA:5644,358,0,1
BRDA:5644,358,1,1
BRDA:5644,359,0,2
BRDA:5644,359,1,1
BRDA:5652,360,0,1
BRDA:5652,360,1,1
BRDA:5652,361,0,2
BRDA:5652,361,1,1
BRDA:5684,362,0,0
BRDA:5684,362,1,0
BRDA:5691,363,0,0
BRDA:5691,363,1,0
BRDA:5705,364,0,0
BRDA:5705,364,1,0
BRDA:5706,365,0,0
BRDA:5706,365,1,0
BRDA:5720,366,0,0
BRDA:5720,366,1,0
BRDA:5735,367,0,0
BRDA:5735,367,1,0
BRF:764
BRH:48
end_of_record
TN:
SF:/Users/pierre/Desktop/SOEN-390/ForRunnersSoen390/test/Calculation_test.js
FN:2,(anonymous_1)
FN:4,(anonymous_2)
FN:24,(anonymous_3)
FN:28,(anonymous_4)
FN:29,(anonymous_5)
FN:34,(anonymous_6)
FN:49,(anonymous_7)
FN:53,(anonymous_8)
FN:63,(anonymous_9)
FN:70,(anonymous_10)
FN:80,(anonymous_11)
FN:100,(anonymous_12)
FN:125,(anonymous_13)
FNF:13
FNH:9
FNDA:1,(anonymous_1)
FNDA:1,(anonymous_2)
FNDA:3,(anonymous_3)
FNDA:3,(anonymous_4)
FNDA:3,(anonymous_5)
FNDA:0,(anonymous_6)
FNDA:0,(anonymous_7)
FNDA:0,(anonymous_8)
FNDA:3,(anonymous_9)
FNDA:0,(anonymous_10)
FNDA:1,(anonymous_11)
FNDA:1,(anonymous_12)
FNDA:1,(anonymous_13)
DA:2,1
DA:4,1
DA:5,1
DA:6,1
DA:17,1
DA:19,1
DA:20,1
DA:21,1
DA:24,1
DA:26,3
DA:28,3
DA:29,3
DA:31,3
DA:32,3
DA:33,3
DA:34,3
DA:36,0
DA:37,0
DA:38,0
DA:39,0
DA:42,0
DA:44,0
DA:45,0
DA:46,0
DA:48,3
DA:49,3
DA:50,0
DA:53,3
DA:54,0
DA:55,0
DA:63,1
DA:64,3
DA:65,3
DA:66,3
DA:67,3
DA:68,3
DA:69,3
DA:71,0
DA:74,3
DA:80,1
DA:83,1
DA:85,1
DA:86,1
DA:87,1
DA:88,1
DA:90,0
DA:92,0
DA:93,0
DA:96,1
DA:97,1
DA:100,1
DA:102,1
DA:111,1
DA:113,1
DA:115,1
DA:116,1
DA:117,1
DA:118,1
DA:119,1
DA:120,1
DA:121,1
DA:122,1
DA:125,1
DA:127,1
DA:136,1
DA:138,1
DA:140,1
DA:141,1
DA:142,1
DA:143,1
DA:144,1
DA:145,1
DA:146,1
DA:147,1
LF:74
LH:59
BRDA:5,1,0,1
BRDA:5,1,1,0
BRDA:36,2,0,0
BRDA:36,2,1,0
BRDA:38,3,0,0
BRDA:38,3,1,0
BRDA:45,4,0,0
BRDA:45,4,1,0
BRDA:54,5,0,0
BRDA:54,5,1,0
BRDA:83,6,0,1
BRDA:83,6,1,0
BRDA:83,7,0,1
BRDA:83,7,1,1
BRDA:90,8,0,0
BRDA:90,8,1,0
BRDA:90,9,0,0
BRDA:90,9,1,0
BRF:18
BRH:4
end_of_record
TN:
SF:/Users/pierre/Desktop/SOEN-390/ForRunnersSoen390/test/Calendar_test.js
FN:2,(anonymous_1)
FN:4,(anonymous_2)
FN:24,(anonymous_3)
FN:28,(anonymous_4)
FN:29,(anonymous_5)
FN:34,(anonymous_6)
FN:49,(anonymous_7)
FN:53,(anonymous_8)
FN:63,(anonymous_9)
FN:70,(anonymous_10)
FN:80,(anonymous_11)
FN:111,(anonymous_12)
FN:144,(anonymous_13)
FNF:13
FNH:10
FNDA:1,(anonymous_1)
FNDA:1,(anonymous_2)
FNDA:3,(anonymous_3)
FNDA:3,(anonymous_4)
FNDA:3,(anonymous_5)
FNDA:1,(anonymous_6)
FNDA:0,(anonymous_7)
FNDA:0,(anonymous_8)
FNDA:3,(anonymous_9)
FNDA:0,(anonymous_10)
FNDA:1,(anonymous_11)
FNDA:1,(anonymous_12)
FNDA:1,(anonymous_13)
DA:2,1
DA:4,1
DA:5,1
DA:6,0
DA:17,1
DA:19,1
DA:20,1
DA:21,1
DA:24,1
DA:26,3
DA:28,3
DA:29,3
DA:31,3
DA:32,3
DA:33,3
DA:34,3
DA:36,1
DA:37,1
DA:38,1
DA:39,0
DA:42,0
DA:44,1
DA:45,1
DA:46,1
DA:48,3
DA:49,3
DA:50,0
DA:53,3
DA:54,0
DA:55,0
DA:63,1
DA:64,3
DA:65,3
DA:66,3
DA:67,3
DA:68,3
DA:69,3
DA:71,0
DA:74,3
DA:80,1
DA:83,1
DA:94,1
DA:96,1
DA:97,1
DA:98,1
DA:99,1
DA:100,1
DA:101,1
DA:102,1
DA:103,1
DA:104,1
DA:105,1
DA:106,1
DA:107,1
DA:111,1
DA:114,1
DA:125,1
DA:127,1
DA:128,1
DA:129,1
DA:130,1
DA:131,1
DA:132,1
DA:133,1
DA:134,1
DA:135,1
DA:137,1
DA:138,1
DA:139,1
DA:140,1
DA:144,1
DA:145,1
DA:146,1
LF:73
LH:66
BRDA:5,1,0,0
BRDA:5,1,1,1
BRDA:36,2,0,1
BRDA:36,2,1,0
BRDA:38,3,0,0
BRDA:38,3,1,1
BRDA:45,4,0,1
BRDA:45,4,1,1
BRDA:54,5,0,0
BRDA:54,5,1,0
BRF:10
BRH:5
end_of_record
TN:
SF:/Users/pierre/Desktop/SOEN-390/ForRunnersSoen390/test/Event_test.js
FN:2,(anonymous_1)
FN:4,(anonymous_2)
FN:25,(anonymous_3)
FN:29,(anonymous_4)
FN:30,(anonymous_5)
FN:35,(anonymous_6)
FN:50,(anonymous_7)
FN:54,(anonymous_8)
FN:64,(anonymous_9)
FN:71,(anonymous_10)
FN:82,(anonymous_11)
FN:88,(anonymous_12)
FN:95,(anonymous_13)
FN:101,(anonymous_14)
FNF:14
FNH:10
FNDA:1,(anonymous_1)
FNDA:1,(anonymous_2)
FNDA:4,(anonymous_3)
FNDA:4,(anonymous_4)
FNDA:4,(anonymous_5)
FNDA:0,(anonymous_6)
FNDA:0,(anonymous_7)
FNDA:0,(anonymous_8)
FNDA:4,(anonymous_9)
FNDA:0,(anonymous_10)
FNDA:1,(anonymous_11)
FNDA:1,(anonymous_12)
FNDA:1,(anonymous_13)
FNDA:1,(anonymous_14)
DA:2,1
DA:4,1
DA:5,1
DA:6,0
DA:18,1
DA:20,1
DA:21,1
DA:22,1
DA:25,1
DA:27,4
DA:29,4
DA:30,4
DA:32,4
DA:33,4
DA:34,4
DA:35,4
DA:37,0
DA:38,0
DA:39,0
DA:40,0
DA:43,0
DA:45,0
DA:46,0
DA:47,0
DA:49,4
DA:50,4
DA:51,0
DA:54,4
DA:55,0
DA:56,0
DA:64,1
DA:65,4
DA:66,4
DA:67,4
DA:68,4
DA:69,4
DA:70,4
DA:72,0
DA:75,4
DA:82,1
DA:83,1
DA:84,1
DA:85,1
DA:88,1
DA:89,1
DA:90,1
DA:91,1
DA:92,1
DA:95,1
DA:96,1
DA:97,1
DA:98,1
DA:101,1
DA:102,1
DA:103,1
DA:104,1
DA:105,1
LF:57
LH:44
BRDA:5,1,0,0
BRDA:5,1,1,1
BRDA:37,2,0,0
BRDA:37,2,1,0
BRDA:39,3,0,0
BRDA:39,3,1,0
BRDA:46,4,0,0
BRDA:46,4,1,0
BRDA:55,5,0,0
BRDA:55,5,1,0
BRF:10
BRH:1
end_of_record
TN:
SF:/Users/pierre/Desktop/SOEN-390/ForRunnersSoen390/test/FoodInfo_test.js
FN:2,(anonymous_1)
FN:4,(anonymous_2)
FN:24,(anonymous_3)
FN:28,(anonymous_4)
FN:29,(anonymous_5)
FN:34,(anonymous_6)
FN:49,(anonymous_7)
FN:53,(anonymous_8)
FN:63,(anonymous_9)
FN:66,(anonymous_10)
FN:69,(anonymous_11)
FN:72,(anonymous_12)
FN:77,(anonymous_13)
FN:84,(anonymous_14)
FN:95,(anonymous_15)
FN:103,(anonymous_16)
FNF:16
FNH:12
FNDA:1,(anonymous_1)
FNDA:1,(anonymous_2)
FNDA:2,(anonymous_3)
FNDA:2,(anonymous_4)
FNDA:2,(anonymous_5)
FNDA:2,(anonymous_6)
FNDA:0,(anonymous_7)
FNDA:0,(anonymous_8)
FNDA:2,(anonymous_9)
FNDA:7,(anonymous_10)
FNDA:2,(anonymous_11)
FNDA:0,(anonymous_12)
FNDA:2,(anonymous_13)
FNDA:0,(anonymous_14)
FNDA:1,(anonymous_15)
FNDA:1,(anonymous_16)
DA:2,1
DA:4,1
DA:5,1
DA:6,0
DA:17,1
DA:19,1
DA:20,1
DA:21,1
DA:24,1
DA:26,2
DA:28,2
DA:29,2
DA:31,2
DA:32,2
DA:33,2
DA:34,2
DA:36,2
DA:37,2
DA:38,2
DA:39,0
DA:42,0
DA:44,2
DA:45,2
DA:46,2
DA:48,2
DA:49,2
DA:50,0
DA:53,2
DA:54,0
DA:55,0
DA:63,1
DA:64,2
DA:66,2
DA:67,7
DA:69,2
DA:70,2
DA:72,2
DA:73,0
DA:77,1
DA:78,2
DA:79,2
DA:80,2
DA:81,2
DA:82,2
DA:83,2
DA:85,0
DA:88,2
DA:95,1
DA:96,1
DA:97,1
DA:98,1
DA:99,1
DA:100,1
DA:103,1
DA:104,1
DA:105,1
DA:107,1
DA:108,1
DA:109,1
DA:110,1
DA:111,1
DA:112,1
DA:113,1
DA:114,1
DA:115,1
DA:117,1
DA:119,1
DA:120,1
DA:121,1
DA:122,1
DA:123,1
DA:124,1
LF:72
LH:64
BRDA:5,1,0,0
BRDA:5,1,1,1
BRDA:36,2,0,2
BRDA:36,2,1,0
BRDA:38,3,0,0
BRDA:38,3,1,2
BRDA:45,4,0,2
BRDA:45,4,1,2
BRDA:54,5,0,0
BRDA:54,5,1,0
BRF:10
BRH:5
end_of_record
TN:
SF:/Users/pierre/Desktop/SOEN-390/ForRunnersSoen390/test/Food_test.js
FN:2,(anonymous_1)
FN:4,(anonymous_2)
FN:24,(anonymous_3)
FN:28,(anonymous_4)
FN:29,(anonymous_5)
FN:34,(anonymous_6)
FN:49,(anonymous_7)
FN:53,(anonymous_8)
FN:63,(anonymous_9)
FN:70,(anonymous_10)
FN:82,(anonymous_11)
FN:89,(anonymous_12)
FN:94,(anonymous_13)
FN:98,(anonymous_14)
FN:100,(anonymous_15)
FN:104,(anonymous_16)
FN:118,(anonymous_17)
FNF:17
FNH:11
FNDA:1,(anonymous_1)
FNDA:1,(anonymous_2)
FNDA:4,(anonymous_3)
FNDA:4,(anonymous_4)
FNDA:4,(anonymous_5)
FNDA:3,(anonymous_6)
FNDA:0,(anonymous_7)
FNDA:0,(anonymous_8)
FNDA:4,(anonymous_9)
FNDA:0,(anonymous_10)
FNDA:1,(anonymous_11)
FNDA:1,(anonymous_12)
FNDA:1,(anonymous_13)
FNDA:0,(anonymous_14)
FNDA:0,(anonymous_15)
FNDA:0,(anonymous_16)
FNDA:1,(anonymous_17)
DA:2,1
DA:4,1
DA:5,1
DA:6,0
DA:17,1
DA:19,1
DA:20,1
DA:21,1
DA:24,1
DA:26,4
DA:28,4
DA:29,4
DA:31,4
DA:32,4
DA:33,4
DA:34,4
DA:36,3
DA:37,3
DA:38,3
DA:39,0
DA:42,0
DA:44,3
DA:45,3
DA:46,3
DA:48,4
DA:49,4
DA:50,0
DA:53,4
DA:54,0
DA:55,0
DA:63,1
DA:64,4
DA:65,4
DA:66,4
DA:67,4
DA:68,4
DA:69,4
DA:71,0
DA:74,4
DA:82,1
DA:83,1
DA:84,1
DA:85,1
DA:86,1
DA:89,1
DA:90,1
DA:91,1
DA:94,1
DA:95,1
DA:96,1
DA:97,1
DA:98,1
DA:99,0
DA:100,0
DA:101,0
DA:102,0
DA:105,0
DA:106,0
DA:107,0
DA:108,0
DA:110,0
DA:111,0
DA:112,0
DA:114,0
DA:118,1
DA:119,1
DA:120,1
DA:121,1
DA:122,1
DA:123,1
DA:124,1
DA:126,1
DA:127,1
LF:73
LH:54
BRDA:5,1,0,0
BRDA:5,1,1,1
BRDA:36,2,0,3
BRDA:36,2,1,0
BRDA:38,3,0,0
BRDA:38,3,1,3
BRDA:45,4,0,3
BRDA:45,4,1,3
BRDA:54,5,0,0
BRDA:54,5,1,0
BRF:10
BRH:5
end_of_record
TN:
SF:/Users/pierre/Desktop/SOEN-390/ForRunnersSoen390/test/challenges_controller_test.js
FN:1,(anonymous_1)
FN:7,(anonymous_2)
FN:19,(anonymous_3)
FN:29,(anonymous_4)
FN:39,(anonymous_5)
FN:49,(anonymous_6)
FNF:6
FNH:6
FNDA:1,(anonymous_1)
FNDA:4,(anonymous_2)
FNDA:1,(anonymous_3)
FNDA:1,(anonymous_4)
FNDA:1,(anonymous_5)
FNDA:1,(anonymous_6)
DA:1,1
DA:3,1
DA:5,1
DA:7,1
DA:9,4
DA:10,4
DA:11,4
DA:12,4
DA:19,1
DA:20,1
DA:21,1
DA:22,1
DA:23,1
DA:24,1
DA:25,1
DA:26,1
DA:29,1
DA:30,1
DA:31,1
DA:32,1
DA:33,1
DA:34,1
DA:35,1
DA:36,1
DA:39,1
DA:40,1
DA:41,1
DA:42,1
DA:43,1
DA:44,1
DA:45,1
DA:46,1
DA:49,1
DA:50,1
DA:51,1
DA:52,1
DA:53,1
DA:54,1
DA:55,1
DA:56,1
LF:40
LH:40
BRF:0
BRH:0
end_of_record
TN:
SF:/Users/pierre/Desktop/SOEN-390/ForRunnersSoen390/test/login_test.js
FN:2,(anonymous_1)
FN:4,(anonymous_2)
FN:21,(anonymous_3)
FN:26,(anonymous_4)
FN:28,(anonymous_5)
FN:29,(anonymous_6)
FN:31,(anonymous_7)
FN:32,(anonymous_8)
FN:33,(anonymous_9)
FN:35,(anonymous_10)
FN:37,(anonymous_11)
FN:47,(anonymous_12)
FN:48,(anonymous_13)
FN:51,(anonymous_14)
FN:58,(anonymous_15)
FN:63,(anonymous_16)
FN:78,(anonymous_17)
FN:82,(anonymous_18)
FN:94,(anonymous_19)
FN:97,(anonymous_20)
FN:100,(anonymous_21)
FN:103,(anonymous_22)
FN:112,(anonymous_23)
FN:130,(anonymous_24)
FN:132,(anonymous_25)
FNF:25
FNH:9
FNDA:1,(anonymous_1)
FNDA:1,(anonymous_2)
FNDA:1,(anonymous_3)
FNDA:1,(anonymous_4)
FNDA:0,(anonymous_5)
FNDA:0,(anonymous_6)
FNDA:0,(anonymous_7)
FNDA:0,(anonymous_8)
FNDA:0,(anonymous_9)
FNDA:0,(anonymous_10)
FNDA:0,(anonymous_11)
FNDA:0,(anonymous_12)
FNDA:0,(anonymous_13)
FNDA:0,(anonymous_14)
FNDA:1,(anonymous_15)
FNDA:0,(anonymous_16)
FNDA:0,(anonymous_17)
FNDA:0,(anonymous_18)
FNDA:1,(anonymous_19)
FNDA:0,(anonymous_20)
FNDA:0,(anonymous_21)
FNDA:0,(anonymous_22)
FNDA:1,(anonymous_23)
FNDA:1,(anonymous_24)
FNDA:1,(anonymous_25)
DA:2,1
DA:4,1
DA:5,1
DA:6,1
DA:17,1
DA:18,1
DA:19,1
DA:21,1
DA:23,1
DA:26,1
DA:28,1
DA:29,0
DA:30,0
DA:34,0
DA:36,0
DA:38,0
DA:47,1
DA:48,0
DA:49,0
DA:52,0
DA:58,1
DA:60,1
DA:61,1
DA:62,1
DA:63,1
DA:65,0
DA:66,0
DA:67,0
DA:68,0
DA:71,0
DA:73,0
DA:74,0
DA:75,0
DA:77,1
DA:78,1
DA:79,0
DA:82,1
DA:83,0
DA:84,0
DA:94,1
DA:95,1
DA:97,1
DA:98,0
DA:100,1
DA:101,0
DA:103,1
DA:104,0
DA:112,1
DA:114,1
DA:115,1
DA:116,1
DA:117,1
DA:118,1
DA:119,1
DA:120,1
DA:121,1
DA:130,1
DA:132,1
DA:134,1
DA:137,1
DA:142,1
DA:144,1
LF:62
LH:40
BRDA:5,1,0,1
BRDA:5,1,1,0
BRDA:65,2,0,0
BRDA:65,2,1,0
BRDA:67,3,0,0
BRDA:67,3,1,0
BRDA:74,4,0,0
BRDA:74,4,1,0
BRDA:83,5,0,0
BRDA:83,5,1,0
BRF:10
BRH:1
end_of_record
TN:
SF:/Users/pierre/Desktop/SOEN-390/ForRunnersSoen390/test/profile_test.js
FNF:0
FNH:0
LF:0
LH:0
BRF:0
BRH:0
end_of_record
TN:
SF:/Users/pierre/Desktop/SOEN-390/ForRunnersSoen390/test/sign_up_test.js
FNF:0
FNH:0
LF:0
LH:0
BRF:0
BRH:0
end_of_record