TN:
SF:/Users/cfeochari/Documents/ForRunnersSoen390/www/js/controllers.js
FN:4,(anonymous_1)
FN:6,(anonymous_2)
FN:11,(anonymous_3)
FN:13,(anonymous_4)
FN:18,(anonymous_5)
FN:20,(anonymous_6)
FN:25,(anonymous_7)
FN:29,(anonymous_8)
FN:55,(anonymous_9)
FN:65,(anonymous_10)
FN:66,(anonymous_11)
FN:72,(anonymous_12)
FN:86,PasswordController
FN:88,(anonymous_14)
FN:100,(anonymous_15)
FN:126,(anonymous_16)
FN:157,(anonymous_17)
FN:160,(anonymous_18)
FN:181,(anonymous_19)
FN:185,(anonymous_20)
FN:194,(anonymous_21)
FN:230,(anonymous_22)
FN:239,(anonymous_23)
FN:252,(anonymous_24)
FN:265,(anonymous_25)
FN:307,(anonymous_26)
FN:342,(anonymous_27)
FN:353,(anonymous_28)
FN:357,(anonymous_29)
FN:364,(anonymous_30)
FN:382,(anonymous_31)
FN:392,(anonymous_32)
FN:396,(anonymous_33)
FN:400,(anonymous_34)
FN:413,(anonymous_35)
FN:922,(anonymous_36)
FN:1065,(anonymous_37)
FN:1076,(anonymous_38)
FN:1083,(anonymous_39)
FN:1084,(anonymous_40)
FN:1093,(anonymous_41)
FN:1103,(anonymous_42)
FN:1110,(anonymous_43)
FN:1118,(anonymous_44)
FN:1122,(anonymous_45)
FN:1124,(anonymous_46)
FN:1137,(anonymous_47)
FN:1151,(anonymous_48)
FN:1152,(anonymous_49)
FN:1180,(anonymous_50)
FN:1188,(anonymous_51)
FN:1191,(anonymous_52)
FN:1192,(anonymous_53)
FN:1223,(anonymous_54)
FN:1235,(anonymous_55)
FN:1244,(anonymous_56)
FN:1256,(anonymous_57)
FN:1299,(anonymous_58)
FN:1305,(anonymous_59)
FN:1317,(anonymous_60)
FN:1323,(anonymous_61)
FN:1330,(anonymous_62)
FN:1341,(anonymous_63)
FN:1427,(anonymous_64)
FN:1431,(anonymous_65)
FN:1434,(anonymous_66)
FN:1435,(anonymous_67)
FN:1445,(anonymous_68)
FN:1450,(anonymous_69)
FN:1458,(anonymous_70)
FN:1466,(anonymous_71)
FN:1472,(anonymous_72)
FN:1478,(anonymous_73)
FN:1485,(anonymous_74)
FN:1501,(anonymous_75)
FN:1512,(anonymous_76)
FN:1533,(anonymous_77)
FN:1535,(anonymous_78)
FN:1537,(anonymous_79)
FN:1538,(anonymous_80)
FN:1550,(anonymous_81)
FN:1583,(anonymous_82)
FN:1588,(anonymous_83)
FN:1594,(anonymous_84)
FN:1601,(anonymous_85)
FN:1602,(anonymous_86)
FN:1619,(anonymous_87)
FN:1621,(anonymous_88)
FN:1628,(anonymous_89)
FN:1635,(anonymous_90)
FN:1653,(anonymous_91)
FN:1661,(anonymous_92)
FN:1662,(anonymous_93)
FN:1673,(anonymous_94)
FN:1683,(anonymous_95)
FN:1702,(anonymous_96)
FN:1711,(anonymous_97)
FN:1713,(anonymous_98)
FN:1723,(anonymous_99)
FN:1729,(anonymous_100)
FN:1731,(anonymous_101)
FN:1733,(anonymous_102)
FN:1734,(anonymous_103)
FN:1744,(anonymous_104)
FN:1749,(anonymous_105)
FN:1754,(anonymous_106)
FN:1763,(anonymous_107)
FN:1784,(anonymous_108)
FN:1793,(anonymous_109)
FN:1805,(anonymous_110)
FN:1816,(anonymous_111)
FN:1828,(anonymous_112)
FN:1832,(anonymous_113)
FN:1841,(anonymous_114)
FN:1845,(anonymous_115)
FN:1847,(anonymous_116)
FN:1854,(anonymous_117)
FN:1859,(anonymous_118)
FN:1865,(anonymous_119)
FN:1881,(anonymous_120)
FN:1884,(anonymous_121)
FN:1888,(anonymous_122)
FN:1891,(anonymous_123)
FN:1893,(anonymous_124)
FN:1909,(anonymous_125)
FN:1914,(anonymous_126)
FN:1927,(anonymous_127)
FN:1935,(anonymous_128)
FN:1943,(anonymous_129)
FN:2038,(anonymous_130)
FN:2041,(anonymous_131)
FN:2043,(anonymous_132)
FN:2056,(anonymous_133)
FN:2062,(anonymous_134)
FN:2065,(anonymous_135)
FN:2087,(anonymous_136)
FN:2101,(anonymous_137)
FN:2105,(anonymous_138)
FN:2113,(anonymous_139)
FN:2121,(anonymous_140)
FN:2169,(anonymous_141)
FN:2180,(anonymous_142)
FN:2184,(anonymous_143)
FN:2188,(anonymous_144)
FN:2197,(anonymous_145)
FN:2212,(anonymous_146)
FN:2213,(anonymous_147)
FN:2231,(anonymous_148)
FN:2232,(anonymous_149)
FN:2238,(anonymous_150)
FN:2240,(anonymous_151)
FN:2241,(anonymous_152)
FN:2245,(anonymous_153)
FN:2246,(anonymous_154)
FN:2258,(anonymous_155)
FN:2266,(anonymous_156)
FN:2278,(anonymous_157)
FN:2290,(anonymous_158)
FN:2298,(anonymous_159)
FN:2307,(anonymous_160)
FN:2322,(anonymous_161)
FN:2327,(anonymous_162)
FN:2335,(anonymous_163)
FN:2344,(anonymous_164)
FN:2358,(anonymous_165)
FN:2365,(anonymous_166)
FN:2367,(anonymous_167)
FN:2413,(anonymous_168)
FN:2419,(anonymous_169)
FN:2439,(anonymous_170)
FN:2442,(anonymous_171)
FN:2450,(anonymous_172)
FN:2452,(anonymous_173)
FN:2453,(anonymous_174)
FN:2456,(anonymous_175)
FN:2481,(anonymous_176)
FN:2485,(anonymous_177)
FN:2496,(anonymous_178)
FN:2500,(anonymous_179)
FN:2511,(anonymous_180)
FN:2515,(anonymous_181)
FN:2534,(anonymous_182)
FN:2547,(anonymous_183)
FN:2557,(anonymous_184)
FN:2621,(anonymous_185)
FN:2641,(anonymous_186)
FN:2645,(anonymous_187)
FN:2661,(anonymous_188)
FN:2954,(anonymous_189)
FN:2963,(anonymous_190)
FN:2967,(anonymous_191)
FN:2971,(anonymous_192)
FN:2973,(anonymous_193)
FN:2983,(anonymous_194)
FN:2997,(anonymous_195)
FN:3050,(anonymous_196)
FN:3053,(anonymous_197)
FN:3059,(anonymous_198)
FN:3062,(anonymous_199)
FN:3085,(anonymous_200)
FN:3110,(anonymous_201)
FN:3124,(anonymous_202)
FN:3127,(anonymous_203)
FN:3134,(anonymous_204)
FN:3137,(anonymous_205)
FN:3147,(anonymous_206)
FN:3151,(anonymous_207)
FN:3154,(anonymous_208)
FN:3159,(anonymous_209)
FN:3169,(anonymous_210)
FN:3231,(anonymous_211)
FN:3248,(anonymous_212)
FN:3264,(anonymous_213)
FN:3305,(anonymous_214)
FN:3314,(anonymous_215)
FN:3317,(anonymous_216)
FN:3321,(anonymous_217)
FN:3338,(anonymous_218)
FN:3353,(anonymous_219)
FN:3358,(anonymous_220)
FN:3366,(anonymous_221)
FN:3371,(anonymous_222)
FN:3375,(anonymous_223)
FN:3381,(anonymous_224)
FN:3400,(anonymous_225)
FN:3412,(anonymous_226)
FN:3424,(anonymous_227)
FN:3428,(anonymous_228)
FN:3432,(anonymous_229)
FN:3437,(anonymous_230)
FN:3442,(anonymous_231)
FN:3447,(anonymous_232)
FN:3451,(anonymous_233)
FN:3454,(anonymous_234)
FN:3454,(anonymous_235)
FN:3467,(anonymous_236)
FN:3473,(anonymous_237)
FN:3479,(anonymous_238)
FN:3480,(anonymous_239)
FN:3489,(anonymous_240)
FN:3501,(anonymous_241)
FN:3513,(anonymous_242)
FN:3519,(anonymous_243)
FN:3529,(anonymous_244)
FN:3543,(anonymous_245)
FN:3559,(anonymous_246)
FN:3564,(anonymous_247)
FN:3569,(anonymous_248)
FN:3575,(anonymous_249)
FN:3576,(anonymous_250)
FN:3580,(anonymous_251)
FN:3585,(anonymous_252)
FN:3593,(anonymous_253)
FN:3596,(anonymous_254)
FN:3602,(anonymous_255)
FN:3607,(anonymous_256)
FN:3635,(anonymous_257)
FN:3637,(anonymous_258)
FN:3716,(anonymous_259)
FN:3733,(anonymous_260)
FN:3737,(anonymous_261)
FN:3741,(anonymous_262)
FN:3746,(anonymous_263)
FN:3751,(anonymous_264)
FN:3756,(anonymous_265)
FN:3760,(anonymous_266)
FN:3766,(anonymous_267)
FN:3784,(anonymous_268)
FN:3789,(anonymous_269)
FN:3793,(anonymous_270)
FN:3810,(anonymous_271)
FN:3815,(anonymous_272)
FN:3832,(anonymous_273)
FN:3846,(anonymous_274)
FN:3849,(anonymous_275)
FN:3883,(anonymous_276)
FN:3915,(anonymous_277)
FN:3934,(anonymous_278)
FN:3943,(anonymous_279)
FN:3944,(anonymous_280)
FN:3951,(anonymous_281)
FN:3966,(anonymous_282)
FN:3970,(anonymous_283)
FN:4034,(anonymous_284)
FN:4040,(anonymous_285)
FN:4048,(anonymous_286)
FN:4053,(anonymous_287)
FN:4061,(anonymous_288)
FN:4066,(anonymous_289)
FN:4074,(anonymous_290)
FN:4079,(anonymous_291)
FN:4087,(anonymous_292)
FN:4092,(anonymous_293)
FN:4100,(anonymous_294)
FN:4105,(anonymous_295)
FN:4117,(anonymous_296)
FN:4122,(anonymous_297)
FN:4130,(anonymous_298)
FN:4135,(anonymous_299)
FN:4141,(anonymous_300)
FN:4147,(anonymous_301)
FN:4153,(anonymous_302)
FN:4159,(anonymous_303)
FN:4166,(anonymous_304)
FN:4170,(anonymous_305)
FN:4184,(anonymous_306)
FN:4190,(anonymous_307)
FN:4213,(anonymous_308)
FN:4222,(anonymous_309)
FN:4224,(anonymous_310)
FN:4227,(anonymous_311)
FN:4232,(anonymous_312)
FN:4233,(anonymous_313)
FN:4240,(anonymous_314)
FN:4243,(anonymous_315)
FN:4252,(anonymous_316)
FN:4262,(anonymous_317)
FN:4275,(anonymous_318)
FN:4286,(anonymous_319)
FN:4292,(anonymous_320)
FN:4297,(anonymous_321)
FN:4304,(anonymous_322)
FN:4305,(anonymous_323)
FN:4331,(anonymous_324)
FN:4333,(anonymous_325)
FN:4339,(anonymous_326)
FN:4346,(anonymous_327)
FN:4358,(anonymous_328)
FN:4365,(anonymous_329)
FN:4385,(anonymous_330)
FN:4388,(anonymous_331)
FN:4393,(anonymous_332)
FN:4402,(anonymous_333)
FN:4418,(anonymous_334)
FN:4425,(anonymous_335)
FN:4427,(anonymous_336)
FN:4433,(anonymous_337)
FN:4436,(anonymous_338)
FN:4440,(anonymous_339)
FN:4445,(anonymous_340)
FN:4454,(anonymous_341)
FN:4460,(anonymous_342)
FN:4469,(anonymous_343)
FN:4478,(anonymous_344)
FNF:344
FNH:1
FNDA:0,(anonymous_1)
FNDA:0,(anonymous_2)
FNDA:0,(anonymous_3)
FNDA:0,(anonymous_4)
FNDA:0,(anonymous_5)
FNDA:0,(anonymous_6)
FNDA:0,(anonymous_7)
FNDA:0,(anonymous_8)
FNDA:0,(anonymous_9)
FNDA:0,(anonymous_10)
FNDA:0,(anonymous_11)
FNDA:0,(anonymous_12)
FNDA:0,PasswordController
FNDA:0,(anonymous_14)
FNDA:0,(anonymous_15)
FNDA:0,(anonymous_16)
FNDA:0,(anonymous_17)
FNDA:0,(anonymous_18)
FNDA:0,(anonymous_19)
FNDA:0,(anonymous_20)
FNDA:0,(anonymous_21)
FNDA:0,(anonymous_22)
FNDA:0,(anonymous_23)
FNDA:0,(anonymous_24)
FNDA:0,(anonymous_25)
FNDA:0,(anonymous_26)
FNDA:0,(anonymous_27)
FNDA:0,(anonymous_28)
FNDA:0,(anonymous_29)
FNDA:0,(anonymous_30)
FNDA:0,(anonymous_31)
FNDA:0,(anonymous_32)
FNDA:0,(anonymous_33)
FNDA:0,(anonymous_34)
FNDA:0,(anonymous_35)
FNDA:0,(anonymous_36)
FNDA:0,(anonymous_37)
FNDA:0,(anonymous_38)
FNDA:0,(anonymous_39)
FNDA:0,(anonymous_40)
FNDA:0,(anonymous_41)
FNDA:0,(anonymous_42)
FNDA:0,(anonymous_43)
FNDA:0,(anonymous_44)
FNDA:0,(anonymous_45)
FNDA:0,(anonymous_46)
FNDA:0,(anonymous_47)
FNDA:0,(anonymous_48)
FNDA:0,(anonymous_49)
FNDA:0,(anonymous_50)
FNDA:0,(anonymous_51)
FNDA:0,(anonymous_52)
FNDA:0,(anonymous_53)
FNDA:0,(anonymous_54)
FNDA:0,(anonymous_55)
FNDA:0,(anonymous_56)
FNDA:0,(anonymous_57)
FNDA:0,(anonymous_58)
FNDA:0,(anonymous_59)
FNDA:0,(anonymous_60)
FNDA:0,(anonymous_61)
FNDA:0,(anonymous_62)
FNDA:0,(anonymous_63)
FNDA:0,(anonymous_64)
FNDA:0,(anonymous_65)
FNDA:0,(anonymous_66)
FNDA:0,(anonymous_67)
FNDA:0,(anonymous_68)
FNDA:0,(anonymous_69)
FNDA:0,(anonymous_70)
FNDA:0,(anonymous_71)
FNDA:0,(anonymous_72)
FNDA:0,(anonymous_73)
FNDA:0,(anonymous_74)
FNDA:0,(anonymous_75)
FNDA:0,(anonymous_76)
FNDA:0,(anonymous_77)
FNDA:0,(anonymous_78)
FNDA:0,(anonymous_79)
FNDA:0,(anonymous_80)
FNDA:0,(anonymous_81)
FNDA:0,(anonymous_82)
FNDA:0,(anonymous_83)
FNDA:0,(anonymous_84)
FNDA:0,(anonymous_85)
FNDA:0,(anonymous_86)
FNDA:0,(anonymous_87)
FNDA:0,(anonymous_88)
FNDA:0,(anonymous_89)
FNDA:0,(anonymous_90)
FNDA:0,(anonymous_91)
FNDA:0,(anonymous_92)
FNDA:0,(anonymous_93)
FNDA:0,(anonymous_94)
FNDA:0,(anonymous_95)
FNDA:0,(anonymous_96)
FNDA:0,(anonymous_97)
FNDA:0,(anonymous_98)
FNDA:0,(anonymous_99)
FNDA:0,(anonymous_100)
FNDA:0,(anonymous_101)
FNDA:0,(anonymous_102)
FNDA:0,(anonymous_103)
FNDA:0,(anonymous_104)
FNDA:0,(anonymous_105)
FNDA:0,(anonymous_106)
FNDA:0,(anonymous_107)
FNDA:0,(anonymous_108)
FNDA:0,(anonymous_109)
FNDA:0,(anonymous_110)
FNDA:0,(anonymous_111)
FNDA:0,(anonymous_112)
FNDA:0,(anonymous_113)
FNDA:0,(anonymous_114)
FNDA:0,(anonymous_115)
FNDA:0,(anonymous_116)
FNDA:0,(anonymous_117)
FNDA:0,(anonymous_118)
FNDA:0,(anonymous_119)
FNDA:0,(anonymous_120)
FNDA:0,(anonymous_121)
FNDA:0,(anonymous_122)
FNDA:0,(anonymous_123)
FNDA:0,(anonymous_124)
FNDA:0,(anonymous_125)
FNDA:0,(anonymous_126)
FNDA:0,(anonymous_127)
FNDA:0,(anonymous_128)
FNDA:0,(anonymous_129)
FNDA:0,(anonymous_130)
FNDA:0,(anonymous_131)
FNDA:0,(anonymous_132)
FNDA:0,(anonymous_133)
FNDA:0,(anonymous_134)
FNDA:0,(anonymous_135)
FNDA:0,(anonymous_136)
FNDA:0,(anonymous_137)
FNDA:0,(anonymous_138)
FNDA:0,(anonymous_139)
FNDA:0,(anonymous_140)
FNDA:0,(anonymous_141)
FNDA:0,(anonymous_142)
FNDA:0,(anonymous_143)
FNDA:0,(anonymous_144)
FNDA:0,(anonymous_145)
FNDA:0,(anonymous_146)
FNDA:0,(anonymous_147)
FNDA:0,(anonymous_148)
FNDA:0,(anonymous_149)
FNDA:0,(anonymous_150)
FNDA:0,(anonymous_151)
FNDA:0,(anonymous_152)
FNDA:0,(anonymous_153)
FNDA:0,(anonymous_154)
FNDA:0,(anonymous_155)
FNDA:0,(anonymous_156)
FNDA:0,(anonymous_157)
FNDA:0,(anonymous_158)
FNDA:0,(anonymous_159)
FNDA:0,(anonymous_160)
FNDA:0,(anonymous_161)
FNDA:0,(anonymous_162)
FNDA:0,(anonymous_163)
FNDA:0,(anonymous_164)
FNDA:0,(anonymous_165)
FNDA:0,(anonymous_166)
FNDA:0,(anonymous_167)
FNDA:0,(anonymous_168)
FNDA:0,(anonymous_169)
FNDA:0,(anonymous_170)
FNDA:0,(anonymous_171)
FNDA:0,(anonymous_172)
FNDA:0,(anonymous_173)
FNDA:0,(anonymous_174)
FNDA:0,(anonymous_175)
FNDA:0,(anonymous_176)
FNDA:0,(anonymous_177)
FNDA:0,(anonymous_178)
FNDA:0,(anonymous_179)
FNDA:0,(anonymous_180)
FNDA:0,(anonymous_181)
FNDA:0,(anonymous_182)
FNDA:0,(anonymous_183)
FNDA:0,(anonymous_184)
FNDA:0,(anonymous_185)
FNDA:0,(anonymous_186)
FNDA:0,(anonymous_187)
FNDA:0,(anonymous_188)
FNDA:0,(anonymous_189)
FNDA:0,(anonymous_190)
FNDA:0,(anonymous_191)
FNDA:0,(anonymous_192)
FNDA:0,(anonymous_193)
FNDA:0,(anonymous_194)
FNDA:0,(anonymous_195)
FNDA:0,(anonymous_196)
FNDA:0,(anonymous_197)
FNDA:0,(anonymous_198)
FNDA:0,(anonymous_199)
FNDA:0,(anonymous_200)
FNDA:0,(anonymous_201)
FNDA:0,(anonymous_202)
FNDA:0,(anonymous_203)
FNDA:0,(anonymous_204)
FNDA:0,(anonymous_205)
FNDA:0,(anonymous_206)
FNDA:0,(anonymous_207)
FNDA:0,(anonymous_208)
FNDA:0,(anonymous_209)
FNDA:0,(anonymous_210)
FNDA:0,(anonymous_211)
FNDA:0,(anonymous_212)
FNDA:0,(anonymous_213)
FNDA:0,(anonymous_214)
FNDA:0,(anonymous_215)
FNDA:0,(anonymous_216)
FNDA:0,(anonymous_217)
FNDA:0,(anonymous_218)
FNDA:0,(anonymous_219)
FNDA:0,(anonymous_220)
FNDA:0,(anonymous_221)
FNDA:0,(anonymous_222)
FNDA:0,(anonymous_223)
FNDA:0,(anonymous_224)
FNDA:0,(anonymous_225)
FNDA:0,(anonymous_226)
FNDA:0,(anonymous_227)
FNDA:0,(anonymous_228)
FNDA:0,(anonymous_229)
FNDA:0,(anonymous_230)
FNDA:0,(anonymous_231)
FNDA:0,(anonymous_232)
FNDA:0,(anonymous_233)
FNDA:0,(anonymous_234)
FNDA:0,(anonymous_235)
FNDA:0,(anonymous_236)
FNDA:0,(anonymous_237)
FNDA:0,(anonymous_238)
FNDA:0,(anonymous_239)
FNDA:0,(anonymous_240)
FNDA:0,(anonymous_241)
FNDA:0,(anonymous_242)
FNDA:0,(anonymous_243)
FNDA:0,(anonymous_244)
FNDA:0,(anonymous_245)
FNDA:0,(anonymous_246)
FNDA:0,(anonymous_247)
FNDA:0,(anonymous_248)
FNDA:0,(anonymous_249)
FNDA:0,(anonymous_250)
FNDA:0,(anonymous_251)
FNDA:0,(anonymous_252)
FNDA:0,(anonymous_253)
FNDA:0,(anonymous_254)
FNDA:0,(anonymous_255)
FNDA:0,(anonymous_256)
FNDA:0,(anonymous_257)
FNDA:0,(anonymous_258)
FNDA:0,(anonymous_259)
FNDA:0,(anonymous_260)
FNDA:0,(anonymous_261)
FNDA:0,(anonymous_262)
FNDA:0,(anonymous_263)
FNDA:0,(anonymous_264)
FNDA:0,(anonymous_265)
FNDA:0,(anonymous_266)
FNDA:0,(anonymous_267)
FNDA:0,(anonymous_268)
FNDA:0,(anonymous_269)
FNDA:0,(anonymous_270)
FNDA:0,(anonymous_271)
FNDA:0,(anonymous_272)
FNDA:0,(anonymous_273)
FNDA:0,(anonymous_274)
FNDA:0,(anonymous_275)
FNDA:0,(anonymous_276)
FNDA:0,(anonymous_277)
FNDA:0,(anonymous_278)
FNDA:0,(anonymous_279)
FNDA:0,(anonymous_280)
FNDA:0,(anonymous_281)
FNDA:0,(anonymous_282)
FNDA:0,(anonymous_283)
FNDA:0,(anonymous_284)
FNDA:0,(anonymous_285)
FNDA:0,(anonymous_286)
FNDA:0,(anonymous_287)
FNDA:0,(anonymous_288)
FNDA:0,(anonymous_289)
FNDA:0,(anonymous_290)
FNDA:0,(anonymous_291)
FNDA:0,(anonymous_292)
FNDA:0,(anonymous_293)
FNDA:0,(anonymous_294)
FNDA:0,(anonymous_295)
FNDA:0,(anonymous_296)
FNDA:0,(anonymous_297)
FNDA:0,(anonymous_298)
FNDA:0,(anonymous_299)
FNDA:0,(anonymous_300)
FNDA:0,(anonymous_301)
FNDA:0,(anonymous_302)
FNDA:0,(anonymous_303)
FNDA:0,(anonymous_304)
FNDA:0,(anonymous_305)
FNDA:0,(anonymous_306)
FNDA:0,(anonymous_307)
FNDA:0,(anonymous_308)
FNDA:0,(anonymous_309)
FNDA:0,(anonymous_310)
FNDA:0,(anonymous_311)
FNDA:0,(anonymous_312)
FNDA:0,(anonymous_313)
FNDA:0,(anonymous_314)
FNDA:0,(anonymous_315)
FNDA:0,(anonymous_316)
FNDA:0,(anonymous_317)
FNDA:1,(anonymous_318)
FNDA:0,(anonymous_319)
FNDA:0,(anonymous_320)
FNDA:0,(anonymous_321)
FNDA:0,(anonymous_322)
FNDA:0,(anonymous_323)
FNDA:0,(anonymous_324)
FNDA:0,(anonymous_325)
FNDA:0,(anonymous_326)
FNDA:0,(anonymous_327)
FNDA:0,(anonymous_328)
FNDA:0,(anonymous_329)
FNDA:0,(anonymous_330)
FNDA:0,(anonymous_331)
FNDA:0,(anonymous_332)
FNDA:0,(anonymous_333)
FNDA:0,(anonymous_334)
FNDA:0,(anonymous_335)
FNDA:0,(anonymous_336)
FNDA:0,(anonymous_337)
FNDA:0,(anonymous_338)
FNDA:0,(anonymous_339)
FNDA:0,(anonymous_340)
FNDA:0,(anonymous_341)
FNDA:0,(anonymous_342)
FNDA:0,(anonymous_343)
FNDA:0,(anonymous_344)
DA:1,1
DA:6,0
DA:7,0
DA:13,0
DA:14,0
DA:20,0
DA:21,0
DA:27,0
DA:32,0
DA:35,0
DA:39,0
DA:42,0
DA:43,0
DA:44,0
DA:45,0
DA:55,0
DA:56,0
DA:57,0
DA:58,0
DA:59,0
DA:61,0
DA:62,0
DA:65,0
DA:66,0
DA:67,0
DA:68,0
DA:69,0
DA:72,0
DA:73,0
DA:74,0
DA:75,0
DA:77,0
DA:78,0
DA:79,0
DA:87,0
DA:88,0
DA:89,0
DA:90,0
DA:91,0
DA:92,0
DA:93,0
DA:95,0
DA:125,0
DA:126,0
DA:127,0
DA:130,0
DA:133,0
DA:134,0
DA:136,0
DA:137,0
DA:139,0
DA:142,0
DA:143,0
DA:144,0
DA:145,0
DA:149,0
DA:150,0
DA:152,0
DA:153,0
DA:155,0
DA:156,0
DA:158,0
DA:163,0
DA:165,0
DA:166,0
DA:167,0
DA:169,0
DA:171,0
DA:172,0
DA:173,0
DA:174,0
DA:175,0
DA:176,0
DA:177,0
DA:178,0
DA:179,0
DA:180,0
DA:182,0
DA:183,0
DA:186,0
DA:190,0
DA:193,0
DA:194,0
DA:195,0
DA:198,0
DA:201,0
DA:202,0
DA:204,0
DA:205,0
DA:206,0
DA:207,0
DA:209,0
DA:210,0
DA:211,0
DA:212,0
DA:213,0
DA:215,0
DA:216,0
DA:217,0
DA:219,0
DA:220,0
DA:222,0
DA:224,0
DA:225,0
DA:227,0
DA:230,0
DA:231,0
DA:232,0
DA:233,0
DA:236,0
DA:239,0
DA:240,0
DA:241,0
DA:243,0
DA:244,0
DA:246,0
DA:247,0
DA:252,0
DA:253,0
DA:254,0
DA:255,0
DA:256,0
DA:257,0
DA:258,0
DA:259,0
DA:260,0
DA:261,0
DA:262,0
DA:263,0
DA:265,0
DA:266,0
DA:267,0
DA:268,0
DA:269,0
DA:270,0
DA:272,0
DA:273,0
DA:274,0
DA:275,0
DA:276,0
DA:278,0
DA:279,0
DA:280,0
DA:281,0
DA:283,0
DA:284,0
DA:285,0
DA:286,0
DA:289,0
DA:290,0
DA:293,0
DA:307,0
DA:308,0
DA:309,0
DA:311,0
DA:317,0
DA:318,0
DA:321,0
DA:330,0
DA:336,0
DA:340,0
DA:341,0
DA:342,0
DA:343,0
DA:346,0
DA:347,0
DA:350,0
DA:351,0
DA:353,0
DA:354,0
DA:357,0
DA:358,0
DA:365,0
DA:366,0
DA:367,0
DA:370,0
DA:371,0
DA:372,0
DA:379,0
DA:383,0
DA:389,0
DA:392,0
DA:393,0
DA:396,0
DA:397,0
DA:398,0
DA:399,0
DA:400,0
DA:401,0
DA:402,0
DA:403,0
DA:406,0
DA:413,0
DA:414,0
DA:415,0
DA:418,0
DA:421,0
DA:424,0
DA:427,0
DA:428,0
DA:429,0
DA:436,0
DA:443,0
DA:467,0
DA:468,0
DA:469,0
DA:470,0
DA:471,0
DA:472,0
DA:473,0
DA:474,0
DA:475,0
DA:478,0
DA:479,0
DA:480,0
DA:481,0
DA:482,0
DA:483,0
DA:484,0
DA:485,0
DA:486,0
DA:488,0
DA:489,0
DA:490,0
DA:491,0
DA:493,0
DA:494,0
DA:496,0
DA:497,0
DA:498,0
DA:499,0
DA:500,0
DA:502,0
DA:503,0
DA:504,0
DA:505,0
DA:506,0
DA:507,0
DA:508,0
DA:509,0
DA:510,0
DA:511,0
DA:512,0
DA:513,0
DA:514,0
DA:515,0
DA:516,0
DA:518,0
DA:519,0
DA:524,0
DA:525,0
DA:538,0
DA:552,0
DA:553,0
DA:554,0
DA:555,0
DA:556,0
DA:557,0
DA:558,0
DA:559,0
DA:560,0
DA:561,0
DA:562,0
DA:563,0
DA:565,0
DA:566,0
DA:567,0
DA:568,0
DA:569,0
DA:570,0
DA:571,0
DA:572,0
DA:573,0
DA:574,0
DA:576,0
DA:577,0
DA:578,0
DA:579,0
DA:580,0
DA:586,0
DA:587,0
DA:589,0
DA:590,0
DA:592,0
DA:594,0
DA:595,0
DA:598,0
DA:602,0
DA:603,0
DA:605,0
DA:606,0
DA:608,0
DA:609,0
DA:611,0
DA:612,0
DA:616,0
DA:617,0
DA:619,0
DA:620,0
DA:622,0
DA:624,0
DA:628,0
DA:630,0
DA:631,0
DA:632,0
DA:635,0
DA:636,0
DA:638,0
DA:639,0
DA:640,0
DA:642,0
DA:643,0
DA:645,0
DA:646,0
DA:648,0
DA:649,0
DA:651,0
DA:652,0
DA:654,0
DA:659,0
DA:662,0
DA:663,0
DA:664,0
DA:667,0
DA:668,0
DA:669,0
DA:672,0
DA:673,0
DA:674,0
DA:677,0
DA:678,0
DA:679,0
DA:692,0
DA:693,0
DA:694,0
DA:695,0
DA:696,0
DA:700,0
DA:701,0
DA:710,0
DA:711,0
DA:712,0
DA:713,0
DA:714,0
DA:715,0
DA:717,0
DA:718,0
DA:719,0
DA:720,0
DA:721,0
DA:722,0
DA:723,0
DA:727,0
DA:728,0
DA:738,0
DA:739,0
DA:740,0
DA:741,0
DA:742,0
DA:745,0
DA:746,0
DA:747,0
DA:748,0
DA:749,0
DA:750,0
DA:754,0
DA:755,0
DA:764,0
DA:765,0
DA:766,0
DA:767,0
DA:768,0
DA:769,0
DA:773,0
DA:774,0
DA:787,0
DA:788,0
DA:789,0
DA:790,0
DA:794,0
DA:797,0
DA:799,0
DA:800,0
DA:804,0
DA:805,0
DA:823,0
DA:824,0
DA:827,0
DA:831,0
DA:836,0
DA:839,0
DA:846,0
DA:848,0
DA:852,0
DA:854,0
DA:866,0
DA:876,0
DA:886,0
DA:893,0
DA:894,0
DA:896,0
DA:898,0
DA:899,0
DA:900,0
DA:901,0
DA:902,0
DA:903,0
DA:904,0
DA:905,0
DA:909,0
DA:913,0
DA:914,0
DA:918,0
DA:919,0
DA:920,0
DA:921,0
DA:922,0
DA:923,0
DA:924,0
DA:926,0
DA:927,0
DA:929,0
DA:930,0
DA:932,0
DA:933,0
DA:935,0
DA:940,0
DA:941,0
DA:942,0
DA:945,0
DA:949,0
DA:950,0
DA:951,0
DA:954,0
DA:955,0
DA:956,0
DA:957,0
DA:960,0
DA:963,0
DA:964,0
DA:967,0
DA:968,0
DA:969,0
DA:971,0
DA:984,0
DA:985,0
DA:986,0
DA:987,0
DA:988,0
DA:989,0
DA:990,0
DA:991,0
DA:992,0
DA:993,0
DA:998,0
DA:999,0
DA:1001,0
DA:1002,0
DA:1003,0
DA:1005,0
DA:1007,0
DA:1008,0
DA:1009,0
DA:1010,0
DA:1012,0
DA:1013,0
DA:1015,0
DA:1016,0
DA:1017,0
DA:1019,0
DA:1020,0
DA:1021,0
DA:1023,0
DA:1024,0
DA:1025,0
DA:1027,0
DA:1028,0
DA:1029,0
DA:1031,0
DA:1033,0
DA:1034,0
DA:1041,0
DA:1042,0
DA:1043,0
DA:1044,0
DA:1045,0
DA:1046,0
DA:1047,0
DA:1048,0
DA:1049,0
DA:1050,0
DA:1051,0
DA:1052,0
DA:1053,0
DA:1054,0
DA:1055,0
DA:1062,0
DA:1063,0
DA:1064,0
DA:1065,0
DA:1066,0
DA:1069,0
DA:1072,0
DA:1076,0
DA:1077,0
DA:1079,0
DA:1080,0
DA:1082,0
DA:1083,0
DA:1084,0
DA:1085,0
DA:1086,0
DA:1091,0
DA:1094,0
DA:1104,0
DA:1110,0
DA:1112,0
DA:1113,0
DA:1114,0
DA:1116,0
DA:1119,0
DA:1120,0
DA:1123,0
DA:1124,0
DA:1125,0
DA:1126,0
DA:1131,0
DA:1137,0
DA:1138,0
DA:1139,0
DA:1140,0
DA:1141,0
DA:1143,0
DA:1144,0
DA:1146,0
DA:1147,0
DA:1150,0
DA:1152,0
DA:1153,0
DA:1154,0
DA:1159,0
DA:1160,0
DA:1161,0
DA:1165,0
DA:1170,0
DA:1171,0
DA:1172,0
DA:1174,0
DA:1178,0
DA:1180,0
DA:1181,0
DA:1182,0
DA:1183,0
DA:1186,0
DA:1187,0
DA:1188,0
DA:1189,0
DA:1190,0
DA:1191,0
DA:1192,0
DA:1193,0
DA:1194,0
DA:1196,0
DA:1197,0
DA:1200,0
DA:1202,0
DA:1203,0
DA:1208,0
DA:1209,0
DA:1210,0
DA:1211,0
DA:1212,0
DA:1213,0
DA:1215,0
DA:1219,0
DA:1224,0
DA:1225,0
DA:1226,0
DA:1227,0
DA:1228,0
DA:1232,0
DA:1235,0
DA:1236,0
DA:1238,0
DA:1239,0
DA:1242,0
DA:1244,0
DA:1246,0
DA:1256,0
DA:1258,0
DA:1259,0
DA:1261,0
DA:1262,0
DA:1263,0
DA:1265,0
DA:1266,0
DA:1268,0
DA:1272,0
DA:1286,0
DA:1288,0
DA:1289,0
DA:1295,0
DA:1296,0
DA:1299,0
DA:1300,0
DA:1302,0
DA:1303,0
DA:1305,0
DA:1306,0
DA:1308,0
DA:1309,0
DA:1312,0
DA:1314,0
DA:1317,0
DA:1318,0
DA:1320,0
DA:1321,0
DA:1323,0
DA:1324,0
DA:1325,0
DA:1327,0
DA:1329,0
DA:1330,0
DA:1331,0
DA:1334,0
DA:1338,0
DA:1339,0
DA:1341,0
DA:1342,0
DA:1343,0
DA:1344,0
DA:1345,0
DA:1346,0
DA:1348,0
DA:1349,0
DA:1351,0
DA:1352,0
DA:1354,0
DA:1357,0
DA:1358,0
DA:1362,0
DA:1363,0
DA:1365,0
DA:1368,0
DA:1369,0
DA:1373,0
DA:1374,0
DA:1376,0
DA:1379,0
DA:1380,0
DA:1384,0
DA:1385,0
DA:1387,0
DA:1390,0
DA:1391,0
DA:1395,0
DA:1396,0
DA:1398,0
DA:1402,0
DA:1415,0
DA:1417,0
DA:1419,0
DA:1422,0
DA:1424,0
DA:1427,0
DA:1428,0
DA:1430,0
DA:1432,0
DA:1435,0
DA:1436,0
DA:1437,0
DA:1438,0
DA:1439,0
DA:1440,0
DA:1441,0
DA:1446,0
DA:1451,0
DA:1458,0
DA:1459,0
DA:1466,0
DA:1467,0
DA:1468,0
DA:1469,0
DA:1470,0
DA:1472,0
DA:1473,0
DA:1478,0
DA:1479,0
DA:1485,0
DA:1486,0
DA:1488,0
DA:1489,0
DA:1490,0
DA:1491,0
DA:1492,0
DA:1493,0
DA:1494,0
DA:1495,0
DA:1496,0
DA:1501,0
DA:1502,0
DA:1506,0
DA:1509,0
DA:1512,0
DA:1513,0
DA:1514,0
DA:1516,0
DA:1517,0
DA:1518,0
DA:1519,0
DA:1520,0
DA:1521,0
DA:1522,0
DA:1523,0
DA:1525,0
DA:1526,0
DA:1528,0
DA:1534,0
DA:1537,0
DA:1538,0
DA:1539,0
DA:1543,0
DA:1544,0
DA:1546,0
DA:1547,0
DA:1549,0
DA:1550,0
DA:1551,0
DA:1553,0
DA:1554,0
DA:1555,0
DA:1556,0
DA:1557,0
DA:1558,0
DA:1560,0
DA:1561,0
DA:1564,0
DA:1565,0
DA:1567,0
DA:1568,0
DA:1571,0
DA:1572,0
DA:1575,0
DA:1577,0
DA:1579,0
DA:1584,0
DA:1589,0
DA:1594,0
DA:1595,0
DA:1596,0
DA:1603,0
DA:1611,0
DA:1619,0
DA:1620,0
DA:1621,0
DA:1622,0
DA:1623,0
DA:1624,0
DA:1626,0
DA:1629,0
DA:1636,0
DA:1641,0
DA:1642,0
DA:1649,0
DA:1653,0
DA:1654,0
DA:1655,0
DA:1656,0
DA:1658,0
DA:1663,0
DA:1668,0
DA:1669,0
DA:1673,0
DA:1674,0
DA:1675,0
DA:1676,0
DA:1677,0
DA:1678,0
DA:1679,0
DA:1681,0
DA:1683,0
DA:1684,0
DA:1685,0
DA:1689,0
DA:1690,0
DA:1691,0
DA:1692,0
DA:1693,0
DA:1695,0
DA:1697,0
DA:1702,0
DA:1703,0
DA:1704,0
DA:1705,0
DA:1707,0
DA:1708,0
DA:1711,0
DA:1713,0
DA:1714,0
DA:1715,0
DA:1718,0
DA:1720,0
DA:1721,0
DA:1724,0
DA:1730,0
DA:1733,0
DA:1734,0
DA:1735,0
DA:1737,0
DA:1738,0
DA:1745,0
DA:1750,0
DA:1755,0
DA:1759,0
DA:1763,0
DA:1764,0
DA:1765,0
DA:1767,0
DA:1768,0
DA:1770,0
DA:1785,0
DA:1786,0
DA:1793,0
DA:1794,0
DA:1795,0
DA:1796,0
DA:1797,0
DA:1798,0
DA:1802,0
DA:1805,0
DA:1806,0
DA:1807,0
DA:1809,0
DA:1812,0
DA:1813,0
DA:1816,0
DA:1817,0
DA:1818,0
DA:1819,0
DA:1821,0
DA:1823,0
DA:1825,0
DA:1828,0
DA:1829,0
DA:1832,0
DA:1833,0
DA:1834,0
DA:1837,0
DA:1838,0
DA:1839,0
DA:1842,0
DA:1843,0
DA:1845,0
DA:1846,0
DA:1847,0
DA:1848,0
DA:1849,0
DA:1851,0
DA:1855,0
DA:1859,0
DA:1860,0
DA:1865,0
DA:1866,0
DA:1867,0
DA:1868,0
DA:1873,0
DA:1876,0
DA:1879,0
DA:1882,0
DA:1886,0
DA:1889,0
DA:1892,0
DA:1893,0
DA:1894,0
DA:1895,0
DA:1900,0
DA:1909,0
DA:1910,0
DA:1911,0
DA:1913,0
DA:1914,0
DA:1915,0
DA:1916,0
DA:1921,0
DA:1927,0
DA:1928,0
DA:1929,0
DA:1930,0
DA:1931,0
DA:1934,0
DA:1935,0
DA:1936,0
DA:1937,0
DA:1938,0
DA:1943,0
DA:1944,0
DA:1945,0
DA:1946,0
DA:1947,0
DA:1951,0
DA:1952,0
DA:1963,0
DA:1964,0
DA:1965,0
DA:1966,0
DA:1968,0
DA:1969,0
DA:1970,0
DA:1972,0
DA:1973,0
DA:1974,0
DA:1975,0
DA:1976,0
DA:1977,0
DA:1978,0
DA:1979,0
DA:1982,0
DA:1983,0
DA:1985,0
DA:1987,0
DA:1988,0
DA:1989,0
DA:1990,0
DA:1992,0
DA:1993,0
DA:1995,0
DA:1996,0
DA:1998,0
DA:1999,0
DA:2004,0
DA:2005,0
DA:2006,0
DA:2007,0
DA:2010,0
DA:2011,0
DA:2012,0
DA:2014,0
DA:2015,0
DA:2017,0
DA:2018,0
DA:2021,0
DA:2027,0
DA:2028,0
DA:2030,0
DA:2031,0
DA:2033,0
DA:2035,0
DA:2038,0
DA:2039,0
DA:2042,0
DA:2043,0
DA:2044,0
DA:2045,0
DA:2047,0
DA:2050,0
DA:2053,0
DA:2057,0
DA:2062,0
DA:2063,0
DA:2066,0
DA:2067,0
DA:2068,0
DA:2069,0
DA:2070,0
DA:2073,0
DA:2077,0
DA:2078,0
DA:2084,0
DA:2085,0
DA:2088,0
DA:2089,0
DA:2096,0
DA:2099,0
DA:2101,0
DA:2102,0
DA:2105,0
DA:2106,0
DA:2109,0
DA:2111,0
DA:2114,0
DA:2115,0
DA:2116,0
DA:2118,0
DA:2122,0
DA:2126,0
DA:2169,0
DA:2170,0
DA:2171,0
DA:2172,0
DA:2173,0
DA:2176,0
DA:2180,0
DA:2181,0
DA:2184,0
DA:2185,0
DA:2188,0
DA:2189,0
DA:2190,0
DA:2192,0
DA:2194,0
DA:2197,0
DA:2198,0
DA:2200,0
DA:2201,0
DA:2207,0
DA:2209,0
DA:2210,0
DA:2213,0
DA:2214,0
DA:2215,0
DA:2216,0
DA:2222,0
DA:2232,0
DA:2233,0
DA:2238,0
DA:2239,0
DA:2241,0
DA:2242,0
DA:2246,0
DA:2247,0
DA:2253,0
DA:2254,0
DA:2258,0
DA:2261,0
DA:2267,0
DA:2268,0
DA:2273,0
DA:2279,0
DA:2280,0
DA:2285,0
DA:2291,0
DA:2292,0
DA:2293,0
DA:2298,0
DA:2299,0
DA:2300,0
DA:2301,0
DA:2303,0
DA:2307,0
DA:2309,0
DA:2310,0
DA:2311,0
DA:2312,0
DA:2313,0
DA:2314,0
DA:2315,0
DA:2317,0
DA:2318,0
DA:2322,0
DA:2323,0
DA:2324,0
DA:2327,0
DA:2328,0
DA:2329,0
DA:2330,0
DA:2331,0
DA:2335,0
DA:2336,0
DA:2340,0
DA:2345,0
DA:2347,0
DA:2348,0
DA:2353,0
DA:2355,0
DA:2359,0
DA:2365,0
DA:2366,0
DA:2367,0
DA:2368,0
DA:2369,0
DA:2370,0
DA:2372,0
DA:2373,0
DA:2374,0
DA:2375,0
DA:2377,0
DA:2379,0
DA:2380,0
DA:2383,0
DA:2385,0
DA:2386,0
DA:2387,0
DA:2388,0
DA:2389,0
DA:2390,0
DA:2391,0
DA:2392,0
DA:2393,0
DA:2394,0
DA:2395,0
DA:2396,0
DA:2397,0
DA:2398,0
DA:2399,0
DA:2400,0
DA:2401,0
DA:2402,0
DA:2403,0
DA:2404,0
DA:2405,0
DA:2406,0
DA:2407,0
DA:2408,0
DA:2411,0
DA:2412,0
DA:2414,0
DA:2415,0
DA:2417,0
DA:2420,0
DA:2423,0
DA:2425,0
DA:2426,0
DA:2427,0
DA:2429,0
DA:2431,0
DA:2432,0
DA:2434,0
DA:2437,0
DA:2438,0
DA:2440,0
DA:2443,0
DA:2448,0
DA:2449,0
DA:2451,0
DA:2459,0
DA:2462,0
DA:2463,0
DA:2466,0
DA:2467,0
DA:2468,0
DA:2470,0
DA:2471,0
DA:2475,0
DA:2476,0
DA:2477,0
DA:2482,0
DA:2483,0
DA:2486,0
DA:2487,0
DA:2492,0
DA:2497,0
DA:2498,0
DA:2501,0
DA:2502,0
DA:2507,0
DA:2512,0
DA:2513,0
DA:2516,0
DA:2517,0
DA:2518,0
DA:2522,0
DA:2525,0
DA:2528,0
DA:2529,0
DA:2530,0
DA:2534,0
DA:2535,0
DA:2536,0
DA:2538,0
DA:2539,0
DA:2540,0
DA:2541,0
DA:2543,0
DA:2547,0
DA:2548,0
DA:2549,0
DA:2550,0
DA:2551,0
DA:2552,0
DA:2553,0
DA:2554,0
DA:2557,0
DA:2558,0
DA:2559,0
DA:2560,0
DA:2566,0
DA:2567,0
DA:2568,0
DA:2569,0
DA:2570,0
DA:2578,0
DA:2584,0
DA:2585,0
DA:2592,0
DA:2593,0
DA:2594,0
DA:2601,0
DA:2606,0
DA:2610,0
DA:2618,0
DA:2621,0
DA:2622,0
DA:2623,0
DA:2624,0
DA:2625,0
DA:2626,0
DA:2627,0
DA:2628,0
DA:2629,0
DA:2630,0
DA:2631,0
DA:2632,0
DA:2633,0
DA:2634,0
DA:2636,0
DA:2641,0
DA:2642,0
DA:2645,0
DA:2646,0
DA:2647,0
DA:2648,0
DA:2649,0
DA:2650,0
DA:2651,0
DA:2652,0
DA:2653,0
DA:2654,0
DA:2655,0
DA:2657,0
DA:2658,0
DA:2661,0
DA:2662,0
DA:2664,0
DA:2670,0
DA:2671,0
DA:2672,0
DA:2676,0
DA:2682,0
DA:2683,0
DA:2689,0
DA:2690,0
DA:2694,0
DA:2696,0
DA:2697,0
DA:2698,0
DA:2702,0
DA:2703,0
DA:2704,0
DA:2706,0
DA:2708,0
DA:2713,0
DA:2717,0
DA:2720,0
DA:2721,0
DA:2722,0
DA:2724,0
DA:2725,0
DA:2727,0
DA:2728,0
DA:2729,0
DA:2731,0
DA:2734,0
DA:2735,0
DA:2736,0
DA:2740,0
DA:2741,0
DA:2749,0
DA:2750,0
DA:2751,0
DA:2752,0
DA:2753,0
DA:2754,0
DA:2755,0
DA:2757,0
DA:2758,0
DA:2759,0
DA:2760,0
DA:2761,0
DA:2767,0
DA:2770,0
DA:2771,0
DA:2773,0
DA:2775,0
DA:2776,0
DA:2780,0
DA:2781,0
DA:2782,0
DA:2783,0
DA:2784,0
DA:2787,0
DA:2788,0
DA:2789,0
DA:2794,0
DA:2795,0
DA:2796,0
DA:2798,0
DA:2802,0
DA:2806,0
DA:2807,0
DA:2808,0
DA:2810,0
DA:2812,0
DA:2813,0
DA:2814,0
DA:2816,0
DA:2818,0
DA:2822,0
DA:2823,0
DA:2826,0
DA:2827,0
DA:2828,0
DA:2829,0
DA:2832,0
DA:2833,0
DA:2834,0
DA:2839,0
DA:2841,0
DA:2845,0
DA:2846,0
DA:2850,0
DA:2851,0
DA:2855,0
DA:2856,0
DA:2861,0
DA:2862,0
DA:2863,0
DA:2866,0
DA:2867,0
DA:2872,0
DA:2873,0
DA:2874,0
DA:2881,0
DA:2882,0
DA:2883,0
DA:2884,0
DA:2885,0
DA:2886,0
DA:2887,0
DA:2888,0
DA:2889,0
DA:2890,0
DA:2891,0
DA:2892,0
DA:2893,0
DA:2894,0
DA:2895,0
DA:2896,0
DA:2897,0
DA:2898,0
DA:2899,0
DA:2901,0
DA:2906,0
DA:2912,0
DA:2913,0
DA:2915,0
DA:2918,0
DA:2919,0
DA:2921,0
DA:2924,0
DA:2926,0
DA:2927,0
DA:2929,0
DA:2932,0
DA:2933,0
DA:2935,0
DA:2938,0
DA:2939,0
DA:2941,0
DA:2944,0
DA:2945,0
DA:2948,0
DA:2949,0
DA:2955,0
DA:2963,0
DA:2964,0
DA:2967,0
DA:2968,0
DA:2969,0
DA:2971,0
DA:2972,0
DA:2974,0
DA:2977,0
DA:2980,0
DA:2983,0
DA:2984,0
DA:2985,0
DA:2986,0
DA:2987,0
DA:2988,0
DA:2992,0
DA:2993,0
DA:2997,0
DA:2998,0
DA:2999,0
DA:3000,0
DA:3039,0
DA:3040,0
DA:3041,0
DA:3043,0
DA:3044,0
DA:3045,0
DA:3051,0
DA:3054,0
DA:3057,0
DA:3058,0
DA:3060,0
DA:3063,0
DA:3068,0
DA:3071,0
DA:3072,0
DA:3073,0
DA:3074,0
DA:3075,0
DA:3077,0
DA:3078,0
DA:3085,0
DA:3086,0
DA:3087,0
DA:3088,0
DA:3098,0
DA:3110,0
DA:3112,0
DA:3113,0
DA:3115,0
DA:3117,0
DA:3119,0
DA:3122,0
DA:3123,0
DA:3125,0
DA:3128,0
DA:3132,0
DA:3135,0
DA:3138,0
DA:3142,0
DA:3145,0
DA:3146,0
DA:3148,0
DA:3149,0
DA:3152,0
DA:3155,0
DA:3160,0
DA:3164,0
DA:3167,0
DA:3168,0
DA:3169,0
DA:3170,0
DA:3173,0
DA:3177,0
DA:3178,0
DA:3179,0
DA:3181,0
DA:3184,0
DA:3185,0
DA:3187,0
DA:3188,0
DA:3190,0
DA:3194,0
DA:3195,0
DA:3196,0
DA:3197,0
DA:3198,0
DA:3201,0
DA:3208,0
DA:3209,0
DA:3219,0
DA:3231,0
DA:3232,0
DA:3233,0
DA:3234,0
DA:3235,0
DA:3236,0
DA:3239,0
DA:3240,0
DA:3241,0
DA:3245,0
DA:3248,0
DA:3249,0
DA:3250,0
DA:3251,0
DA:3254,0
DA:3256,0
DA:3257,0
DA:3258,0
DA:3259,0
DA:3260,0
DA:3264,0
DA:3265,0
DA:3266,0
DA:3267,0
DA:3268,0
DA:3271,0
DA:3272,0
DA:3273,0
DA:3274,0
DA:3275,0
DA:3279,0
DA:3280,0
DA:3299,0
DA:3300,0
DA:3306,0
DA:3307,0
DA:3308,0
DA:3313,0
DA:3314,0
DA:3315,0
DA:3316,0
DA:3318,0
DA:3321,0
DA:3322,0
DA:3323,0
DA:3330,0
DA:3333,0
DA:3335,0
DA:3336,0
DA:3339,0
DA:3340,0
DA:3343,0
DA:3346,0
DA:3347,0
DA:3349,0
DA:3353,0
DA:3354,0
DA:3358,0
DA:3359,0
DA:3360,0
DA:3361,0
DA:3362,0
DA:3366,0
DA:3367,0
DA:3368,0
DA:3371,0
DA:3372,0
DA:3373,0
DA:3376,0
DA:3378,0
DA:3381,0
DA:3382,0
DA:3384,0
DA:3385,0
DA:3386,0
DA:3387,0
DA:3389,0
DA:3390,0
DA:3391,0
DA:3392,0
DA:3394,0
DA:3400,0
DA:3401,0
DA:3402,0
DA:3404,0
DA:3406,0
DA:3420,0
DA:3425,0
DA:3428,0
DA:3429,0
DA:3432,0
DA:3433,0
DA:3437,0
DA:3438,0
DA:3442,0
DA:3447,0
DA:3451,0
DA:3454,0
DA:3460,0
DA:3461,0
DA:3462,0
DA:3463,0
DA:3467,0
DA:3468,0
DA:3469,0
DA:3475,0
DA:3476,0
DA:3479,0
DA:3480,0
DA:3483,0
DA:3485,0
DA:3489,0
DA:3490,0
DA:3491,0
DA:3493,0
DA:3495,0
DA:3496,0
DA:3498,0
DA:3501,0
DA:3502,0
DA:3503,0
DA:3505,0
DA:3513,0
DA:3515,0
DA:3519,0
DA:3520,0
DA:3521,0
DA:3522,0
DA:3524,0
DA:3529,0
DA:3530,0
DA:3531,0
DA:3544,0
DA:3546,0
DA:3548,0
DA:3549,0
DA:3550,0
DA:3551,0
DA:3559,0
DA:3560,0
DA:3561,0
DA:3564,0
DA:3565,0
DA:3567,0
DA:3570,0
DA:3576,0
DA:3577,0
DA:3581,0
DA:3586,0
DA:3590,0
DA:3593,0
DA:3594,0
DA:3595,0
DA:3597,0
DA:3598,0
DA:3602,0
DA:3603,0
DA:3604,0
DA:3608,0
DA:3625,0
DA:3632,0
DA:3637,0
DA:3638,0
DA:3639,0
DA:3640,0
DA:3642,0
DA:3643,0
DA:3644,0
DA:3646,0
DA:3647,0
DA:3648,0
DA:3649,0
DA:3651,0
DA:3652,0
DA:3666,0
DA:3668,0
DA:3671,0
DA:3673,0
DA:3674,0
DA:3676,0
DA:3679,0
DA:3682,0
DA:3686,0
DA:3689,0
DA:3690,0
DA:3691,0
DA:3694,0
DA:3697,0
DA:3701,0
DA:3705,0
DA:3713,0
DA:3729,0
DA:3734,0
DA:3737,0
DA:3738,0
DA:3741,0
DA:3742,0
DA:3746,0
DA:3747,0
DA:3751,0
DA:3756,0
DA:3760,0
DA:3762,0
DA:3766,0
DA:3767,0
DA:3768,0
DA:3769,0
DA:3770,0
DA:3771,0
DA:3774,0
DA:3775,0
DA:3776,0
DA:3779,0
DA:3784,0
DA:3785,0
DA:3786,0
DA:3789,0
DA:3790,0
DA:3793,0
DA:3794,0
DA:3795,0
DA:3798,0
DA:3800,0
DA:3801,0
DA:3803,0
DA:3805,0
DA:3806,0
DA:3810,0
DA:3811,0
DA:3815,0
DA:3816,0
DA:3817,0
DA:3818,0
DA:3819,0
DA:3821,0
DA:3823,0
DA:3824,0
DA:3827,0
DA:3832,0
DA:3834,0
DA:3851,0
DA:3856,0
DA:3857,0
DA:3858,0
DA:3860,0
DA:3861,0
DA:3880,0
DA:3881,0
DA:3884,0
DA:3885,0
DA:3886,0
DA:3905,0
DA:3909,0
DA:3910,0
DA:3916,0
DA:3917,0
DA:3921,0
DA:3934,0
DA:3935,0
DA:3943,0
DA:3944,0
DA:3945,0
DA:3964,0
DA:3966,0
DA:3967,0
DA:3968,0
DA:3971,0
DA:3973,0
DA:3976,0
DA:3977,0
DA:3979,0
DA:4008,0
DA:4009,0
DA:4011,0
DA:4012,0
DA:4031,0
DA:4032,0
DA:4035,0
DA:4036,0
DA:4040,0
DA:4041,0
DA:4048,0
DA:4049,0
DA:4053,0
DA:4054,0
DA:4061,0
DA:4062,0
DA:4066,0
DA:4067,0
DA:4074,0
DA:4075,0
DA:4079,0
DA:4080,0
DA:4087,0
DA:4088,0
DA:4092,0
DA:4093,0
DA:4100,0
DA:4101,0
DA:4105,0
DA:4106,0
DA:4107,0
DA:4110,0
DA:4117,0
DA:4118,0
DA:4122,0
DA:4123,0
DA:4130,0
DA:4131,0
DA:4135,0
DA:4137,0
DA:4138,0
DA:4139,0
DA:4141,0
DA:4143,0
DA:4144,0
DA:4145,0
DA:4147,0
DA:4149,0
DA:4150,0
DA:4151,0
DA:4153,0
DA:4155,0
DA:4156,0
DA:4157,0
DA:4159,0
DA:4161,0
DA:4162,0
DA:4163,0
DA:4166,0
DA:4170,0
DA:4172,0
DA:4173,0
DA:4174,0
DA:4175,0
DA:4179,0
DA:4180,0
DA:4181,0
DA:4184,0
DA:4185,0
DA:4186,0
DA:4187,0
DA:4190,0
DA:4192,0
DA:4193,0
DA:4194,0
DA:4195,0
DA:4201,0
DA:4203,0
DA:4207,0
DA:4208,0
DA:4209,0
DA:4220,0
DA:4222,0
DA:4223,0
DA:4225,0
DA:4228,0
DA:4232,0
DA:4233,0
DA:4234,0
DA:4235,0
DA:4236,0
DA:4237,0
DA:4239,0
DA:4241,0
DA:4244,0
DA:4248,0
DA:4249,0
DA:4252,0
DA:4253,0
DA:4254,0
DA:4284,1
DA:4286,1
DA:4287,0
DA:4288,0
DA:4289,0
DA:4292,1
DA:4293,0
DA:4294,0
DA:4295,0
DA:4297,0
DA:4299,0
DA:4300,0
DA:4304,0
DA:4305,0
DA:4306,0
DA:4311,0
DA:4312,0
DA:4313,0
DA:4314,0
DA:4316,0
DA:4317,0
DA:4319,0
DA:4320,0
DA:4333,0
DA:4334,0
DA:4335,0
DA:4336,0
DA:4338,0
DA:4339,0
DA:4340,0
DA:4341,0
DA:4342,0
DA:4343,0
DA:4347,0
DA:4350,0
DA:4351,0
DA:4360,0
DA:4361,0
DA:4365,0
DA:4366,0
DA:4367,0
DA:4368,0
DA:4369,0
DA:4370,0
DA:4371,0
DA:4372,0
DA:4375,0
DA:4378,0
DA:4387,0
DA:4388,0
DA:4389,0
DA:4390,0
DA:4391,0
DA:4393,0
DA:4394,0
DA:4395,0
DA:4396,0
DA:4398,0
DA:4399,0
DA:4402,0
DA:4403,0
DA:4404,0
DA:4405,0
DA:4408,0
DA:4411,0
DA:4412,0
DA:4415,0
DA:4424,0
DA:4425,0
DA:4426,0
DA:4427,0
DA:4428,0
DA:4429,0
DA:4433,0
DA:4436,0
DA:4437,0
DA:4440,0
DA:4442,0
DA:4443,0
DA:4444,0
DA:4446,0
DA:4447,0
DA:4448,0
DA:4450,0
DA:4460,0
DA:4461,0
DA:4462,0
DA:4463,0
DA:4464,0
DA:4465,0
DA:4466,0
DA:4469,0
DA:4470,0
DA:4471,0
DA:4472,0
DA:4473,0
DA:4474,0
DA:4475,0
DA:4478,0
DA:4479,0
DA:4480,0
DA:4481,0
DA:4482,0
DA:4483,0
DA:4484,0
LF:1931
LH:4
BRDA:58,1,0,0
BRDA:58,1,1,0
BRDA:90,2,0,0
BRDA:90,2,1,0
BRDA:92,3,0,0
BRDA:92,3,1,0
BRDA:136,4,0,0
BRDA:136,4,1,0
BRDA:143,5,0,0
BRDA:143,5,1,0
BRDA:144,6,0,0
BRDA:144,6,1,0
BRDA:224,7,0,0
BRDA:224,7,1,0
BRDA:231,8,0,0
BRDA:231,8,1,0
BRDA:231,9,0,0
BRDA:231,9,1,0
BRDA:232,10,0,0
BRDA:232,10,1,0
BRDA:240,11,0,0
BRDA:240,11,1,0
BRDA:269,12,0,0
BRDA:269,12,1,0
BRDA:272,13,0,0
BRDA:272,13,1,0
BRDA:279,14,0,0
BRDA:279,14,1,0
BRDA:289,15,0,0
BRDA:289,15,1,0
BRDA:289,16,0,0
BRDA:289,16,1,0
BRDA:311,17,0,0
BRDA:311,17,1,0
BRDA:312,18,0,0
BRDA:312,18,1,0
BRDA:312,18,2,0
BRDA:340,19,0,0
BRDA:340,19,1,0
BRDA:365,20,0,0
BRDA:365,20,1,0
BRDA:370,21,0,0
BRDA:370,21,1,0
BRDA:402,22,0,0
BRDA:402,22,1,0
BRDA:594,23,0,0
BRDA:594,23,1,0
BRDA:602,24,0,0
BRDA:602,24,1,0
BRDA:605,25,0,0
BRDA:605,25,1,0
BRDA:608,26,0,0
BRDA:608,26,1,0
BRDA:611,27,0,0
BRDA:611,27,1,0
BRDA:616,28,0,0
BRDA:616,28,1,0
BRDA:619,29,0,0
BRDA:619,29,1,0
BRDA:622,30,0,0
BRDA:622,30,1,0
BRDA:628,31,0,0
BRDA:628,31,1,0
BRDA:630,32,0,0
BRDA:630,32,1,0
BRDA:638,33,0,0
BRDA:638,33,1,0
BRDA:642,34,0,0
BRDA:642,34,1,0
BRDA:645,35,0,0
BRDA:645,35,1,0
BRDA:648,36,0,0
BRDA:648,36,1,0
BRDA:651,37,0,0
BRDA:651,37,1,0
BRDA:662,38,0,0
BRDA:662,38,1,0
BRDA:667,39,0,0
BRDA:667,39,1,0
BRDA:672,40,0,0
BRDA:672,40,1,0
BRDA:678,41,0,0
BRDA:678,41,1,0
BRDA:718,42,0,0
BRDA:718,42,1,0
BRDA:745,43,0,0
BRDA:745,43,1,0
BRDA:766,44,0,0
BRDA:766,44,1,0
BRDA:799,45,0,0
BRDA:799,45,1,0
BRDA:804,46,0,0
BRDA:804,46,1,0
BRDA:839,47,0,0
BRDA:839,47,1,0
BRDA:840,48,0,0
BRDA:840,48,1,0
BRDA:840,48,2,0
BRDA:840,48,3,0
BRDA:840,48,4,0
BRDA:923,49,0,0
BRDA:923,49,1,0
BRDA:926,50,0,0
BRDA:926,50,1,0
BRDA:929,51,0,0
BRDA:929,51,1,0
BRDA:932,52,0,0
BRDA:932,52,1,0
BRDA:940,53,0,0
BRDA:940,53,1,0
BRDA:988,54,0,0
BRDA:988,54,1,0
BRDA:990,55,0,0
BRDA:990,55,1,0
BRDA:992,56,0,0
BRDA:992,56,1,0
BRDA:1077,57,0,0
BRDA:1077,57,1,0
BRDA:1113,58,0,0
BRDA:1113,58,1,0
BRDA:1153,59,0,0
BRDA:1153,59,1,0
BRDA:1161,60,0,0
BRDA:1161,60,1,0
BRDA:1165,61,0,0
BRDA:1165,61,1,0
BRDA:1171,62,0,0
BRDA:1171,62,1,0
BRDA:1171,63,0,0
BRDA:1171,63,1,0
BRDA:1183,64,0,0
BRDA:1183,64,1,0
BRDA:1183,65,0,0
BRDA:1183,65,1,0
BRDA:1190,66,0,0
BRDA:1190,66,1,0
BRDA:1193,67,0,0
BRDA:1193,67,1,0
BRDA:1196,68,0,0
BRDA:1196,68,1,0
BRDA:1203,69,0,0
BRDA:1203,69,1,0
BRDA:1212,70,0,0
BRDA:1212,70,1,0
BRDA:1212,71,0,0
BRDA:1212,71,1,0
BRDA:1227,72,0,0
BRDA:1227,72,1,0
BRDA:1227,73,0,0
BRDA:1227,73,1,0
BRDA:1258,74,0,0
BRDA:1258,74,1,0
BRDA:1329,75,0,0
BRDA:1329,75,1,0
BRDA:1436,76,0,0
BRDA:1436,76,1,0
BRDA:1438,77,0,0
BRDA:1438,77,1,0
BRDA:1440,78,0,0
BRDA:1440,78,1,0
BRDA:1467,79,0,0
BRDA:1467,79,1,0
BRDA:1469,80,0,0
BRDA:1469,80,1,0
BRDA:1489,81,0,0
BRDA:1489,81,1,0
BRDA:1491,82,0,0
BRDA:1491,82,1,0
BRDA:1493,83,0,0
BRDA:1493,83,1,0
BRDA:1495,84,0,0
BRDA:1495,84,1,0
BRDA:1555,85,0,0
BRDA:1555,85,1,0
BRDA:1555,86,0,0
BRDA:1555,86,1,0
BRDA:1555,86,2,0
BRDA:1555,86,3,0
BRDA:1555,86,4,0
BRDA:1557,87,0,0
BRDA:1557,87,1,0
BRDA:1560,88,0,0
BRDA:1560,88,1,0
BRDA:1564,89,0,0
BRDA:1564,89,1,0
BRDA:1567,90,0,0
BRDA:1567,90,1,0
BRDA:1571,91,0,0
BRDA:1571,91,1,0
BRDA:1595,92,0,0
BRDA:1595,92,1,0
BRDA:1623,93,0,0
BRDA:1623,93,1,0
BRDA:1641,94,0,0
BRDA:1641,94,1,0
BRDA:1655,95,0,0
BRDA:1655,95,1,0
BRDA:1676,96,0,0
BRDA:1676,96,1,0
BRDA:1678,97,0,0
BRDA:1678,97,1,0
BRDA:1692,98,0,0
BRDA:1692,98,1,0
BRDA:1704,99,0,0
BRDA:1704,99,1,0
BRDA:1714,100,0,0
BRDA:1714,100,1,0
BRDA:1764,101,0,0
BRDA:1764,101,1,0
BRDA:1767,102,0,0
BRDA:1767,102,1,0
BRDA:1785,103,0,0
BRDA:1785,103,1,0
BRDA:1795,104,0,0
BRDA:1795,104,1,0
BRDA:1796,105,0,0
BRDA:1796,105,1,0
BRDA:1806,106,0,0
BRDA:1806,106,1,0
BRDA:1806,107,0,0
BRDA:1806,107,1,0
BRDA:1817,108,0,0
BRDA:1817,108,1,0
BRDA:1833,109,0,0
BRDA:1833,109,1,0
BRDA:1838,110,0,0
BRDA:1838,110,1,0
BRDA:1842,111,0,0
BRDA:1842,111,1,0
BRDA:1866,112,0,0
BRDA:1866,112,1,0
BRDA:1930,113,0,0
BRDA:1930,113,1,0
BRDA:1934,114,0,0
BRDA:1934,114,1,0
BRDA:1938,115,0,0
BRDA:1938,115,1,0
BRDA:1938,116,0,0
BRDA:1938,116,1,0
BRDA:1974,117,0,0
BRDA:1974,117,1,0
BRDA:1992,118,0,0
BRDA:1992,118,1,0
BRDA:1995,119,0,0
BRDA:1995,119,1,0
BRDA:1998,120,0,0
BRDA:1998,120,1,0
BRDA:2004,121,0,0
BRDA:2004,121,1,0
BRDA:2014,122,0,0
BRDA:2014,122,1,0
BRDA:2042,123,0,0
BRDA:2042,123,1,0
BRDA:2044,124,0,0
BRDA:2044,124,1,0
BRDA:2069,125,0,0
BRDA:2069,125,1,0
BRDA:2070,126,0,0
BRDA:2070,126,1,0
BRDA:2077,127,0,0
BRDA:2077,127,1,0
BRDA:2114,128,0,0
BRDA:2114,128,1,0
BRDA:2170,129,0,0
BRDA:2170,129,1,0
BRDA:2172,130,0,0
BRDA:2172,130,1,0
BRDA:2189,131,0,0
BRDA:2189,131,1,0
BRDA:2214,132,0,0
BRDA:2214,132,1,0
BRDA:2215,133,0,0
BRDA:2215,133,1,0
BRDA:2218,134,0,0
BRDA:2218,134,1,0
BRDA:2224,135,0,0
BRDA:2224,135,1,0
BRDA:2300,136,0,0
BRDA:2300,136,1,0
BRDA:2317,137,0,0
BRDA:2317,137,1,0
BRDA:2330,138,0,0
BRDA:2330,138,1,0
BRDA:2336,139,0,0
BRDA:2336,139,1,0
BRDA:2337,140,0,0
BRDA:2337,140,1,0
BRDA:2347,141,0,0
BRDA:2347,141,1,0
BRDA:2383,142,0,0
BRDA:2383,142,1,0
BRDA:2411,143,0,0
BRDA:2411,143,1,0
BRDA:2411,144,0,0
BRDA:2411,144,1,0
BRDA:2414,145,0,0
BRDA:2414,145,1,0
BRDA:2420,146,0,0
BRDA:2420,146,1,0
BRDA:2466,147,0,0
BRDA:2466,147,1,0
BRDA:2476,148,0,0
BRDA:2476,148,1,0
BRDA:2559,149,0,0
BRDA:2559,149,1,0
BRDA:2566,150,0,0
BRDA:2566,150,1,0
BRDA:2569,151,0,0
BRDA:2569,151,1,0
BRDA:2584,152,0,0
BRDA:2584,152,1,0
BRDA:2592,153,0,0
BRDA:2592,153,1,0
BRDA:2606,154,0,0
BRDA:2606,154,1,0
BRDA:2607,155,0,0
BRDA:2607,155,1,0
BRDA:2624,156,0,0
BRDA:2624,156,1,0
BRDA:2625,157,0,0
BRDA:2625,157,1,0
BRDA:2627,158,0,0
BRDA:2627,158,1,0
BRDA:2629,159,0,0
BRDA:2629,159,1,0
BRDA:2631,160,0,0
BRDA:2631,160,1,0
BRDA:2633,161,0,0
BRDA:2633,161,1,0
BRDA:2647,162,0,0
BRDA:2647,162,1,0
BRDA:2657,163,0,0
BRDA:2657,163,1,0
BRDA:2664,164,0,0
BRDA:2664,164,1,0
BRDA:2665,165,0,0
BRDA:2665,165,1,0
BRDA:2665,165,2,0
BRDA:2665,165,3,0
BRDA:2671,166,0,0
BRDA:2671,166,1,0
BRDA:2676,167,0,0
BRDA:2676,167,1,0
BRDA:2677,168,0,0
BRDA:2677,168,1,0
BRDA:2677,168,2,0
BRDA:2683,169,0,0
BRDA:2683,169,1,0
BRDA:2684,170,0,0
BRDA:2684,170,1,0
BRDA:2694,171,0,0
BRDA:2694,171,1,0
BRDA:2706,172,0,0
BRDA:2706,172,1,0
BRDA:2708,173,0,0
BRDA:2708,173,1,0
BRDA:2709,174,0,0
BRDA:2709,174,1,0
BRDA:2713,175,0,0
BRDA:2713,175,1,0
BRDA:2721,176,0,0
BRDA:2721,176,1,0
BRDA:2724,177,0,0
BRDA:2724,177,1,0
BRDA:2728,178,0,0
BRDA:2728,178,1,0
BRDA:2775,179,0,0
BRDA:2775,179,1,0
BRDA:2780,180,0,0
BRDA:2780,180,1,0
BRDA:2782,181,0,0
BRDA:2782,181,1,0
BRDA:2787,182,0,0
BRDA:2787,182,1,0
BRDA:2795,183,0,0
BRDA:2795,183,1,0
BRDA:2807,184,0,0
BRDA:2807,184,1,0
BRDA:2812,185,0,0
BRDA:2812,185,1,0
BRDA:2822,186,0,0
BRDA:2822,186,1,0
BRDA:2832,187,0,0
BRDA:2832,187,1,0
BRDA:2834,188,0,0
BRDA:2834,188,1,0
BRDA:2845,189,0,0
BRDA:2845,189,1,0
BRDA:2846,190,0,0
BRDA:2846,190,1,0
BRDA:2855,191,0,0
BRDA:2855,191,1,0
BRDA:2856,192,0,0
BRDA:2856,192,1,0
BRDA:2857,193,0,0
BRDA:2857,193,1,0
BRDA:2866,194,0,0
BRDA:2866,194,1,0
BRDA:2867,195,0,0
BRDA:2867,195,1,0
BRDA:2868,196,0,0
BRDA:2868,196,1,0
BRDA:2901,197,0,0
BRDA:2901,197,1,0
BRDA:2902,198,0,0
BRDA:2902,198,1,0
BRDA:2912,199,0,0
BRDA:2912,199,1,0
BRDA:2918,200,0,0
BRDA:2918,200,1,0
BRDA:2926,201,0,0
BRDA:2926,201,1,0
BRDA:2932,202,0,0
BRDA:2932,202,1,0
BRDA:2938,203,0,0
BRDA:2938,203,1,0
BRDA:2948,204,0,0
BRDA:2948,204,1,0
BRDA:2968,205,0,0
BRDA:2968,205,1,0
BRDA:2968,206,0,0
BRDA:2968,206,1,0
BRDA:2972,207,0,0
BRDA:2972,207,1,0
BRDA:2988,208,0,0
BRDA:2988,208,1,0
BRDA:2989,209,0,0
BRDA:2989,209,1,0
BRDA:3044,210,0,0
BRDA:3044,210,1,0
BRDA:3057,211,0,0
BRDA:3057,211,1,0
BRDA:3073,212,0,0
BRDA:3073,212,1,0
BRDA:3112,213,0,0
BRDA:3112,213,1,0
BRDA:3167,214,0,0
BRDA:3167,214,1,0
BRDA:3184,215,0,0
BRDA:3184,215,1,0
BRDA:3187,216,0,0
BRDA:3187,216,1,0
BRDA:3194,217,0,0
BRDA:3194,217,1,0
BRDA:3197,218,0,0
BRDA:3197,218,1,0
BRDA:3208,219,0,0
BRDA:3208,219,1,0
BRDA:3232,220,0,0
BRDA:3232,220,1,0
BRDA:3249,221,0,0
BRDA:3249,221,1,0
BRDA:3266,222,0,0
BRDA:3266,222,1,0
BRDA:3273,223,0,0
BRDA:3273,223,1,0
BRDA:3279,224,0,0
BRDA:3279,224,1,0
BRDA:3299,225,0,0
BRDA:3299,225,1,0
BRDA:3299,226,0,0
BRDA:3299,226,1,0
BRDA:3315,227,0,0
BRDA:3315,227,1,0
BRDA:3315,228,0,0
BRDA:3315,228,1,0
BRDA:3316,229,0,0
BRDA:3316,229,1,0
BRDA:3322,230,0,0
BRDA:3322,230,1,0
BRDA:3359,231,0,0
BRDA:3359,231,1,0
BRDA:3384,232,0,0
BRDA:3384,232,1,0
BRDA:3386,233,0,0
BRDA:3386,233,1,0
BRDA:3389,234,0,0
BRDA:3389,234,1,0
BRDA:3391,235,0,0
BRDA:3391,235,1,0
BRDA:3401,236,0,0
BRDA:3401,236,1,0
BRDA:3460,237,0,0
BRDA:3460,237,1,0
BRDA:3475,238,0,0
BRDA:3475,238,1,0
BRDA:3484,239,0,0
BRDA:3484,239,1,0
BRDA:3495,240,0,0
BRDA:3495,240,1,0
BRDA:3502,241,0,0
BRDA:3502,241,1,0
BRDA:3520,242,0,0
BRDA:3520,242,1,0
BRDA:3544,243,0,0
BRDA:3544,243,1,0
BRDA:3642,244,0,0
BRDA:3642,244,1,0
BRDA:3646,245,0,0
BRDA:3646,245,1,0
BRDA:3651,246,0,0
BRDA:3651,246,1,0
BRDA:3668,247,0,0
BRDA:3668,247,1,0
BRDA:3673,248,0,0
BRDA:3673,248,1,0
BRDA:3676,249,0,0
BRDA:3676,249,1,0
BRDA:3682,250,0,0
BRDA:3682,250,1,0
BRDA:3767,251,0,0
BRDA:3767,251,1,0
BRDA:3775,252,0,0
BRDA:3775,252,1,0
BRDA:3794,253,0,0
BRDA:3794,253,1,0
BRDA:3805,254,0,0
BRDA:3805,254,1,0
BRDA:3816,255,0,0
BRDA:3816,255,1,0
BRDA:3823,256,0,0
BRDA:3823,256,1,0
BRDA:3857,257,0,0
BRDA:3857,257,1,0
BRDA:3860,258,0,0
BRDA:3860,258,1,0
BRDA:3885,259,0,0
BRDA:3885,259,1,0
BRDA:3905,260,0,0
BRDA:3905,260,1,0
BRDA:3906,261,0,0
BRDA:3906,261,1,0
BRDA:3921,262,0,0
BRDA:3921,262,1,0
BRDA:3922,263,0,0
BRDA:3922,263,1,0
BRDA:3922,263,2,0
BRDA:3922,263,3,0
BRDA:3922,263,4,0
BRDA:3922,263,5,0
BRDA:3922,263,6,0
BRDA:3922,263,7,0
BRDA:3922,263,8,0
BRDA:3922,263,9,0
BRDA:3976,264,0,0
BRDA:3976,264,1,0
BRDA:4008,265,0,0
BRDA:4008,265,1,0
BRDA:4011,266,0,0
BRDA:4011,266,1,0
BRDA:4035,267,0,0
BRDA:4035,267,1,0
BRDA:4106,268,0,0
BRDA:4106,268,1,0
BRDA:4137,269,0,0
BRDA:4137,269,1,0
BRDA:4143,270,0,0
BRDA:4143,270,1,0
BRDA:4149,271,0,0
BRDA:4149,271,1,0
BRDA:4155,272,0,0
BRDA:4155,272,1,0
BRDA:4161,273,0,0
BRDA:4161,273,1,0
BRDA:4172,274,0,0
BRDA:4172,274,1,0
BRDA:4185,275,0,0
BRDA:4185,275,1,0
BRDA:4192,276,0,0
BRDA:4192,276,1,0
BRDA:4234,277,0,0
BRDA:4234,277,1,0
BRDA:4236,278,0,0
BRDA:4236,278,1,0
BRDA:4338,279,0,0
BRDA:4338,279,1,0
BRDA:4338,280,0,0
BRDA:4338,280,1,0
BRDA:4360,281,0,0
BRDA:4360,281,1,0
BRDA:4395,282,0,0
BRDA:4395,282,1,0
BRDA:4403,283,0,0
BRDA:4403,283,1,0
BRDA:4403,284,0,0
BRDA:4403,284,1,0
BRDA:4411,285,0,0
BRDA:4411,285,1,0
BRF:588
BRH:0
end_of_record
